#
# A fatal error has been detected by the Java Runtime Environment:
#
#  EXCEPTION_ACCESS_VIOLATION (0xc0000005) at pc=0x000001f19567757c, pid=7672, tid=14964
#
# JRE version: OpenJDK Runtime Environment Temurin-17.0.11+9 (17.0.11+9) (build 17.0.11+9)
# Java VM: OpenJDK 64-Bit Server VM Temurin-17.0.11+9 (17.0.11+9, mixed mode, tiered, compressed oops, compressed class ptrs, parallel gc, windows-amd64)
# Problematic frame:
# J 18825 c2 org.eclipse.jdt.internal.core.util.PublicScanner.translateTokenToTerminalSymbol(I)I (1980 bytes) @ 0x000001f19567757c [0x000001f1956774a0+0x00000000000000dc]
#
# No core dump will be written. Minidumps are not enabled by default on client versions of Windows
#
# If you would like to submit a bug report, please visit:
#   https://github.com/adoptium/adoptium-support/issues
#

---------------  S U M M A R Y ------------

Command Line: --add-modules=ALL-SYSTEM --add-opens=java.base/java.util=ALL-UNNAMED --add-opens=java.base/java.lang=ALL-UNNAMED --add-opens=java.base/sun.nio.fs=ALL-UNNAMED -Declipse.application=org.eclipse.jdt.ls.core.id1 -Dosgi.bundles.defaultStartLevel=4 -Declipse.product=org.eclipse.jdt.ls.core.product -Djava.import.generatesMetadataFilesAtProjectRoot=false -DDetectVMInstallationsJob.disabled=true -Dfile.encoding=utf8 -XX:+UseParallelGC -XX:GCTimeRatio=4 -XX:AdaptiveSizePolicyWeight=90 -Dsun.zip.disableMemoryMapping=true -Xmx1G -Xms100m -Xlog:disable -javaagent:c:\Users\user\.vscode\extensions\redhat.java-1.33.0-win32-x64\lombok\lombok-1.18.33.jar -XX:+HeapDumpOnOutOfMemoryError -XX:HeapDumpPath=c:\Users\user\AppData\Roaming\Code\User\workspaceStorage\4c3f05e5e1a0e64a882b027ab0a2b8de\redhat.java -Daether.dependencyCollector.impl=bf c:\Users\user\.vscode\extensions\redhat.java-1.33.0-win32-x64\server\plugins\org.eclipse.equinox.launcher_1.6.900.v20240613-2009.jar -configuration c:\Users\user\AppData\Roaming\Code\User\globalStorage\redhat.java\1.33.0\config_win -data c:\Users\user\AppData\Roaming\Code\User\workspaceStorage\4c3f05e5e1a0e64a882b027ab0a2b8de\redhat.java\jdt_ws --pipe=\\.\pipe\lsp-d35f921be025d486a92e84441add4e80-sock

Host: Intel(R) Core(TM) i5-10310U CPU @ 1.70GHz, 8 cores, 15G,  Windows 11 , 64 bit Build 22621 (10.0.22621.3527)
Time: Tue Aug 20 22:05:33 2024 Eastern Summer Time elapsed time: 32471.601663 seconds (0d 9h 1m 11s)

---------------  T H R E A D  ---------------

Current thread (0x000001f1a7a22910):  JavaThread "ForkJoinPool.commonPool-worker-73" daemon [_thread_in_Java, id=14964, stack(0x00000046ece00000,0x00000046ecf00000)]

Stack: [0x00000046ece00000,0x00000046ecf00000],  sp=0x00000046ecefee00,  free space=1019k
Native frames: (J=compiled Java code, j=interpreted, Vv=VM code, C=native code)
C  0x000001f19567757c

The last pc belongs to nmethod (printed below).

siginfo: EXCEPTION_ACCESS_VIOLATION (0xc0000005), writing address 0x0000000000000191


Registers:
RAX=0x0000000000000191, RBX=0x0000000000000f3c, RCX=0x0000000000000004, RDX=0x00000000c570c8a8
RSP=0x00000046ecefee00, RBP=0x00000000c570cf18, RSI=0x00000000eab4a550, RDI=0x00000000c0b4af08
R8 =0x0000000000000018, R9 =0x0000000000000028, R10=0x00000000c570c8b8, R11=0x0000000000000000
R12=0x0000000000000000, R13=0x00000000c570c8b8, R14=0x00000000c26eaf00, R15=0x000001f1a7a22910
RIP=0x000001f19567757c, EFLAGS=0x0000000000010246


Register to memory mapping:

RIP=0x000001f19567757c is at entry_point+220 in (nmethod*)0x000001f195677110
Compiled method (c2) 32471611 18825       4       org.eclipse.jdt.internal.core.util.PublicScanner::translateTokenToTerminalSymbol (1980 bytes)
 total in heap  [0x000001f195677110,0x000001f1956780e0] = 4048
 relocation     [0x000001f195677268,0x000001f195677330] = 200
 constants      [0x000001f195677340,0x000001f1956774a0] = 352
 main code      [0x000001f1956774a0,0x000001f195677ea0] = 2560
 stub code      [0x000001f195677ea0,0x000001f195677f20] = 128
 oops           [0x000001f195677f20,0x000001f195677f28] = 8
 metadata       [0x000001f195677f28,0x000001f195677f40] = 24
 scopes data    [0x000001f195677f40,0x000001f195677f88] = 72
 scopes pcs     [0x000001f195677f88,0x000001f195678028] = 160
 dependencies   [0x000001f195678028,0x000001f195678038] = 16
 handler table  [0x000001f195678038,0x000001f1956780e0] = 168
RAX=0x0000000000000191 is an unknown value
RBX=0x0000000000000f3c is an unknown value
RCX=0x0000000000000004 is an unknown value
RDX=0x00000000c570c8a8 is an oop: org.eclipse.jdt.internal.core.util.PublicScanner 
{0x00000000c570c8a8} - klass: 'org/eclipse/jdt/internal/core/util/PublicScanner'
 - ---- fields (total size 2 words):
 - private final 'delegate' 'Lorg/eclipse/jdt/internal/compiler/parser/Scanner;' @12  a 'org/eclipse/jdt/internal/compiler/parser/Scanner'{0x00000000c570c8b8} (c570c8b8)
RSP=0x00000046ecefee00 is pointing into the stack for thread: 0x000001f1a7a22910
RBP=0x00000000c570cf18 is an oop: [I 
{0x00000000c570cf18} - klass: {type array int}
 - length: 2
RSI=0x00000000eab4a550 is an oop: [C 
{0x00000000eab4a550} - klass: {type array char}
 - length: 3900
RDI=0x00000000c0b4af08 is an oop: [I 
{0x00000000c0b4af08} - klass: {type array int}
 - length: 128
R8 =0x0000000000000018 is an unknown value
R9 =0x0000000000000028 is an unknown value
R10=0x00000000c570c8b8 is an oop: org.eclipse.jdt.internal.compiler.parser.Scanner 
{0x00000000c570c8b8} - klass: 'org/eclipse/jdt/internal/compiler/parser/Scanner'
 - ---- fields (total size 26 words):
 - public 'startPosition' 'I' @12  1151 (47f)
 - public 'sourceLevel' 'J' @16  3080192 (2f0000 0)
 - public 'complianceLevel' 'J' @24  4259840 (410000 0)
 - public 'currentPosition' 'I' @32  1152 (480)
 - public 'initialPosition' 'I' @36  0
 - public 'eofPosition' 'I' @40  3901 (f3d)
 - public 'withoutUnicodePtr' 'I' @44  0
 - public 'commentPtr' 'I' @48  -1 (ffffffff)
 - public 'lastCommentLinePosition' 'I' @52  2324 (914)
 - public 'foundTaskCount' 'I' @56  0
 - public 'linePtr' 'I' @60  25 (19)
 - public 'caseStartPosition' 'I' @64  -1 (ffffffff)
 - 'yieldColons' 'I' @68  -1 (ffffffff)
 - protected 'nlsTagsPtr' 'I' @72  0
 - protected 'lastPosition' 'I' @76  0
 - protected 'nextToken' 'I' @80  0
 - protected 'textBlockOffset' 'I' @84  -1 (ffffffff)
 - private 'jumpingOverEmbeddedExpression' 'I' @88  0
 - public 'currentCharacter' 'C' @92  ( 40 (28)
 - public 'useAssertAsAnIndentifier' 'Z' @94  false
 - public 'containsAssertKeyword' 'Z' @95  false
 - public 'previewEnabled' 'Z' @96  true
 - public 'useEnumAsAnIndentifier' 'Z' @97  false
 - public 'recordLineSeparator' 'Z' @98  true
 - public 'skipComments' 'Z' @99  false
 - public 'tokenizeComments' 'Z' @100  true
 - public 'tokenizeWhiteSpace' 'Z' @101  false
 - public 'unicodeAsBackSlash' 'Z' @102  false
 - public 'scanningFloatLiteral' 'Z' @103  false
 - public 'isTaskCaseSensitive' 'Z' @104  true
 - public 'diet' 'Z' @105  false
 - public 'wasAcr' 'Z' @106  false
 - public 'fakeInModule' 'Z' @107  false
 - 'inCondition' 'Z' @108  false
 - 'breakPreviewAllowed' 'Z' @109  false
 - protected 'insideModuleInfo' 'Z' @110  false
 - public 'checkUninternedIdentityComparison' 'Z' @111  false
 - public 'checkNonExternalizedStringLiterals' 'Z' @112  false
 - public 'returnOnlyGreater' 'Z' @113  false
 - public 'insideRecovery' 'Z' @114  false
 - private 'consumingEllipsisAnnotations' 'Z' @115  false
 - protected 'multiCaseLabelComma' 'Z' @116  false
 - public 'source' '[C' @120  [C{0x00000000eab4a550} (eab4a550)
 - public 'withoutUnicodeBuffer' '[C' @124  NULL (0)
 - public 'commentStops' '[I' @128  [I{0x00000000c570c988} (c570c988)
 - public 'commentStarts' '[I' @132  [I{0x00000000c570ca10} (c570ca10)
 - public 'commentTagStarts' '[I' @136  [I{0x00000000c570ca98} (c570ca98)
 - public 'foundTaskTags' '[[C' @140  NULL (0)
 - public 'foundTaskMessages' '[[C' @144  NULL (0)
 - public 'foundTaskPriorities' '[[C' @148  NULL (0)
 - public 'foundTaskPositions' '[[I' @152  NULL (0)
 - public 'taskTags' '[[C' @156  NULL (0)
 - public 'taskPriorities' '[[C' @160  NULL (0)
 - public 'lineEnds' '[I' @164  [I{0x00000000c570cb20} (c570cb20)
 - protected 'scanContext' 'Lorg/eclipse/jdt/internal/compiler/parser/Scanner$ScanContext;' @168  a 'org/eclipse/jdt/internal/compiler/parser/Scanner$ScanContext'{0x00000000c26eaf00} (c26eaf00)
 - public 'validIdentityComparisonLines' '[Z' @172  NULL (0)
 - private 'nlsTags' '[Lorg/eclipse/jdt/internal/compiler/parser/NLSTag;' @176  NULL (0)
 - 'lookBack' '[I' @180  [I{0x00000000c570cf18} (c570cf18)
 - private 'vanguardScanner' 'Lorg/eclipse/jdt/internal/compiler/parser/Scanner$VanguardScanner;' @184  NULL (0)
 - private 'vanguardParser' 'Lorg/eclipse/jdt/internal/compiler/parser/Scanner$VanguardParser;' @188  NULL (0)
 - 'activeParser' 'Lorg/eclipse/jdt/internal/compiler/parser/ConflictedParser;' @192  NULL (0)
 - private final 'deduplication' 'Lorg/eclipse/jdt/internal/compiler/util/CharDeduplication;' @196  a 'org/eclipse/jdt/internal/compiler/util/CharDeduplication'{0x00000000c544d9c8} (c544d9c8)
 - 'templateComponents' 'Ljava/util/List;' @200  NULL (0)
R11=0x0 is NULL
R12=0x0 is NULL
R13=0x00000000c570c8b8 is an oop: org.eclipse.jdt.internal.compiler.parser.Scanner 
{0x00000000c570c8b8} - klass: 'org/eclipse/jdt/internal/compiler/parser/Scanner'
 - ---- fields (total size 26 words):
 - public 'startPosition' 'I' @12  1151 (47f)
 - public 'sourceLevel' 'J' @16  3080192 (2f0000 0)
 - public 'complianceLevel' 'J' @24  4259840 (410000 0)
 - public 'currentPosition' 'I' @32  1152 (480)
 - public 'initialPosition' 'I' @36  0
 - public 'eofPosition' 'I' @40  3901 (f3d)
 - public 'withoutUnicodePtr' 'I' @44  0
 - public 'commentPtr' 'I' @48  -1 (ffffffff)
 - public 'lastCommentLinePosition' 'I' @52  2324 (914)
 - public 'foundTaskCount' 'I' @56  0
 - public 'linePtr' 'I' @60  25 (19)
 - public 'caseStartPosition' 'I' @64  -1 (ffffffff)
 - 'yieldColons' 'I' @68  -1 (ffffffff)
 - protected 'nlsTagsPtr' 'I' @72  0
 - protected 'lastPosition' 'I' @76  0
 - protected 'nextToken' 'I' @80  0
 - protected 'textBlockOffset' 'I' @84  -1 (ffffffff)
 - private 'jumpingOverEmbeddedExpression' 'I' @88  0
 - public 'currentCharacter' 'C' @92  ( 40 (28)
 - public 'useAssertAsAnIndentifier' 'Z' @94  false
 - public 'containsAssertKeyword' 'Z' @95  false
 - public 'previewEnabled' 'Z' @96  true
 - public 'useEnumAsAnIndentifier' 'Z' @97  false
 - public 'recordLineSeparator' 'Z' @98  true
 - public 'skipComments' 'Z' @99  false
 - public 'tokenizeComments' 'Z' @100  true
 - public 'tokenizeWhiteSpace' 'Z' @101  false
 - public 'unicodeAsBackSlash' 'Z' @102  false
 - public 'scanningFloatLiteral' 'Z' @103  false
 - public 'isTaskCaseSensitive' 'Z' @104  true
 - public 'diet' 'Z' @105  false
 - public 'wasAcr' 'Z' @106  false
 - public 'fakeInModule' 'Z' @107  false
 - 'inCondition' 'Z' @108  false
 - 'breakPreviewAllowed' 'Z' @109  false
 - protected 'insideModuleInfo' 'Z' @110  false
 - public 'checkUninternedIdentityComparison' 'Z' @111  false
 - public 'checkNonExternalizedStringLiterals' 'Z' @112  false
 - public 'returnOnlyGreater' 'Z' @113  false
 - public 'insideRecovery' 'Z' @114  false
 - private 'consumingEllipsisAnnotations' 'Z' @115  false
 - protected 'multiCaseLabelComma' 'Z' @116  false
 - public 'source' '[C' @120  [C{0x00000000eab4a550} (eab4a550)
 - public 'withoutUnicodeBuffer' '[C' @124  NULL (0)
 - public 'commentStops' '[I' @128  [I{0x00000000c570c988} (c570c988)
 - public 'commentStarts' '[I' @132  [I{0x00000000c570ca10} (c570ca10)
 - public 'commentTagStarts' '[I' @136  [I{0x00000000c570ca98} (c570ca98)
 - public 'foundTaskTags' '[[C' @140  NULL (0)
 - public 'foundTaskMessages' '[[C' @144  NULL (0)
 - public 'foundTaskPriorities' '[[C' @148  NULL (0)
 - public 'foundTaskPositions' '[[I' @152  NULL (0)
 - public 'taskTags' '[[C' @156  NULL (0)
 - public 'taskPriorities' '[[C' @160  NULL (0)
 - public 'lineEnds' '[I' @164  [I{0x00000000c570cb20} (c570cb20)
 - protected 'scanContext' 'Lorg/eclipse/jdt/internal/compiler/parser/Scanner$ScanContext;' @168  a 'org/eclipse/jdt/internal/compiler/parser/Scanner$ScanContext'{0x00000000c26eaf00} (c26eaf00)
 - public 'validIdentityComparisonLines' '[Z' @172  NULL (0)
 - private 'nlsTags' '[Lorg/eclipse/jdt/internal/compiler/parser/NLSTag;' @176  NULL (0)
 - 'lookBack' '[I' @180  [I{0x00000000c570cf18} (c570cf18)
 - private 'vanguardScanner' 'Lorg/eclipse/jdt/internal/compiler/parser/Scanner$VanguardScanner;' @184  NULL (0)
 - private 'vanguardParser' 'Lorg/eclipse/jdt/internal/compiler/parser/Scanner$VanguardParser;' @188  NULL (0)
 - 'activeParser' 'Lorg/eclipse/jdt/internal/compiler/parser/ConflictedParser;' @192  NULL (0)
 - private final 'deduplication' 'Lorg/eclipse/jdt/internal/compiler/util/CharDeduplication;' @196  a 'org/eclipse/jdt/internal/compiler/util/CharDeduplication'{0x00000000c544d9c8} (c544d9c8)
 - 'templateComponents' 'Ljava/util/List;' @200  NULL (0)
R14=0x00000000c26eaf00 is an oop: org.eclipse.jdt.internal.compiler.parser.Scanner$ScanContext 
{0x00000000c26eaf00} - klass: 'org/eclipse/jdt/internal/compiler/parser/Scanner$ScanContext'
 - ---- fields (total size 3 words):
 - private final 'ordinal' 'I' @12  3
 - private final 'name' 'Ljava/lang/String;' @16  "INACTIVE"{0x00000000c26eadf8} (c26eadf8)
R15=0x000001f1a7a22910 is a thread


Top of Stack: (sp=0x00000046ecefee00)
0x00000046ecefee00:   000000010000000e 0000000900000001
0x00000046ecefee10:   00000000c570cf18 000001f196984d54
0x00000046ecefee20:   00000000eab27728 00000000eab26d30
0x00000046ecefee30:   00000000c00027f0 00000000c06238c0
0x00000046ecefee40:   000001f1a7a22910 00000000eab26dc0
0x00000046ecefee50:   00000000eab26dd0 00000000eab269c0
0x00000046ecefee60:   00000000eab4a4e0 00000000c570c8a8
0x00000046ecefee70:   00000000eab4a520 00000000c570c8a8
0x00000046ecefee80:   000000000000001b 00000000c570c8b8
0x00000046ecefee90:   ffffffffffffffff ffffffffffffffff
0x00000046ecefeea0:   00000000eab4c3d8 0000000000000000
0x00000046ecefeeb0:   0000000000000008 000001f1960c1411
0x00000046ecefeec0:   00000000c0c47810 000001f194fe83b9
0x00000046ecefeed0:   0000000000000001 00000000eab269c0
0x00000046ecefeee0:   0000042500000034 ffffffffffffffff
0x00000046ecefeef0:   000000000000001b 00000000c0623708
0x00000046ecefef00:   00000000c0d51e18 00000000eab26ce0
0x00000046ecefef10:   0000000000000001 000001f18db00214
0x00000046ecefef20:   00000000eab26da8 00000000eab26da8
0x00000046ecefef30:   00000000c0004400 0000000000000000
0x00000046ecefef40:   00000000c0c478a0 000001f196700bbc
0x00000046ecefef50:   00000000eb35d6c8 000001f100000000
0x00000046ecefef60:   00000000eb6911c0 000001f19609d6c8
0x00000046ecefef70:   0000000400000001 0000000000000001
0x00000046ecefef80:   0000000000000037 00000000c0c47810
0x00000046ecefef90:   00000000c0c47ec8 00000000eab2d378
0x00000046ecefefa0:   00000000eab269c0 00000000eab26dc0
0x00000046ecefefb0:   00000000eab26dd0 00000000eab4a4e0
0x00000046ecefefc0:   0000000000000009 00000000c06238c0
0x00000046ecefefd0:   0000000000000001 00000000eab26da8
0x00000046ecefefe0:   0000000000000001 000001f196723ec8
0x00000046ecefeff0:   0000000000000001 000001f18f212a54 

Instructions: (pc=0x000001f19567757c)
0x000001f19567747c:   f1 01 00 00 0f 7d 67 95 f1 01 00 00 05 7d 67 95
0x000001f19567748c:   f1 01 00 00 f9 7c 67 95 f1 01 00 00 ef 7c 67 95
0x000001f19567749c:   f1 01 00 00 44 8b 52 08 49 c1 e2 03 49 3b c2 0f
0x000001f1956774ac:   85 cf 98 98 ff 66 66 90 0f 1f 84 00 00 00 00 00
0x000001f1956774bc:   66 66 66 90 89 84 24 00 90 ff ff 55 48 83 ec 10
0x000001f1956774cc:   41 83 f8 16 75 18 b8 05 00 00 00 48 83 c4 10 5d
0x000001f1956774dc:   49 3b a7 50 03 00 00 0f 87 86 09 00 00 c3 41 83
0x000001f1956774ec:   f8 01 0f 84 88 01 00 00 41 83 f8 21 0f 84 88 01
0x000001f1956774fc:   00 00 b8 91 01 00 00 41 83 f8 21 0f 8d ad 00 00
0x000001f19567750c:   00 41 83 f8 19 75 07 b8 56 00 00 00 eb bd 66 0f
0x000001f19567751c:   1f 44 00 00 41 83 f8 19 0f 8d 7c 00 00 00 41 83
0x000001f19567752c:   f8 18 0f 84 48 00 00 00 41 83 f8 0b 0f 84 54 00
0x000001f19567753c:   00 00 66 90 41 83 f8 0b 0f 8c 05 02 00 00 41 83
0x000001f19567754c:   f8 0f 0f 84 34 00 00 00 41 83 f8 0f 7d 1a 66 0f
0x000001f19567755c:   1f 44 00 00 41 83 f8 0e 0f 85 bc 03 00 00 b8 0b
0x000001f19567756c:   00 00 00 e9 63 ff ff ff 41 83 f8 11 0f 85 07 03
0x000001f19567757c:   00 00 b8 0c 00 00 00 e9 4f ff ff ff b8 44 00 00
0x000001f19567758c:   00 e9 45 ff ff ff b8 45 00 00 00 e9 3b ff ff ff
0x000001f19567759c:   b8 07 00 00 00 e9 31 ff ff ff 41 83 f8 1a 0f 85
0x000001f1956775ac:   ea 00 00 00 b8 40 00 00 00 e9 1d ff ff ff 66 0f
0x000001f1956775bc:   1f 44 00 00 41 83 f8 4e 0f 84 c6 00 00 00 41 83
0x000001f1956775cc:   f8 4e 7d 19 41 83 c0 de 4d 63 d0 49 c1 e2 03 49
0x000001f1956775dc:   b8 40 73 67 95 f1 01 00 00 43 ff 24 10 41 83 f8
0x000001f1956775ec:   70 75 0a b8 bf 00 00 00 e9 de fe ff ff 0f 1f 80
0x000001f1956775fc:   00 00 00 00 41 83 f8 70 0f 8d 5b 00 00 00 41 83
0x000001f19567760c:   f8 58 0f 84 45 00 00 00 41 83 f8 58 0f 8c 47 01
0x000001f19567761c:   00 00 66 90 41 83 f8 5b 0f 84 bb 00 00 00 41 83
0x000001f19567762c:   f8 5b 7d 15 41 83 f8 59 0f 85 40 02 00 00 b8 7f
0x000001f19567763c:   00 00 00 90 e9 92 fe ff ff 41 83 f8 6c 0f 85 eb
0x000001f19567764c:   01 00 00 b8 e1 00 00 00 e9 7e fe ff ff b8 7c 00
0x000001f19567765c:   00 00 66 90 e9 72 fe ff ff 41 81 f8 e9 03 00 00
0x000001f19567766c:   0f 85 42 00 00 00 b8 e9 03 00 00 e9 5b fe ff ff 


Stack slot to memory mapping:
stack at sp + 0 slots: 0x000000010000000e is pointing into metadata
stack at sp + 1 slots: 0x0000000900000001 is an unknown value
stack at sp + 2 slots: 0x00000000c570cf18 is an oop: [I 
{0x00000000c570cf18} - klass: {type array int}
 - length: 2
stack at sp + 3 slots: 0x000001f196984d54 is at entry_point+1460 in (nmethod*)0x000001f196984410
Compiled method (c2) 32471654 24744   !   4       org.eclipse.jdt.ls.core.internal.handlers.FoldingRangeHandler::computeFoldingRanges (567 bytes)
 total in heap  [0x000001f196984410,0x000001f19698a800] = 25584
 relocation     [0x000001f196984568,0x000001f196984790] = 552
 main code      [0x000001f1969847a0,0x000001f196987ac0] = 13088
 stub code      [0x000001f196987ac0,0x000001f196987b70] = 176
 oops           [0x000001f196987b70,0x000001f196987bd8] = 104
 metadata       [0x000001f196987bd8,0x000001f196987ee0] = 776
 scopes data    [0x000001f196987ee0,0x000001f196989da8] = 7880
 scopes pcs     [0x000001f196989da8,0x000001f19698a3a8] = 1536
 dependencies   [0x000001f19698a3a8,0x000001f19698a488] = 224
 handler table  [0x000001f19698a488,0x000001f19698a770] = 744
 nul chk table  [0x000001f19698a770,0x000001f19698a800] = 144
stack at sp + 4 slots: 0x00000000eab27728 is an oop: java.lang.String 
{0x00000000eab27728} - klass: 'java/lang/String'
 - string: "/c:/Users/user/Desktop/Personal Projects/LB_Books/lb_books_server/src/main/java/com/example/lb_books_server/controllers/BookController.java"
stack at sp + 5 slots: 0x00000000eab26d30 is an oop: java.util.HashMap$KeyIterator 
{0x00000000eab26d30} - klass: 'java/util/HashMap$KeyIterator'
 - ---- fields (total size 5 words):
 - 'expectedModCount' 'I' @12  0
 - 'index' 'I' @16  0
 - 'next' 'Ljava/util/HashMap$Node;' @20  NULL (0)
 - 'current' 'Ljava/util/HashMap$Node;' @24  NULL (0)
 - final synthetic 'this$0' 'Ljava/util/HashMap;' @28  a 'java/util/HashMap'{0x00000000c0623a28} (c0623a28)
 - final synthetic 'this$0' 'Ljava/util/HashMap;' @32  a 'java/util/HashMap'{0x00000000c0623a28} (c0623a28)
stack at sp + 6 slots: 0x00000000c00027f0 is an oop: java.lang.CharacterDataLatin1 
{0x00000000c00027f0} - klass: 'java/lang/CharacterDataLatin1'
 - ---- fields (total size 2 words):
stack at sp + 7 slots: 0x00000000c06238c0 is an oop: java.lang.Object 
{0x00000000c06238c0} - klass: 'java/lang/Object'
 - ---- fields (total size 2 words):


Compiled method (c2) 32471657 18825       4       org.eclipse.jdt.internal.core.util.PublicScanner::translateTokenToTerminalSymbol (1980 bytes)
 total in heap  [0x000001f195677110,0x000001f1956780e0] = 4048
 relocation     [0x000001f195677268,0x000001f195677330] = 200
 constants      [0x000001f195677340,0x000001f1956774a0] = 352
 main code      [0x000001f1956774a0,0x000001f195677ea0] = 2560
 stub code      [0x000001f195677ea0,0x000001f195677f20] = 128
 oops           [0x000001f195677f20,0x000001f195677f28] = 8
 metadata       [0x000001f195677f28,0x000001f195677f40] = 24
 scopes data    [0x000001f195677f40,0x000001f195677f88] = 72
 scopes pcs     [0x000001f195677f88,0x000001f195678028] = 160
 dependencies   [0x000001f195678028,0x000001f195678038] = 16
 handler table  [0x000001f195678038,0x000001f1956780e0] = 168


[Constant Pool]
             Address          hex4                    hex8      
  0x000001f195677340:   0x95677ce5      0x000001f195677ce5      
  0x000001f195677344:   0x000001f1                              
  0x000001f195677348:   0x956774d7      0x000001f1956774d7      
  0x000001f19567734c:   0x000001f1                              
  0x000001f195677350:   0x95677e65      0x000001f195677e65      
  0x000001f195677354:   0x000001f1                              
  0x000001f195677358:   0x95677ccf      0x000001f195677ccf      
  0x000001f19567735c:   0x000001f1                              
  0x000001f195677360:   0x95677caf      0x000001f195677caf      
  0x000001f195677364:   0x000001f1                              
  0x000001f195677368:   0x95677e59      0x000001f195677e59      
  0x000001f19567736c:   0x000001f1                              
  0x000001f195677370:   0x95677e4f      0x000001f195677e4f      
  0x000001f195677374:   0x000001f1                              
  0x000001f195677378:   0x95677e45      0x000001f195677e45      
  0x000001f19567737c:   0x000001f1                              
  0x000001f195677380:   0x95677c8f      0x000001f195677c8f      
  0x000001f195677384:   0x000001f1                              
  0x000001f195677388:   0x95677e39      0x000001f195677e39      
  0x000001f19567738c:   0x000001f1                              
  0x000001f195677390:   0x95677e2f      0x000001f195677e2f      
  0x000001f195677394:   0x000001f1                              
  0x000001f195677398:   0x95677e25      0x000001f195677e25      
  0x000001f19567739c:   0x000001f1                              
  0x000001f1956773a0:   0x95677e19      0x000001f195677e19      
  0x000001f1956773a4:   0x000001f1                              
  0x000001f1956773a8:   0x95677e0f      0x000001f195677e0f      
  0x000001f1956773ac:   0x000001f1                              
  0x000001f1956773b0:   0x95677cc5      0x000001f195677cc5      
  0x000001f1956773b4:   0x000001f1                              
  0x000001f1956773b8:   0x95677e05      0x000001f195677e05      
  0x000001f1956773bc:   0x000001f1                              
  0x000001f1956773c0:   0x95677c99      0x000001f195677c99      
  0x000001f1956773c4:   0x000001f1                              
  0x000001f1956773c8:   0x95677df9      0x000001f195677df9      
  0x000001f1956773cc:   0x000001f1                              
  0x000001f1956773d0:   0x95677def      0x000001f195677def      
  0x000001f1956773d4:   0x000001f1                              
  0x000001f1956773d8:   0x95677de5      0x000001f195677de5      
  0x000001f1956773dc:   0x000001f1                              
  0x000001f1956773e0:   0x95677ca5      0x000001f195677ca5      
  0x000001f1956773e4:   0x000001f1                              
  0x000001f1956773e8:   0x95677dd9      0x000001f195677dd9      
  0x000001f1956773ec:   0x000001f1                              
  0x000001f1956773f0:   0x95677dcf      0x000001f195677dcf      
  0x000001f1956773f4:   0x000001f1                              
  0x000001f1956773f8:   0x95677dc5      0x000001f195677dc5      
  0x000001f1956773fc:   0x000001f1                              
  0x000001f195677400:   0x95677db9      0x000001f195677db9      
  0x000001f195677404:   0x000001f1                              
  0x000001f195677408:   0x95677cb9      0x000001f195677cb9      
  0x000001f19567740c:   0x000001f1                              
  0x000001f195677410:   0x95677daf      0x000001f195677daf      
  0x000001f195677414:   0x000001f1                              
  0x000001f195677418:   0x95677da5      0x000001f195677da5      
  0x000001f19567741c:   0x000001f1                              
  0x000001f195677420:   0x95677d98      0x000001f195677d98      
  0x000001f195677424:   0x000001f1                              
  0x000001f195677428:   0x95677d8e      0x000001f195677d8e      
  0x000001f19567742c:   0x000001f1                              
  0x000001f195677430:   0x95677d6f      0x000001f195677d6f      
  0x000001f195677434:   0x000001f1                              
  0x000001f195677438:   0x95677d65      0x000001f195677d65      
  0x000001f19567743c:   0x000001f1                              
  0x000001f195677440:   0x95677d5b      0x000001f195677d5b      
  0x000001f195677444:   0x000001f1                              
  0x000001f195677448:   0x95677d51      0x000001f195677d51      
  0x000001f19567744c:   0x000001f1                              
  0x000001f195677450:   0x95677d47      0x000001f195677d47      
  0x000001f195677454:   0x000001f1                              
  0x000001f195677458:   0x95677d3d      0x000001f195677d3d      
  0x000001f19567745c:   0x000001f1                              
  0x000001f195677460:   0x95677d31      0x000001f195677d31      
  0x000001f195677464:   0x000001f1                              
  0x000001f195677468:   0x95677cd9      0x000001f195677cd9      
  0x000001f19567746c:   0x000001f1                              
  0x000001f195677470:   0x95677d25      0x000001f195677d25      
  0x000001f195677474:   0x000001f1                              
  0x000001f195677478:   0x95677d19      0x000001f195677d19      
  0x000001f19567747c:   0x000001f1                              
  0x000001f195677480:   0x95677d0f      0x000001f195677d0f      
  0x000001f195677484:   0x000001f1                              
  0x000001f195677488:   0x95677d05      0x000001f195677d05      
  0x000001f19567748c:   0x000001f1                              
  0x000001f195677490:   0x95677cf9      0x000001f195677cf9      
  0x000001f195677494:   0x000001f1                              
  0x000001f195677498:   0x95677cef      0x000001f195677cef      
  0x000001f19567749c:   0x000001f1                              

[MachCode]
[Entry Point]
  # {method} {0x000001f1b82b0d80} 'translateTokenToTerminalSymbol' '(I)I' in 'org/eclipse/jdt/internal/core/util/PublicScanner'
  # this:     rdx:rdx   = 'org/eclipse/jdt/internal/core/util/PublicScanner'
  # parm0:    r8        = int
  #           [sp+0x20]  (sp of caller)
  0x000001f1956774a0: ;   {no_reloc}
  0x000001f1956774a0: 448b 5208 | 49c1 e203 

  0x000001f1956774a8: ;   {runtime_call ic_miss_stub}
  0x000001f1956774a8: 493b c20f | 85cf 9898 | ff66 6690 | 0f1f 8400 | 0000 0000 | 6666 6690 
[Verified Entry Point]
  0x000001f1956774c0: 8984 2400 | 90ff ff55 | 4883 ec10 | 4183 f816 | 7518 b805 | 0000 0048 | 83c4 105d 

  0x000001f1956774dc: ;   {poll_return}
  0x000001f1956774dc: 493b a750 | 0300 000f | 8786 0900 | 00c3 4183 | f801 0f84 | 8801 0000 | 4183 f821 | 0f84 8801 
  0x000001f1956774fc: 0000 b891 | 0100 0041 | 83f8 210f | 8dad 0000 | 0041 83f8 | 1975 07b8 | 5600 0000 | ebbd 660f 
  0x000001f19567751c: 1f44 0000 | 4183 f819 | 0f8d 7c00 | 0000 4183 | f818 0f84 | 4800 0000 | 4183 f80b | 0f84 5400 
  0x000001f19567753c: 0000 6690 | 4183 f80b | 0f8c 0502 | 0000 4183 | f80f 0f84 | 3400 0000 | 4183 f80f | 7d1a 660f 
  0x000001f19567755c: 1f44 0000 | 4183 f80e | 0f85 bc03 | 0000 b80b | 0000 00e9 | 63ff ffff | 4183 f811 | 0f85 0703 
  0x000001f19567757c: 0000 b80c | 0000 00e9 | 4fff ffff | b844 0000 | 00e9 45ff | ffff b845 | 0000 00e9 | 3bff ffff 
  0x000001f19567759c: b807 0000 | 00e9 31ff | ffff 4183 | f81a 0f85 | ea00 0000 | b840 0000 | 00e9 1dff | ffff 660f 
  0x000001f1956775bc: 1f44 0000 | 4183 f84e | 0f84 c600 | 0000 4183 | f84e 7d19 | 4183 c0de | 4d63 d049 

  0x000001f1956775d8: ;   {section_word}
  0x000001f1956775d8: c1e2 0349 | b840 7367 | 95f1 0100 | 0043 ff24 | 1041 83f8 | 7075 0ab8 | bf00 0000 | e9de feff 
  0x000001f1956775f8: ff0f 1f80 | 0000 0000 | 4183 f870 | 0f8d 5b00 | 0000 4183 | f858 0f84 | 4500 0000 | 4183 f858 
  0x000001f195677618: 0f8c 4701 | 0000 6690 | 4183 f85b | 0f84 bb00 | 0000 4183 | f85b 7d15 | 4183 f859 | 0f85 4002 
  0x000001f195677638: 0000 b87f | 0000 0090 | e992 feff | ff41 83f8 | 6c0f 85eb | 0100 00b8 | e100 0000 | e97e feff 
  0x000001f195677658: ffb8 7c00 | 0000 6690 | e972 feff | ff41 81f8 | e903 0000 | 0f85 4200 | 0000 b8e9 | 0300 00e9 
  0x000001f195677678: 5bfe ffff | b806 0000 | 00e9 51fe | ffff b85f | 0000 00e9 | 47fe ffff | b8a7 0000 | 00e9 3dfe 
  0x000001f195677698: ffff 660f | 1f44 0000 | 4183 f820 | 0f85 4501 | 0000 b85a | 0000 00e9 | 23fe ffff | 0f1f 8400 
  0x000001f1956776b8: 0000 0000 | 6666 6690 | 4181 f8e9 | 0300 007c | 2641 81f8 | eb03 0000 | 0f85 0902 | 0000 b8eb 
  0x000001f1956776d8: 0300 000f | 1f44 0000 | e9f2 fdff | ffb8 d600 | 0000 e9e8 | fdff ff41 | 83f8 7475 | 0ab8 1a00 
  0x000001f1956776f8: 0000 e9d8 | fdff ff90 | 4183 f874 | 0f8c 3b02 | 0000 4181 | f887 0000 | 0074 3266 | 0f1f 8400 
  0x000001f195677718: 0000 0000 | 6666 6690 | 4181 f887 | 0000 000f | 8c98 0200 | 0041 81f8 | 8c00 0000 | 0f85 6002 
  0x000001f195677738: 0000 b835 | 0100 0090 | e992 fdff | ffb8 0c01 | 0000 e988 | fdff ff41 | 83f8 080f | 8516 0200 
  0x000001f195677758: 00b8 0800 | 0000 6690 | e972 fdff | ff41 83f8 | 4f75 0ab8 | 7e00 0000 | e962 fdff | ff41 83f8 
  0x000001f195677778: 5075 0ab8 | 7500 0000 | e952 fdff | ff41 83f8 | 5175 0ab8 | 9901 0000 | e942 fdff | ff41 83f8 
  0x000001f195677798: 5275 0ab8 | 7600 0000 | e932 fdff | ff41 83f8 | 5375 0ab8 | 7700 0000 | e922 fdff | ff41 83f8 
  0x000001f1956777b8: 5475 0ab8 | 7800 0000 | e912 fdff | ff41 83f8 | 5575 0ab8 | 7900 0000 | e902 fdff | ff41 83f8 
  0x000001f1956777d8: 5675 0ab8 | 7a00 0000 | e9f2 fcff | ffb8 7b00 | 0000 e9e8 | fcff ff41 | 83f8 1b75 | 0ab8 4600 
  0x000001f1956777f8: 0000 e9d8 | fcff ff90 | 4183 f81c | 0f84 cdfc | ffff 4183 | f81d 750a | b851 0000 | 00e9 bdfc 
  0x000001f195677818: ffff 660f | 1f44 0000 | 4183 f81e | 750a b84f | 0000 00e9 | a7fc ffff | b850 0000 | 00e9 9dfc 
  0x000001f195677838: ffff 660f | 1f44 0000 | 4183 f86c | 0f8c 7102 | 0000 4183 | f86d 750a | b814 0000 | 00e9 7dfc 
  0x000001f195677858: ffff 660f | 1f44 0000 | 4183 f86e | 750a b815 | 0000 00e9 | 67fc ffff | b816 0000 | 00e9 5dfc 
  0x000001f195677878: ;   {optimized virtual_call}
  0x000001f195677878: ffff 90e8 

  0x000001f19567787c: ; ImmutableOopMap {}
                      ;*invokevirtual getNextToken {reexecute=0 rethrow=0 return_oop=0}
                      ; - org.eclipse.jdt.internal.core.util.PublicScanner::translateTokenToTerminalSymbol@1180 (line 146)
  0x000001f19567787c: 0098 98ff | e952 fcff | ff41 83f8 | 110f 8c30 | 0300 0041 | 83f8 1275 | 0ab8 0e00 | 0000 e938 
  0x000001f19567789c: fcff ff90 | 4183 f813 | 750a b823 | 0000 00e9 | 27fc ffff | 4183 f814 | 750f b824 | 0000 000f 
  0x000001f1956778bc: 1f44 0000 | e912 fcff | ff41 83f8 | 167f 0ab8 | 3e00 0000 | e902 fcff | ffb8 3f00 | 0000 e9f8 
  0x000001f1956778dc: fbff ff90 | 4181 f8eb | 0300 000f | 8cdc 0200 | 0041 81f8 | ec03 0000 | 750f b89d | 0100 000f 
  0x000001f1956778fc: 1f44 0000 | e9d2 fbff | ff41 8bd0 

  0x000001f195677908: ;   {static_call}
  0x000001f195677908: 6666 90e8 

  0x000001f19567790c: ; ImmutableOopMap {}
                      ;*invokestatic invalidToken {reexecute=0 rethrow=0 return_oop=1}
                      ; - org.eclipse.jdt.internal.core.util.PublicScanner::translateTokenToTerminalSymbol@1974 (line 272)
  0x000001f19567790c: 709d 98ff | 4885 c00f | 84ba 0200 | 0048 8bd0 | 4883 c410 

  0x000001f195677920: ;   {runtime_call _rethrow_Java}
  0x000001f195677920: 5de9 5a50 | a3ff 4183 | f80c 750a | b842 0000 | 00e9 a1fb | ffff b843 | 0000 000f | 1f44 0000 
  0x000001f195677940: e992 fbff | ff41 83f8 | 7175 0ab8 | 1700 0000 | e982 fbff | ff41 83f8 | 7275 0ab8 | 1800 0000 
  0x000001f195677960: e972 fbff | ffb8 1900 | 0000 e968 | fbff ff41 | 83f8 080f | 8c67 0200 | 000f 1f80 | 0000 0000 
  0x000001f195677980: 4183 f809 | 750a b809 | 0000 00e9 | 47fb ffff | b80a 0000 | 00e9 3dfb | ffff 660f | 1f44 0000 
  0x000001f1956779a0: 4181 f88c | 0000 000f | 8cb2 0200 | 0041 81f8 | e703 0000 | 0f8e 4bff | ffff b8e8 | 0300 0090 
  0x000001f1956779c0: e912 fbff | ff41 83f8 | 750f 84e2 | 0000 0041 | 83f8 760f | 84ce 0000 | 000f 1f80 | 0000 0000 
  0x000001f1956779e0: 4183 f877 | 0f84 1bff | ffff 4183 | f878 0f84 | a900 0000 | 4183 f879 | 0f84 9500 | 0000 6690 
  0x000001f195677a00: 4183 f87a | 0f84 7f00 | 0000 4183 | f87b 0f84 | 6b00 0000 | 0f1f 8400 | 0000 0000 | 6666 6690 
  0x000001f195677a20: 4181 f882 | 0000 000f | 8ed8 feff | ff41 81f8 | 8300 0000 | 0f84 9dfa | ffff 660f | 1f44 0000 
  0x000001f195677a40: 4181 f884 | 0000 0075 | 0ab8 9a01 | 0000 e984 | faff ff66 | 0f1f 8400 | 0000 0000 | 6666 6690 
  0x000001f195677a60: 4181 f885 | 0000 0075 

  0x000001f195677a68: ;   {optimized virtual_call}
  0x000001f195677a68: 0c66 90e8 

  0x000001f195677a6c: ; ImmutableOopMap {}
                      ;*invokevirtual getNextToken {reexecute=0 rethrow=0 return_oop=0}
                      ; - org.eclipse.jdt.internal.core.util.PublicScanner::translateTokenToTerminalSymbol@1148 (line 142)
  0x000001f195677a6c: 1096 98ff | e962 faff | ffb8 9f01 | 0000 e958 | faff ffb8 | d500 0000 | e94e faff | ffb8 9201 
  0x000001f195677a8c: 0000 e944 | faff ffb8 | 3000 0000 | e93a faff | ffb8 2f00 | 0000 e930 | faff ffb8 | e300 0000 
  0x000001f195677aac: e926 faff | ffb8 e200 | 0000 e91c | faff ff0f | 1f44 0000 | 4183 f85c | 750a b8d3 | 0000 00e9 
  0x000001f195677acc: 07fa ffff | 4183 f85d | 750f b8f3 | 0000 000f | 1f44 0000 | e9f2 f9ff | ff41 83f8 | 5e75 0ab8 
  0x000001f195677aec: a800 0000 | e9e2 f9ff | ff41 83f8 | 5f75 0ab8 | a900 0000 | e9d2 f9ff | ff41 83f8 | 6075 0ab8 
  0x000001f195677b0c: aa00 0000 | e9c2 f9ff | ff41 83f8 | 6175 0ab8 | ab00 0000 | e9b2 f9ff | ff41 83f8 | 6275 0ab8 
  0x000001f195677b2c: ac00 0000 | e9a2 f9ff | ff41 83f8 | 6375 0ab8 | ad00 0000 | e992 f9ff | ff41 83f8 | 6475 0ab8 
  0x000001f195677b4c: ae00 0000 | e982 f9ff | ff41 83f8 | 6575 0ab8 | af00 0000 | e972 f9ff | ff41 83f8 | 6675 0ab8 
  0x000001f195677b6c: b000 0000 | e962 f9ff | ff41 83f8 | 6775 0ab8 | b100 0000 | e952 f9ff | ff41 83f8 | 6875 0ab8 
  0x000001f195677b8c: b200 0000 | e942 f9ff | ff41 83f8 | 6975 0ab8 | 9501 0000 | e932 f9ff | ff41 83f8 | 6a75 0ab8 
  0x000001f195677bac: 1200 0000 | e922 f9ff | ffb8 1300 | 0000 e918 | f9ff ffb8 | 4100 0000 | e90e f9ff | ffb8 ea03 
  0x000001f195677bcc: 0000 e904 | f9ff ffba | f6ff ffff 

  0x000001f195677bd8: ;   {runtime_call UncommonTrapBlob}
  0x000001f195677bd8: 6666 90e8 

  0x000001f195677bdc: ; ImmutableOopMap {}
                      ;*athrow {reexecute=1 rethrow=0 return_oop=0}
                      ; - (reexecute) org.eclipse.jdt.internal.core.util.PublicScanner::translateTokenToTerminalSymbol@1977 (line 272)
  0x000001f195677bdc: 20ea 98ff | 4183 f8ff | 0f8e 1bfd | ffff 4183 | f801 7f0a | b898 0100 | 00e9 ddf8 | ffff 660f 
  0x000001f195677bfc: 1f44 0000 | 4183 f802 | 750a b801 | 0000 00e9 | c7f8 ffff | 4183 f803 | 750f b802 | 0000 000f 
  0x000001f195677c1c: 1f44 0000 | e9b2 f8ff | ff41 83f8 | 0475 0ab8 | 0300 0000 | e9a2 f8ff | ff41 83f8 | 0575 0ab8 
  0x000001f195677c3c: 0400 0000 | e992 f8ff | ff41 83f8 | 0675 0ab8 | 0f00 0000 | e982 f8ff | ffb8 9601 | 0000 e978 
  0x000001f195677c5c: f8ff ff90 | 4181 f889 | 0000 000f | 8e98 fcff | ff41 81f8 | 8a00 0000 | 750f b893 | 0100 000f 
  0x000001f195677c7c: 1f44 0000 | e952 f8ff | ffb8 9401 | 0000 e948 | f8ff ffb8 | 6e00 0000 | e93e f8ff | ffb8 6700 
  0x000001f195677c9c: 0000 6690 | e932 f8ff | ffb8 2d00 | 0000 e928 | f8ff ffb8 | 9e00 0000 | e91e f8ff | ffb8 2800 
  0x000001f195677cbc: 0000 6690 | e912 f8ff | ffb8 6500 | 0000 e908 | f8ff ffb8 | 2200 0000 | e9fe f7ff | ffb8 a500 
  0x000001f195677cdc: 0000 6690 | e9f2 f7ff | ffb8 a001 | 0000 e9e8 | f7ff ffb8 | d400 0000 | e9de f7ff | ffb8 9b01 
  0x000001f195677cfc: 0000 6690 | e9d2 f7ff | ffb8 9001 | 0000 e9c8 | f7ff ffb8 | b400 0000 | e9be f7ff 

  0x000001f195677d18: ;   {optimized virtual_call}
  0x000001f195677d18: ff66 90e8 

  0x000001f195677d1c: ; ImmutableOopMap {}
                      ;*invokevirtual getNextToken {reexecute=0 rethrow=0 return_oop=0}
                      ; - org.eclipse.jdt.internal.core.util.PublicScanner::translateTokenToTerminalSymbol@1156 (line 143)
  0x000001f195677d1c: 6093 98ff | e9b2 f7ff 

  0x000001f195677d24: ;   {optimized virtual_call}
  0x000001f195677d24: ff66 90e8 

  0x000001f195677d28: ; ImmutableOopMap {}
                      ;*invokevirtual getNextToken {reexecute=0 rethrow=0 return_oop=0}
                      ; - org.eclipse.jdt.internal.core.util.PublicScanner::translateTokenToTerminalSymbol@1294 (line 163)
  0x000001f195677d28: 5493 98ff | e9a6 f7ff 

  0x000001f195677d30: ;   {optimized virtual_call}
  0x000001f195677d30: ff66 90e8 

  0x000001f195677d34: ; ImmutableOopMap {}
                      ;*invokevirtual getNextToken {reexecute=0 rethrow=0 return_oop=0}
                      ; - org.eclipse.jdt.internal.core.util.PublicScanner::translateTokenToTerminalSymbol@1164 (line 144)
  0x000001f195677d34: 4893 98ff | e99a f7ff | ffb8 a600 | 0000 e990 | f7ff ffb8 | 4800 0000 | e986 f7ff | ffb8 4700 
  0x000001f195677d54: 0000 e97c | f7ff ffb8 | 9a00 0000 | e972 f7ff | ffb8 7d00 | 0000 e968 

  0x000001f195677d6c: ;   {optimized virtual_call}
  0x000001f195677d6c: f7ff ffe8 

  0x000001f195677d70: ; ImmutableOopMap {}
                      ;*invokevirtual getNextToken {reexecute=0 rethrow=0 return_oop=0}
                      ; - org.eclipse.jdt.internal.core.util.PublicScanner::translateTokenToTerminalSymbol@1172 (line 145)
  0x000001f195677d70: 0c93 98ff | e95e f7ff | ffeb 0beb | 09eb 0790 | eb04 eb02 | eb00 488b | d0e9 8efb | ffff b82c 
  0x000001f195677d90: 0000 00e9 | 3ff7 ffff | b82b 0000 | 0066 6690 | e932 f7ff | ffb8 2a00 | 0000 e928 | f7ff ffb8 
  0x000001f195677db0: 2900 0000 | e91e f7ff | ffb8 2700 | 0000 6690 | e912 f7ff | ffb8 2600 | 0000 e908 | f7ff ffb8 
  0x000001f195677dd0: 2500 0000 | e9fe f6ff | ffb8 2e00 | 0000 6690 | e9f2 f6ff | ffb8 6a00 | 0000 e9e8 | f6ff ffb8 
  0x000001f195677df0: 6900 0000 | e9de f6ff | ffb8 4800 | 0000 6690 | e9d2 f6ff | ffb8 6600 | 0000 e9c8 | f6ff ffb8 
  0x000001f195677e10: 9e01 0000 | e9be f6ff | ffb8 6400 | 0000 6690 | e9b2 f6ff | ffb8 6300 | 0000 e9a8 | f6ff ffb8 
  0x000001f195677e30: 6200 0000 | e99e f6ff | ffb8 9c01 | 0000 6690 | e992 f6ff | ffb8 5500 | 0000 e988 | f6ff ffb8 
  0x000001f195677e50: 2000 0000 | e97e f6ff | ffb8 5e00 | 0000 6690 | e972 f6ff | ffb8 2100 | 0000 e968 

  0x000001f195677e6c: ;   {internal_word}
  0x000001f195677e6c: f6ff ff49 | badc 7467 | 95f1 0100 | 004d 8997 | 6803 0000 

  0x000001f195677e80: ;   {runtime_call SafepointBlob}
  0x000001f195677e80: e97b f898 | fff4 f4f4 | f4f4 f4f4 | f4f4 f4f4 | f4f4 f4f4 | f4f4 f4f4 | f4f4 f4f4 | f4f4 f4f4 
[Stub Code]
  0x000001f195677ea0: ;   {no_reloc}
  0x000001f195677ea0: 48bb 0000 | 0000 0000 

  0x000001f195677ea8: ;   {runtime_call}
  0x000001f195677ea8: 0000 e9fb 

  0x000001f195677eac: ;   {static_stub}
  0x000001f195677eac: ffff ff48 | bb00 0000 | 0000 0000 

  0x000001f195677eb8: ;   {runtime_call}
  0x000001f195677eb8: 00e9 fbff 

  0x000001f195677ebc: ;   {static_stub}
  0x000001f195677ebc: ffff 48bb | 0000 0000 | 0000 0000 

  0x000001f195677ec8: ;   {runtime_call}
  0x000001f195677ec8: e9fb ffff 

  0x000001f195677ecc: ;   {static_stub}
  0x000001f195677ecc: ff48 bb00 | 0000 0000 

  0x000001f195677ed4: ;   {runtime_call}
  0x000001f195677ed4: 0000 00e9 | fbff ffff 

  0x000001f195677edc: ;   {static_stub}
  0x000001f195677edc: 48bb 0000 | 0000 0000 

  0x000001f195677ee4: ;   {runtime_call}
  0x000001f195677ee4: 0000 e9fb 

  0x000001f195677ee8: ;   {static_stub}
  0x000001f195677ee8: ffff ff48 | bb00 0000 | 0000 0000 

  0x000001f195677ef4: ;   {runtime_call}
  0x000001f195677ef4: 00e9 fbff 

  0x000001f195677ef8: ;   {static_stub}
  0x000001f195677ef8: ffff 48bb | 0000 0000 | 0000 0000 

  0x000001f195677f04: ;   {runtime_call}
  0x000001f195677f04: e9fb ffff 

  0x000001f195677f08: ;   {runtime_call ExceptionBlob}
  0x000001f195677f08: ffe9 f2d2 | 99ff e800 | 0000 0048 | 832c 2405 

  0x000001f195677f18: ;   {runtime_call DeoptimizationBlob}
  0x000001f195677f18: e983 ea98 | fff4 f4f4 
[/MachCode]


---------------  P R O C E S S  ---------------

Threads class SMR info:
_java_thread_list=0x000001f1a5f34d40, length=51, elements={
0x000001f18adf03b0, 0x000001f19ec71010, 0x000001f19ec729f0, 0x000001f19ec7bfe0,
0x000001f19ec7c9b0, 0x000001f19ec7d480, 0x000001f19ec7df50, 0x000001f1a3d28f10,
0x000001f1a3d53f20, 0x000001f1a3d61760, 0x000001f18ae552d0, 0x000001f1a4e98050,
0x000001f1a530ec50, 0x000001f1a530f160, 0x000001f1a53119e0, 0x000001f1a5310ab0,
0x000001f1a53114d0, 0x000001f1a530fb80, 0x000001f1a53105a0, 0x000001f1a5828610,
0x000001f1a5828b20, 0x000001f1a582b8b0, 0x000001f1a5829030, 0x000001f1a582ae90,
0x000001f1a5829a50, 0x000001f1a582bdc0, 0x000001f1a58276e0, 0x000001f1a582eb50,
0x000001f1a582a980, 0x000001f1a582ccf0, 0x000001f1a582d710, 0x000001f1a582d200,
0x000001f1a7a260c0, 0x000001f1a7a24c80, 0x000001f1a7a24260, 0x000001f1a7a214d0,
0x000001f1a582e640, 0x000001f1a5310fc0, 0x000001f1a530f670, 0x000001f1a587ba60,
0x000001f1a587c990, 0x000001f1a587d3b0, 0x000001f1a587ddd0, 0x000001f1a7a24770,
0x000001f1a7a1fb80, 0x000001f1a7a219e0, 0x000001f1a587b550, 0x000001f1a7a22910,
0x000001f1a7a25bb0, 0x000001f1a7a26ff0, 0x000001f1a7a20090
}

Java Threads: ( => current thread )
  0x000001f18adf03b0 JavaThread "main" [_thread_blocked, id=5380, stack(0x00000046e9b00000,0x00000046e9c00000)]
  0x000001f19ec71010 JavaThread "Reference Handler" daemon [_thread_blocked, id=5260, stack(0x00000046e9e00000,0x00000046e9f00000)]
  0x000001f19ec729f0 JavaThread "Finalizer" daemon [_thread_blocked, id=6304, stack(0x00000046e9f00000,0x00000046ea000000)]
  0x000001f19ec7bfe0 JavaThread "Signal Dispatcher" daemon [_thread_blocked, id=4996, stack(0x00000046ea000000,0x00000046ea100000)]
  0x000001f19ec7c9b0 JavaThread "Attach Listener" daemon [_thread_blocked, id=1856, stack(0x00000046ea100000,0x00000046ea200000)]
  0x000001f19ec7d480 JavaThread "Service Thread" daemon [_thread_blocked, id=6472, stack(0x00000046ea200000,0x00000046ea300000)]
  0x000001f19ec7df50 JavaThread "Monitor Deflation Thread" daemon [_thread_blocked, id=2120, stack(0x00000046ea300000,0x00000046ea400000)]
  0x000001f1a3d28f10 JavaThread "C2 CompilerThread0" daemon [_thread_blocked, id=8904, stack(0x00000046ea400000,0x00000046ea500000)]
  0x000001f1a3d53f20 JavaThread "C1 CompilerThread0" daemon [_thread_blocked, id=6040, stack(0x00000046ea500000,0x00000046ea600000)]
  0x000001f1a3d61760 JavaThread "Sweeper thread" daemon [_thread_blocked, id=9184, stack(0x00000046ea600000,0x00000046ea700000)]
  0x000001f18ae552d0 JavaThread "Common-Cleaner" daemon [_thread_blocked, id=5428, stack(0x00000046ea700000,0x00000046ea800000)]
  0x000001f1a4e98050 JavaThread "Notification Thread" daemon [_thread_blocked, id=3672, stack(0x00000046ea900000,0x00000046eaa00000)]
  0x000001f1a530ec50 JavaThread "Active Thread: Equinox Container: 313ddec2-033e-40f0-987b-f2a88c290b8a" [_thread_blocked, id=1200, stack(0x00000046eab00000,0x00000046eac00000)]
  0x000001f1a530f160 JavaThread "Framework Event Dispatcher: Equinox Container: 313ddec2-033e-40f0-987b-f2a88c290b8a" daemon [_thread_blocked, id=6004, stack(0x00000046ea800000,0x00000046ea900000)]
  0x000001f1a53119e0 JavaThread "Start Level: Equinox Container: 313ddec2-033e-40f0-987b-f2a88c290b8a" daemon [_thread_blocked, id=4028, stack(0x00000046eb200000,0x00000046eb300000)]
  0x000001f1a5310ab0 JavaThread "Bundle File Closer" daemon [_thread_blocked, id=5196, stack(0x00000046eb500000,0x00000046eb600000)]
  0x000001f1a53114d0 JavaThread "SCR Component Actor" daemon [_thread_blocked, id=13688, stack(0x00000046eb400000,0x00000046eb500000)]
  0x000001f1a530fb80 JavaThread "Worker-JM" [_thread_blocked, id=6084, stack(0x00000046eb800000,0x00000046eb900000)]
  0x000001f1a53105a0 JavaThread "JNA Cleaner" daemon [_thread_blocked, id=5232, stack(0x00000046eb900000,0x00000046eba00000)]
  0x000001f1a5828610 JavaThread "Java indexing" daemon [_thread_blocked, id=3932, stack(0x00000046ebd00000,0x00000046ebe00000)]
  0x000001f1a5828b20 JavaThread "Thread-2" daemon [_thread_in_native, id=4076, stack(0x00000046ec000000,0x00000046ec100000)]
  0x000001f1a582b8b0 JavaThread "Thread-3" daemon [_thread_in_native, id=12716, stack(0x00000046ec100000,0x00000046ec200000)]
  0x000001f1a5829030 JavaThread "Thread-4" daemon [_thread_in_native, id=2468, stack(0x00000046ec200000,0x00000046ec300000)]
  0x000001f1a582ae90 JavaThread "Thread-5" daemon [_thread_in_native, id=2692, stack(0x00000046ec300000,0x00000046ec400000)]
  0x000001f1a5829a50 JavaThread "Thread-6" daemon [_thread_in_native, id=3256, stack(0x00000046ec400000,0x00000046ec500000)]
  0x000001f1a582bdc0 JavaThread "Thread-7" daemon [_thread_in_native, id=6444, stack(0x00000046ec500000,0x00000046ec600000)]
  0x000001f1a58276e0 JavaThread "Thread-8" daemon [_thread_in_native, id=772, stack(0x00000046ec600000,0x00000046ec700000)]
  0x000001f1a582eb50 JavaThread "Thread-9" daemon [_thread_in_native, id=12980, stack(0x00000046ec700000,0x00000046ec800000)]
  0x000001f1a582a980 JavaThread "Thread-10" daemon [_thread_in_native, id=9408, stack(0x00000046ec800000,0x00000046ec900000)]
  0x000001f1a582ccf0 JavaThread "pool-2-thread-1" [_thread_blocked, id=2824, stack(0x00000046ec900000,0x00000046eca00000)]
  0x000001f1a582d710 JavaThread "WorkspaceEventsHandler" [_thread_blocked, id=10732, stack(0x00000046eca00000,0x00000046ecb00000)]
  0x000001f1a582d200 JavaThread "pool-1-thread-1" [_thread_blocked, id=9856, stack(0x00000046ecb00000,0x00000046ecc00000)]
  0x000001f1a7a260c0 JavaThread "Java Debug Server" daemon [_thread_in_native, id=11836, stack(0x00000046e9900000,0x00000046e9a00000)]
  0x000001f1a7a24c80 JavaThread "RxSchedulerPurge-1" daemon [_thread_blocked, id=12696, stack(0x00000046ebc00000,0x00000046ebd00000)]
  0x000001f1a7a24260 JavaThread "RxCachedWorkerPoolEvictor-1" daemon [_thread_blocked, id=13264, stack(0x00000046ecc00000,0x00000046ecd00000)]
  0x000001f1a7a214d0 JavaThread "Cleaner-0" daemon [_thread_blocked, id=1164, stack(0x00000046ed100000,0x00000046ed200000)]
  0x000001f1a582e640 JavaThread "Compiler Source File Reader" daemon [_thread_blocked, id=16744, stack(0x00000046ed500000,0x00000046ed600000)]
  0x000001f1a5310fc0 JavaThread "Compiler Source File Reader" daemon [_thread_blocked, id=19324, stack(0x00000046ed600000,0x00000046ed700000)]
  0x000001f1a530f670 JavaThread "Compiler Source File Reader" daemon [_thread_blocked, id=16752, stack(0x00000046ed920000,0x00000046eda20000)]
  0x000001f1a587ba60 JavaThread "Compiler Source File Reader" daemon [_thread_blocked, id=14272, stack(0x00000046eda20000,0x00000046edb20000)]
  0x000001f1a587c990 JavaThread "Compiler Source File Reader" daemon [_thread_blocked, id=1980, stack(0x00000046edb20000,0x00000046edc20000)]
  0x000001f1a587d3b0 JavaThread "Compiler Source File Reader" daemon [_thread_blocked, id=17184, stack(0x00000046edc20000,0x00000046edd20000)]
  0x000001f1a587ddd0 JavaThread "Worker-34" [_thread_blocked, id=15484, stack(0x00000046ed000000,0x00000046ed100000)]
  0x000001f1a7a24770 JavaThread "Worker-36" [_thread_blocked, id=19992, stack(0x00000046ed200000,0x00000046ed300000)]
  0x000001f1a7a1fb80 JavaThread "pool-4-thread-2" [_thread_in_native, id=9560, stack(0x00000046eb600000,0x00000046eb700000)]
  0x000001f1a7a219e0 JavaThread "process reaper (pid 20120)" daemon [_thread_in_native, id=19816, stack(0x00000046ebb00000,0x00000046ebb20000)]
  0x000001f1a587b550 JavaThread "RxNewThreadScheduler-9" daemon [_thread_blocked, id=6344, stack(0x00000046eb700000,0x00000046eb800000)]
=>0x000001f1a7a22910 JavaThread "ForkJoinPool.commonPool-worker-73" daemon [_thread_in_Java, id=14964, stack(0x00000046ece00000,0x00000046ecf00000)]
  0x000001f1a7a25bb0 JavaThread "ForkJoinPool.commonPool-worker-74" daemon [_thread_in_native, id=2808, stack(0x00000046e9800000,0x00000046e9900000)]
  0x000001f1a7a26ff0 JavaThread "ForkJoinPool.commonPool-worker-75" daemon [_thread_blocked, id=18168, stack(0x00000046e9a00000,0x00000046e9b00000)]
  0x000001f1a7a20090 JavaThread "ForkJoinPool.commonPool-worker-76" daemon [_thread_blocked, id=2840, stack(0x00000046eba00000,0x00000046ebb00000)]

Other Threads:
  0x000001f18ae9ead0 VMThread "VM Thread" [stack: 0x00000046e9d00000,0x00000046e9e00000] [id=9764]
  0x000001f1a4e98530 WatcherThread [stack: 0x00000046eaa00000,0x00000046eab00000] [id=4840]
  0x000001f18ae06690 GCTaskThread "GC Thread#0" [stack: 0x00000046e9c00000,0x00000046e9d00000] [id=9676]
  0x000001f1a5578360 GCTaskThread "GC Thread#1" [stack: 0x00000046eac00000,0x00000046ead00000] [id=13520]
  0x000001f1a5578620 GCTaskThread "GC Thread#2" [stack: 0x00000046ead00000,0x00000046eae00000] [id=9656]
  0x000001f1a55788e0 GCTaskThread "GC Thread#3" [stack: 0x00000046eae00000,0x00000046eaf00000] [id=8468]
  0x000001f1a51fa500 GCTaskThread "GC Thread#4" [stack: 0x00000046eaf00000,0x00000046eb000000] [id=10000]
  0x000001f1a51fa7c0 GCTaskThread "GC Thread#5" [stack: 0x00000046eb000000,0x00000046eb100000] [id=6184]
  0x000001f1a51faa80 GCTaskThread "GC Thread#6" [stack: 0x00000046eb100000,0x00000046eb200000] [id=4888]
  0x000001f1a5490ad0 GCTaskThread "GC Thread#7" [stack: 0x00000046eb300000,0x00000046eb400000] [id=984]

Threads with active compile tasks:

VM state: not at safepoint (normal execution)

VM Mutex/Monitor currently owned by a thread: None

Heap address: 0x00000000c0000000, size: 1024 MB, Compressed Oops mode: 32-bit

CDS archive(s) not mapped
Compressed class space mapped at: 0x0000000100000000-0x0000000140000000, reserved size: 1073741824
Narrow klass base: 0x0000000000000000, Narrow klass shift: 3, Narrow klass range: 0x140000000

GC Precious Log:
 CPUs: 8 total, 8 available
 Memory: 16050M
 Large Page Support: Disabled
 NUMA Support: Disabled
 Compressed Oops: Enabled (32-bit)
 Alignments: Space 512K, Generation 512K, Heap 2M
 Heap Min Capacity: 100M
 Heap Initial Capacity: 100M
 Heap Max Capacity: 1G
 Pre-touch: Disabled
 Parallel Workers: 8

Heap:
 PSYoungGen      total 11264K, used 7649K [0x00000000eab00000, 0x00000000eb900000, 0x0000000100000000)
  eden space 9728K, 76% used [0x00000000eab00000,0x00000000eb240730,0x00000000eb480000)
  from space 1536K, 14% used [0x00000000eb680000,0x00000000eb6b8000,0x00000000eb800000)
  to   space 512K, 0% used [0x00000000eb880000,0x00000000eb880000,0x00000000eb900000)
 ParOldGen       total 166912K, used 158560K [0x00000000c0000000, 0x00000000ca300000, 0x00000000eab00000)
  object space 166912K, 94% used [0x00000000c0000000,0x00000000c9ad8278,0x00000000ca300000)
 Metaspace       used 103262K, committed 104768K, reserved 1179648K
  class space    used 10373K, committed 11072K, reserved 1048576K

Card table byte_map: [0x000001f18a780000,0x000001f18a990000] _byte_map_base: 0x000001f18a180000

Marking Bits: (ParMarkBitMap*) 0x00007ffefc66d820
 Begin Bits: [0x000001f19ca80000, 0x000001f19da80000)
 End Bits:   [0x000001f19da80000, 0x000001f19ea80000)

Polling page: 0x000001f188d70000

Metaspace:

Usage:
  Non-class:     90.71 MB used.
      Class:     10.13 MB used.
       Both:    100.84 MB used.

Virtual space:
  Non-class space:      128.00 MB reserved,      91.50 MB ( 71%) committed,  2 nodes.
      Class space:        1.00 GB reserved,      10.81 MB (  1%) committed,  1 nodes.
             Both:        1.12 GB reserved,     102.31 MB (  9%) committed. 

Chunk freelists:
   Non-Class:  4.16 MB
       Class:  5.04 MB
        Both:  9.19 MB

MaxMetaspaceSize: unlimited
CompressedClassSpaceSize: 1.00 GB
Initial GC threshold: 21.00 MB
Current GC threshold: 170.25 MB
CDS: off
MetaspaceReclaimPolicy: balanced
 - commit_granule_bytes: 65536.
 - commit_granule_words: 8192.
 - virtual_space_node_default_size: 8388608.
 - enlarge_chunks_in_place: 1.
 - new_chunks_are_fully_committed: 0.
 - uncommit_free_chunks: 1.
 - use_allocation_guard: 0.
 - handle_deallocations: 1.


Internal statistics:

num_allocs_failed_limit: 6.
num_arena_births: 1578.
num_arena_deaths: 642.
num_vsnodes_births: 3.
num_vsnodes_deaths: 0.
num_space_committed: 1639.
num_space_uncommitted: 2.
num_chunks_returned_to_freelist: 792.
num_chunks_taken_from_freelist: 6403.
num_chunk_merges: 314.
num_chunk_splits: 3679.
num_chunks_enlarged: 1996.
num_inconsistent_stats: 0.

CodeHeap 'non-profiled nmethods': size=120000Kb used=29431Kb max_used=29431Kb free=90568Kb
 bounds [0x000001f195550000, 0x000001f197210000, 0x000001f19ca80000]
CodeHeap 'profiled nmethods': size=120000Kb used=44230Kb max_used=44230Kb free=75769Kb
 bounds [0x000001f18da80000, 0x000001f1905c0000, 0x000001f194fb0000]
CodeHeap 'non-nmethods': size=5760Kb used=1487Kb max_used=1623Kb free=4272Kb
 bounds [0x000001f194fb0000, 0x000001f195220000, 0x000001f195550000]
 total_blobs=21790 nmethods=20942 adapters=755
 compilation: enabled
              stopped_count=0, restarted_count=0
 full_count=0

Compilation events (20 events):
Event: 32084.727 Thread 0x000001f1a3d28f10 29780 %     4       com.google.gson.stream.JsonReader::skipQuotedValue @ 16 (118 bytes)
Event: 32084.728 Thread 0x000001f1a3d53f20 29781       3       java.lang.Long::toString (139 bytes)
Event: 32084.729 Thread 0x000001f1a3d53f20 nmethod 29781 0x000001f1905b2910 code [0x000001f1905b2b00, 0x000001f1905b30f8]
Event: 32084.730 Thread 0x000001f1a3d28f10 nmethod 29780% 0x000001f197204f10 code [0x000001f1972050c0, 0x000001f197205388]
Event: 32084.733 Thread 0x000001f1a3d53f20 29782       3       io.reactivex.internal.functions.ObjectHelper::requireNonNull (15 bytes)
Event: 32084.733 Thread 0x000001f1a3d53f20 nmethod 29782 0x000001f1905b3310 code [0x000001f1905b34c0, 0x000001f1905b36a8]
Event: 32094.967 Thread 0x000001f1a3d28f10 29783   !   4       com.google.gson.internal.bind.ReflectiveTypeAdapterFactory$Adapter::read (112 bytes)
Event: 32094.987 Thread 0x000001f1a3d53f20 29784       3       org.eclipse.jdt.internal.core.util.KeyKind::consumeTypeParameter (12 bytes)
Event: 32094.987 Thread 0x000001f1a3d53f20 nmethod 29784 0x000001f1905b3790 code [0x000001f1905b3920, 0x000001f1905b3a38]
Event: 32095.038 Thread 0x000001f1a3d53f20 29785       3       org.eclipse.jdt.internal.compiler.ast.LocalDeclaration::resolve (1204 bytes)
Event: 32095.063 Thread 0x000001f1a3d53f20 nmethod 29785 0x000001f1905b3b10 code [0x000001f1905b4360, 0x000001f1905ba318]
Event: 32095.063 Thread 0x000001f1a3d53f20 29788       3       org.eclipse.jdt.internal.core.manipulation.JavaElementLabelComposerCore::appendPackageFragmentLabel (168 bytes)
Event: 32095.070 Thread 0x000001f1a3d53f20 nmethod 29788 0x000001f1905bba90 code [0x000001f1905bbde0, 0x000001f1905bd928]
Event: 32095.102 Thread 0x000001f1a3d28f10 nmethod 29783 0x000001f197205610 code [0x000001f197205c20, 0x000001f197209028]
Event: 32095.102 Thread 0x000001f1a3d28f10 29786       4       java.util.TimSort::mergeLo (659 bytes)
Event: 32095.121 Thread 0x000001f1a3d28f10 nmethod 29786 0x000001f19720b510 code [0x000001f19720b720, 0x000001f19720cef8]
Event: 32095.122 Thread 0x000001f1a3d28f10 29787       4       org.eclipse.jdt.internal.compiler.lookup.LocalVariableBinding::markInitialized (1 bytes)
Event: 32095.122 Thread 0x000001f1a3d28f10 nmethod 29787 0x000001f19720db10 code [0x000001f19720dc80, 0x000001f19720dcf8]
Event: 32471.412 Thread 0x000001f1a3d53f20 29789       3       java.lang.ThreadGroup::checkAccess (14 bytes)
Event: 32471.415 Thread 0x000001f1a3d53f20 nmethod 29789 0x000001f1905be290 code [0x000001f1905be460, 0x000001f1905be8e8]

GC Heap History (20 events):
Event: 26519.369 GC heap before
{Heap before GC invocations=7583 (full 135):
 PSYoungGen      total 10752K, used 9328K [0x00000000eab00000, 0x00000000eb880000, 0x0000000100000000)
  eden space 6656K, 100% used [0x00000000eab00000,0x00000000eb180000,0x00000000eb180000)
  from space 4096K, 65% used [0x00000000eb180000,0x00000000eb41c3d0,0x00000000eb580000)
  to   space 3072K, 0% used [0x00000000eb580000,0x00000000eb580000,0x00000000eb880000)
 ParOldGen       total 166912K, used 155569K [0x00000000c0000000, 0x00000000ca300000, 0x00000000eab00000)
  object space 166912K, 93% used [0x00000000c0000000,0x00000000c97ec480,0x00000000ca300000)
 Metaspace       used 103259K, committed 104768K, reserved 1179648K
  class space    used 10373K, committed 11072K, reserved 1048576K
}
Event: 26519.371 GC heap after
{Heap after GC invocations=7583 (full 135):
 PSYoungGen      total 10240K, used 2050K [0x00000000eab00000, 0x00000000eb800000, 0x0000000100000000)
  eden space 7680K, 0% used [0x00000000eab00000,0x00000000eab00000,0x00000000eb280000)
  from space 2560K, 80% used [0x00000000eb580000,0x00000000eb7808b0,0x00000000eb800000)
  to   space 2560K, 0% used [0x00000000eb300000,0x00000000eb300000,0x00000000eb580000)
 ParOldGen       total 166912K, used 155833K [0x00000000c0000000, 0x00000000ca300000, 0x00000000eab00000)
  object space 166912K, 93% used [0x00000000c0000000,0x00000000c982e480,0x00000000ca300000)
 Metaspace       used 103259K, committed 104768K, reserved 1179648K
  class space    used 10373K, committed 11072K, reserved 1048576K
}
Event: 26519.384 GC heap before
{Heap before GC invocations=7584 (full 135):
 PSYoungGen      total 10240K, used 9730K [0x00000000eab00000, 0x00000000eb800000, 0x0000000100000000)
  eden space 7680K, 100% used [0x00000000eab00000,0x00000000eb280000,0x00000000eb280000)
  from space 2560K, 80% used [0x00000000eb580000,0x00000000eb7808b0,0x00000000eb800000)
  to   space 2560K, 0% used [0x00000000eb300000,0x00000000eb300000,0x00000000eb580000)
 ParOldGen       total 166912K, used 155833K [0x00000000c0000000, 0x00000000ca300000, 0x00000000eab00000)
  object space 166912K, 93% used [0x00000000c0000000,0x00000000c982e480,0x00000000ca300000)
 Metaspace       used 103259K, committed 104768K, reserved 1179648K
  class space    used 10373K, committed 11072K, reserved 1048576K
}
Event: 26519.387 GC heap after
{Heap after GC invocations=7584 (full 135):
 PSYoungGen      total 10752K, used 1709K [0x00000000eab00000, 0x00000000eb780000, 0x0000000100000000)
  eden space 8192K, 0% used [0x00000000eab00000,0x00000000eab00000,0x00000000eb300000)
  from space 2560K, 66% used [0x00000000eb300000,0x00000000eb4ab6b0,0x00000000eb580000)
  to   space 2048K, 0% used [0x00000000eb580000,0x00000000eb580000,0x00000000eb780000)
 ParOldGen       total 166912K, used 155865K [0x00000000c0000000, 0x00000000ca300000, 0x00000000eab00000)
  object space 166912K, 93% used [0x00000000c0000000,0x00000000c9836480,0x00000000ca300000)
 Metaspace       used 103259K, committed 104768K, reserved 1179648K
  class space    used 10373K, committed 11072K, reserved 1048576K
}
Event: 26519.406 GC heap before
{Heap before GC invocations=7585 (full 135):
 PSYoungGen      total 10752K, used 9901K [0x00000000eab00000, 0x00000000eb780000, 0x0000000100000000)
  eden space 8192K, 100% used [0x00000000eab00000,0x00000000eb300000,0x00000000eb300000)
  from space 2560K, 66% used [0x00000000eb300000,0x00000000eb4ab6b0,0x00000000eb580000)
  to   space 2048K, 0% used [0x00000000eb580000,0x00000000eb580000,0x00000000eb780000)
 ParOldGen       total 166912K, used 155865K [0x00000000c0000000, 0x00000000ca300000, 0x00000000eab00000)
  object space 166912K, 93% used [0x00000000c0000000,0x00000000c9836480,0x00000000ca300000)
 Metaspace       used 103259K, committed 104768K, reserved 1179648K
  class space    used 10373K, committed 11072K, reserved 1048576K
}
Event: 26519.408 GC heap after
{Heap after GC invocations=7585 (full 135):
 PSYoungGen      total 10240K, used 2045K [0x00000000eab00000, 0x00000000eb980000, 0x0000000100000000)
  eden space 8192K, 0% used [0x00000000eab00000,0x00000000eab00000,0x00000000eb300000)
  from space 2048K, 99% used [0x00000000eb580000,0x00000000eb77f680,0x00000000eb780000)
  to   space 2560K, 0% used [0x00000000eb300000,0x00000000eb300000,0x00000000eb580000)
 ParOldGen       total 166912K, used 156030K [0x00000000c0000000, 0x00000000ca300000, 0x00000000eab00000)
  object space 166912K, 93% used [0x00000000c0000000,0x00000000c985f9a8,0x00000000ca300000)
 Metaspace       used 103259K, committed 104768K, reserved 1179648K
  class space    used 10373K, committed 11072K, reserved 1048576K
}
Event: 32094.973 GC heap before
{Heap before GC invocations=7586 (full 135):
 PSYoungGen      total 10240K, used 10237K [0x00000000eab00000, 0x00000000eb980000, 0x0000000100000000)
  eden space 8192K, 100% used [0x00000000eab00000,0x00000000eb300000,0x00000000eb300000)
  from space 2048K, 99% used [0x00000000eb580000,0x00000000eb77f680,0x00000000eb780000)
  to   space 2560K, 0% used [0x00000000eb300000,0x00000000eb300000,0x00000000eb580000)
 ParOldGen       total 166912K, used 156030K [0x00000000c0000000, 0x00000000ca300000, 0x00000000eab00000)
  object space 166912K, 93% used [0x00000000c0000000,0x00000000c985f9a8,0x00000000ca300000)
 Metaspace       used 103259K, committed 104768K, reserved 1179648K
  class space    used 10373K, committed 11072K, reserved 1048576K
}
Event: 32094.976 GC heap after
{Heap after GC invocations=7586 (full 135):
 PSYoungGen      total 10752K, used 2553K [0x00000000eab00000, 0x00000000eb900000, 0x0000000100000000)
  eden space 8192K, 0% used [0x00000000eab00000,0x00000000eab00000,0x00000000eb300000)
  from space 2560K, 99% used [0x00000000eb300000,0x00000000eb57e450,0x00000000eb580000)
  to   space 3072K, 0% used [0x00000000eb600000,0x00000000eb600000,0x00000000eb900000)
 ParOldGen       total 166912K, used 156387K [0x00000000c0000000, 0x00000000ca300000, 0x00000000eab00000)
  object space 166912K, 93% used [0x00000000c0000000,0x00000000c98b8df8,0x00000000ca300000)
 Metaspace       used 103259K, committed 104768K, reserved 1179648K
  class space    used 10373K, committed 11072K, reserved 1048576K
}
Event: 32094.982 GC heap before
{Heap before GC invocations=7587 (full 135):
 PSYoungGen      total 10752K, used 10745K [0x00000000eab00000, 0x00000000eb900000, 0x0000000100000000)
  eden space 8192K, 100% used [0x00000000eab00000,0x00000000eb300000,0x00000000eb300000)
  from space 2560K, 99% used [0x00000000eb300000,0x00000000eb57e450,0x00000000eb580000)
  to   space 3072K, 0% used [0x00000000eb600000,0x00000000eb600000,0x00000000eb900000)
 ParOldGen       total 166912K, used 156387K [0x00000000c0000000, 0x00000000ca300000, 0x00000000eab00000)
  object space 166912K, 93% used [0x00000000c0000000,0x00000000c98b8df8,0x00000000ca300000)
 Metaspace       used 103259K, committed 104768K, reserved 1179648K
  class space    used 10373K, committed 11072K, reserved 1048576K
}
Event: 32094.985 GC heap after
{Heap after GC invocations=7587 (full 135):
 PSYoungGen      total 11264K, used 2950K [0x00000000eab00000, 0x00000000eb900000, 0x0000000100000000)
  eden space 8192K, 0% used [0x00000000eab00000,0x00000000eab00000,0x00000000eb300000)
  from space 3072K, 96% used [0x00000000eb600000,0x00000000eb8e1860,0x00000000eb900000)
  to   space 3072K, 0% used [0x00000000eb300000,0x00000000eb300000,0x00000000eb600000)
 ParOldGen       total 166912K, used 157160K [0x00000000c0000000, 0x00000000ca300000, 0x00000000eab00000)
  object space 166912K, 94% used [0x00000000c0000000,0x00000000c997a018,0x00000000ca300000)
 Metaspace       used 103259K, committed 104768K, reserved 1179648K
  class space    used 10373K, committed 11072K, reserved 1048576K
}
Event: 32094.989 GC heap before
{Heap before GC invocations=7588 (full 135):
 PSYoungGen      total 11264K, used 11142K [0x00000000eab00000, 0x00000000eb900000, 0x0000000100000000)
  eden space 8192K, 100% used [0x00000000eab00000,0x00000000eb300000,0x00000000eb300000)
  from space 3072K, 96% used [0x00000000eb600000,0x00000000eb8e1860,0x00000000eb900000)
  to   space 3072K, 0% used [0x00000000eb300000,0x00000000eb300000,0x00000000eb600000)
 ParOldGen       total 166912K, used 157160K [0x00000000c0000000, 0x00000000ca300000, 0x00000000eab00000)
  object space 166912K, 94% used [0x00000000c0000000,0x00000000c997a018,0x00000000ca300000)
 Metaspace       used 103259K, committed 104768K, reserved 1179648K
  class space    used 10373K, committed 11072K, reserved 1048576K
}
Event: 32094.991 GC heap after
{Heap after GC invocations=7588 (full 135):
 PSYoungGen      total 11264K, used 2745K [0x00000000eab00000, 0x00000000eba80000, 0x0000000100000000)
  eden space 8192K, 0% used [0x00000000eab00000,0x00000000eab00000,0x00000000eb300000)
  from space 3072K, 89% used [0x00000000eb300000,0x00000000eb5ae7f0,0x00000000eb600000)
  to   space 3072K, 0% used [0x00000000eb780000,0x00000000eb780000,0x00000000eba80000)
 ParOldGen       total 166912K, used 157240K [0x00000000c0000000, 0x00000000ca300000, 0x00000000eab00000)
  object space 166912K, 94% used [0x00000000c0000000,0x00000000c998e018,0x00000000ca300000)
 Metaspace       used 103259K, committed 104768K, reserved 1179648K
  class space    used 10373K, committed 11072K, reserved 1048576K
}
Event: 32094.996 GC heap before
{Heap before GC invocations=7589 (full 135):
 PSYoungGen      total 11264K, used 10937K [0x00000000eab00000, 0x00000000eba80000, 0x0000000100000000)
  eden space 8192K, 100% used [0x00000000eab00000,0x00000000eb300000,0x00000000eb300000)
  from space 3072K, 89% used [0x00000000eb300000,0x00000000eb5ae7f0,0x00000000eb600000)
  to   space 3072K, 0% used [0x00000000eb780000,0x00000000eb780000,0x00000000eba80000)
 ParOldGen       total 166912K, used 157240K [0x00000000c0000000, 0x00000000ca300000, 0x00000000eab00000)
  object space 166912K, 94% used [0x00000000c0000000,0x00000000c998e018,0x00000000ca300000)
 Metaspace       used 103259K, committed 104768K, reserved 1179648K
  class space    used 10373K, committed 11072K, reserved 1048576K
}
Event: 32094.998 GC heap after
{Heap after GC invocations=7589 (full 135):
 PSYoungGen      total 12800K, used 2837K [0x00000000eab00000, 0x00000000eba80000, 0x0000000100000000)
  eden space 9728K, 0% used [0x00000000eab00000,0x00000000eab00000,0x00000000eb480000)
  from space 3072K, 92% used [0x00000000eb780000,0x00000000eba455c0,0x00000000eba80000)
  to   space 3072K, 0% used [0x00000000eb480000,0x00000000eb480000,0x00000000eb780000)
 ParOldGen       total 166912K, used 157264K [0x00000000c0000000, 0x00000000ca300000, 0x00000000eab00000)
  object space 166912K, 94% used [0x00000000c0000000,0x00000000c9994018,0x00000000ca300000)
 Metaspace       used 103259K, committed 104768K, reserved 1179648K
  class space    used 10373K, committed 11072K, reserved 1048576K
}
Event: 32095.008 GC heap before
{Heap before GC invocations=7590 (full 135):
 PSYoungGen      total 12800K, used 12565K [0x00000000eab00000, 0x00000000eba80000, 0x0000000100000000)
  eden space 9728K, 100% used [0x00000000eab00000,0x00000000eb480000,0x00000000eb480000)
  from space 3072K, 92% used [0x00000000eb780000,0x00000000eba455c0,0x00000000eba80000)
  to   space 3072K, 0% used [0x00000000eb480000,0x00000000eb480000,0x00000000eb780000)
 ParOldGen       total 166912K, used 157264K [0x00000000c0000000, 0x00000000ca300000, 0x00000000eab00000)
  object space 166912K, 94% used [0x00000000c0000000,0x00000000c9994018,0x00000000ca300000)
 Metaspace       used 103259K, committed 104768K, reserved 1179648K
  class space    used 10373K, committed 11072K, reserved 1048576K
}
Event: 32095.011 GC heap after
{Heap after GC invocations=7590 (full 135):
 PSYoungGen      total 12800K, used 1805K [0x00000000eab00000, 0x00000000ebb00000, 0x0000000100000000)
  eden space 9728K, 0% used [0x00000000eab00000,0x00000000eab00000,0x00000000eb480000)
  from space 3072K, 58% used [0x00000000eb480000,0x00000000eb643690,0x00000000eb780000)
  to   space 2560K, 0% used [0x00000000eb880000,0x00000000eb880000,0x00000000ebb00000)
 ParOldGen       total 166912K, used 158044K [0x00000000c0000000, 0x00000000ca300000, 0x00000000eab00000)
  object space 166912K, 94% used [0x00000000c0000000,0x00000000c9a57218,0x00000000ca300000)
 Metaspace       used 103259K, committed 104768K, reserved 1179648K
  class space    used 10373K, committed 11072K, reserved 1048576K
}
Event: 32095.027 GC heap before
{Heap before GC invocations=7591 (full 135):
 PSYoungGen      total 12800K, used 11533K [0x00000000eab00000, 0x00000000ebb00000, 0x0000000100000000)
  eden space 9728K, 100% used [0x00000000eab00000,0x00000000eb480000,0x00000000eb480000)
  from space 3072K, 58% used [0x00000000eb480000,0x00000000eb643690,0x00000000eb780000)
  to   space 2560K, 0% used [0x00000000eb880000,0x00000000eb880000,0x00000000ebb00000)
 ParOldGen       total 166912K, used 158044K [0x00000000c0000000, 0x00000000ca300000, 0x00000000eab00000)
  object space 166912K, 94% used [0x00000000c0000000,0x00000000c9a57218,0x00000000ca300000)
 Metaspace       used 103259K, committed 104768K, reserved 1179648K
  class space    used 10373K, committed 11072K, reserved 1048576K
}
Event: 32095.029 GC heap after
{Heap after GC invocations=7591 (full 135):
 PSYoungGen      total 10752K, used 570K [0x00000000eab00000, 0x00000000eb980000, 0x0000000100000000)
  eden space 9728K, 0% used [0x00000000eab00000,0x00000000eab00000,0x00000000eb480000)
  from space 1024K, 55% used [0x00000000eb880000,0x00000000eb90e920,0x00000000eb980000)
  to   space 1536K, 0% used [0x00000000eb680000,0x00000000eb680000,0x00000000eb800000)
 ParOldGen       total 166912K, used 158560K [0x00000000c0000000, 0x00000000ca300000, 0x00000000eab00000)
  object space 166912K, 94% used [0x00000000c0000000,0x00000000c9ad8278,0x00000000ca300000)
 Metaspace       used 103259K, committed 104768K, reserved 1179648K
  class space    used 10373K, committed 11072K, reserved 1048576K
}
Event: 32471.489 GC heap before
{Heap before GC invocations=7592 (full 135):
 PSYoungGen      total 10752K, used 10298K [0x00000000eab00000, 0x00000000eb980000, 0x0000000100000000)
  eden space 9728K, 100% used [0x00000000eab00000,0x00000000eb480000,0x00000000eb480000)
  from space 1024K, 55% used [0x00000000eb880000,0x00000000eb90e920,0x00000000eb980000)
  to   space 1536K, 0% used [0x00000000eb680000,0x00000000eb680000,0x00000000eb800000)
 ParOldGen       total 166912K, used 158560K [0x00000000c0000000, 0x00000000ca300000, 0x00000000eab00000)
  object space 166912K, 94% used [0x00000000c0000000,0x00000000c9ad8278,0x00000000ca300000)
 Metaspace       used 103262K, committed 104768K, reserved 1179648K
  class space    used 10373K, committed 11072K, reserved 1048576K
}
Event: 32471.491 GC heap after
{Heap after GC invocations=7592 (full 135):
 PSYoungGen      total 11264K, used 224K [0x00000000eab00000, 0x00000000eb900000, 0x0000000100000000)
  eden space 9728K, 0% used [0x00000000eab00000,0x00000000eab00000,0x00000000eb480000)
  from space 1536K, 14% used [0x00000000eb680000,0x00000000eb6b8000,0x00000000eb800000)
  to   space 512K, 0% used [0x00000000eb880000,0x00000000eb880000,0x00000000eb900000)
 ParOldGen       total 166912K, used 158560K [0x00000000c0000000, 0x00000000ca300000, 0x00000000eab00000)
  object space 166912K, 94% used [0x00000000c0000000,0x00000000c9ad8278,0x00000000ca300000)
 Metaspace       used 103262K, committed 104768K, reserved 1179648K
  class space    used 10373K, committed 11072K, reserved 1048576K
}

Dll operation events (12 events):
Event: 0.026 Loaded shared library c:\Users\user\.vscode\extensions\redhat.java-1.33.0-win32-x64\jre\17.0.11-win32-x86_64\bin\java.dll
Event: 0.186 Loaded shared library c:\Users\user\.vscode\extensions\redhat.java-1.33.0-win32-x64\jre\17.0.11-win32-x86_64\bin\zip.dll
Event: 0.190 Loaded shared library C:\Users\user\.vscode\extensions\redhat.java-1.33.0-win32-x64\jre\17.0.11-win32-x86_64\bin\instrument.dll
Event: 0.204 Loaded shared library C:\Users\user\.vscode\extensions\redhat.java-1.33.0-win32-x64\jre\17.0.11-win32-x86_64\bin\net.dll
Event: 0.207 Loaded shared library C:\Users\user\.vscode\extensions\redhat.java-1.33.0-win32-x64\jre\17.0.11-win32-x86_64\bin\nio.dll
Event: 0.215 Loaded shared library C:\Users\user\.vscode\extensions\redhat.java-1.33.0-win32-x64\jre\17.0.11-win32-x86_64\bin\zip.dll
Event: 0.233 Loaded shared library C:\Users\user\.vscode\extensions\redhat.java-1.33.0-win32-x64\jre\17.0.11-win32-x86_64\bin\jimage.dll
Event: 0.290 Loaded shared library c:\Users\user\.vscode\extensions\redhat.java-1.33.0-win32-x64\jre\17.0.11-win32-x86_64\bin\verify.dll
Event: 4.776 Loaded shared library C:\Users\user\AppData\Roaming\Code\User\globalStorage\redhat.java\1.33.0\config_win\org.eclipse.equinox.launcher\org.eclipse.equinox.launcher.win32.win32.x86_64_1.2.1100.v20240722-2106\eclipse_11904.dll
Event: 11.002 Loaded shared library C:\Users\user\AppData\Local\Temp\jna-573899587\jna11014766351879639675.dll
Event: 93.670 Loaded shared library C:\Users\user\.vscode\extensions\redhat.java-1.33.0-win32-x64\jre\17.0.11-win32-x86_64\bin\extnet.dll
Event: 4275.444 Loaded shared library C:\Users\user\.vscode\extensions\redhat.java-1.33.0-win32-x64\jre\17.0.11-win32-x86_64\bin\sunmscapi.dll

Deoptimization events (20 events):
Event: 26509.472 Thread 0x000001f1a7a20090 Uncommon trap: trap_request=0xffffffde fr.pc=0x000001f1965df318 relative=0x00000000000001f8
Event: 26509.472 Thread 0x000001f1a7a20090 Uncommon trap: reason=class_check action=maybe_recompile pc=0x000001f1965df318 method=java.util.stream.IntPipeline$1$1.accept(I)V @ 12 c2
Event: 26509.472 Thread 0x000001f1a7a20090 DEOPT PACKING pc=0x000001f1965df318 sp=0x00000046ebefe5c0
Event: 26509.472 Thread 0x000001f1a7a20090 DEOPT UNPACKING pc=0x000001f1950066a3 sp=0x00000046ebefe560 mode 2
Event: 32084.489 Thread 0x000001f1a587d8c0 Uncommon trap: trap_request=0xffffff66 fr.pc=0x000001f196bca928 relative=0x0000000000000d08
Event: 32084.489 Thread 0x000001f1a587d8c0 Uncommon trap: reason=speculate_class_check action=maybe_recompile pc=0x000001f196bca928 method=java.lang.invoke.VarHandleGuards.guard_LIL_L(Ljava/lang/invoke/VarHandle;Ljava/lang/Object;ILjava/lang/Object;Ljava/lang/invoke/VarHandle$AccessDescriptor;)Lja
Event: 32084.489 Thread 0x000001f1a587d8c0 DEOPT PACKING pc=0x000001f196bca928 sp=0x00000046e98fefa0
Event: 32084.490 Thread 0x000001f1a587d8c0 DEOPT UNPACKING pc=0x000001f1950066a3 sp=0x00000046e98fed08 mode 2
Event: 32085.111 Thread 0x000001f1a7a25bb0 Uncommon trap: trap_request=0xffffffde fr.pc=0x000001f1965df318 relative=0x00000000000001f8
Event: 32085.111 Thread 0x000001f1a7a25bb0 Uncommon trap: reason=class_check action=maybe_recompile pc=0x000001f1965df318 method=java.util.stream.IntPipeline$1$1.accept(I)V @ 12 c2
Event: 32085.111 Thread 0x000001f1a7a25bb0 DEOPT PACKING pc=0x000001f1965df318 sp=0x00000046ebefe7e0
Event: 32085.111 Thread 0x000001f1a7a25bb0 DEOPT UNPACKING pc=0x000001f1950066a3 sp=0x00000046ebefe780 mode 2
Event: 32095.038 Thread 0x000001f1a587d8c0 Uncommon trap: trap_request=0xffffff76 fr.pc=0x000001f1972038ac relative=0x000000000000138c
Event: 32095.038 Thread 0x000001f1a587d8c0 Uncommon trap: reason=predicate action=maybe_recompile pc=0x000001f1972038ac method=java.util.TimSort.mergeLo(IIII)V @ 270 c2
Event: 32095.038 Thread 0x000001f1a587d8c0 DEOPT PACKING pc=0x000001f1972038ac sp=0x00000046e98fd580
Event: 32095.038 Thread 0x000001f1a587d8c0 DEOPT UNPACKING pc=0x000001f1950066a3 sp=0x00000046e98fd558 mode 2
Event: 32471.429 Thread 0x000001f1a7a22910 Uncommon trap: trap_request=0xfffffff4 fr.pc=0x000001f197184f38 relative=0x0000000000000118
Event: 32471.429 Thread 0x000001f1a7a22910 Uncommon trap: reason=null_check action=make_not_entrant pc=0x000001f197184f38 method=org.eclipse.jdt.ls.core.internal.text.correction.CodeActionUtility.inferASTNode(Lorg/eclipse/jdt/core/dom/ASTNode;Ljava/lang/Class;)Lorg/eclipse/jdt/core/dom/ASTNode; @ 
Event: 32471.429 Thread 0x000001f1a7a22910 DEOPT PACKING pc=0x000001f197184f38 sp=0x00000046ecefeb90
Event: 32471.429 Thread 0x000001f1a7a22910 DEOPT UNPACKING pc=0x000001f1950066a3 sp=0x00000046ecefeb28 mode 2

Classes unloaded (20 events):
Event: 17089.831 Thread 0x000001f18ae9ead0 Unloading class 0x0000000100223800 'java/lang/invoke/LambdaForm$MH+0x0000000100223800'
Event: 17089.831 Thread 0x000001f18ae9ead0 Unloading class 0x00000001001b1c00 'java/lang/invoke/LambdaForm$MH+0x00000001001b1c00'
Event: 17089.831 Thread 0x000001f18ae9ead0 Unloading class 0x00000001001b1800 'java/lang/invoke/LambdaForm$MH+0x00000001001b1800'
Event: 17089.831 Thread 0x000001f18ae9ead0 Unloading class 0x00000001001b1400 'java/lang/invoke/LambdaForm$MH+0x00000001001b1400'
Event: 17089.831 Thread 0x000001f18ae9ead0 Unloading class 0x00000001001b1000 'java/lang/invoke/LambdaForm$MH+0x00000001001b1000'
Event: 17089.831 Thread 0x000001f18ae9ead0 Unloading class 0x00000001001b0c00 'java/lang/invoke/LambdaForm$MH+0x00000001001b0c00'
Event: 17089.831 Thread 0x000001f18ae9ead0 Unloading class 0x00000001001b0800 'java/lang/invoke/LambdaForm$MH+0x00000001001b0800'
Event: 17089.831 Thread 0x000001f18ae9ead0 Unloading class 0x00000001001b0400 'java/lang/invoke/LambdaForm$MH+0x00000001001b0400'
Event: 17089.831 Thread 0x000001f18ae9ead0 Unloading class 0x00000001001b0000 'java/lang/invoke/LambdaForm$MH+0x00000001001b0000'
Event: 17089.831 Thread 0x000001f18ae9ead0 Unloading class 0x000000010019a000 'java/lang/invoke/LambdaForm$MH+0x000000010019a000'
Event: 17089.831 Thread 0x000001f18ae9ead0 Unloading class 0x0000000100199800 'java/lang/invoke/LambdaForm$MH+0x0000000100199800'
Event: 17089.831 Thread 0x000001f18ae9ead0 Unloading class 0x0000000100199400 'java/lang/invoke/LambdaForm$MH+0x0000000100199400'
Event: 17089.831 Thread 0x000001f18ae9ead0 Unloading class 0x0000000100199000 'java/lang/invoke/LambdaForm$MH+0x0000000100199000'
Event: 17089.831 Thread 0x000001f18ae9ead0 Unloading class 0x0000000100198c00 'java/lang/invoke/LambdaForm$MH+0x0000000100198c00'
Event: 17089.831 Thread 0x000001f18ae9ead0 Unloading class 0x0000000100198400 'java/lang/invoke/LambdaForm$MH+0x0000000100198400'
Event: 18722.792 Thread 0x000001f18ae9ead0 Unloading class 0x0000000100690400 'java/lang/invoke/LambdaForm$MH+0x0000000100690400'
Event: 18722.792 Thread 0x000001f18ae9ead0 Unloading class 0x0000000100690800 'java/lang/invoke/LambdaForm$MH+0x0000000100690800'
Event: 18722.792 Thread 0x000001f18ae9ead0 Unloading class 0x0000000100904400 'java/lang/invoke/LambdaForm$MH+0x0000000100904400'
Event: 18722.792 Thread 0x000001f18ae9ead0 Unloading class 0x0000000100905000 'java/lang/invoke/LambdaForm$MH+0x0000000100905000'
Event: 18722.792 Thread 0x000001f18ae9ead0 Unloading class 0x0000000100a00800 'java/lang/invoke/LambdaForm$MH+0x0000000100a00800'

Classes redefined (0 events):
No events

Internal exceptions (20 events):
Event: 24740.053 Thread 0x000001f1a587d8c0 Exception <a 'sun/nio/fs/WindowsException'{0x00000000eb255110}> (0x00000000eb255110) 
thrown [s\src\hotspot\share\prims\jni.cpp, line 516]
Event: 24740.053 Thread 0x000001f1a587d8c0 Exception <a 'sun/nio/fs/WindowsException'{0x00000000eb255a70}> (0x00000000eb255a70) 
thrown [s\src\hotspot\share\prims\jni.cpp, line 516]
Event: 24740.053 Thread 0x000001f1a587d8c0 Exception <a 'sun/nio/fs/WindowsException'{0x00000000eb255d40}> (0x00000000eb255d40) 
thrown [s\src\hotspot\share\prims\jni.cpp, line 516]
Event: 26507.986 Thread 0x000001f1a7a25bb0 Exception <a 'sun/nio/fs/WindowsException'{0x00000000eb219d88}> (0x00000000eb219d88) 
thrown [s\src\hotspot\share\prims\jni.cpp, line 516]
Event: 26507.987 Thread 0x000001f1a7a25bb0 Exception <a 'sun/nio/fs/WindowsException'{0x00000000eb21a8a8}> (0x00000000eb21a8a8) 
thrown [s\src\hotspot\share\prims\jni.cpp, line 516]
Event: 26507.987 Thread 0x000001f1a7a25bb0 Exception <a 'sun/nio/fs/WindowsException'{0x00000000eb21bb70}> (0x00000000eb21bb70) 
thrown [s\src\hotspot\share\prims\jni.cpp, line 516]
Event: 26507.987 Thread 0x000001f1a7a25bb0 Exception <a 'sun/nio/fs/WindowsException'{0x00000000eb21c670}> (0x00000000eb21c670) 
thrown [s\src\hotspot\share\prims\jni.cpp, line 516]
Event: 26507.987 Thread 0x000001f1a7a25bb0 Exception <a 'sun/nio/fs/WindowsException'{0x00000000eb21e638}> (0x00000000eb21e638) 
thrown [s\src\hotspot\share\prims\jni.cpp, line 516]
Event: 26507.987 Thread 0x000001f1a7a25bb0 Exception <a 'sun/nio/fs/WindowsException'{0x00000000eb21ee90}> (0x00000000eb21ee90) 
thrown [s\src\hotspot\share\prims\jni.cpp, line 516]
Event: 26507.990 Thread 0x000001f1a7a25bb0 Exception <a 'sun/nio/fs/WindowsException'{0x00000000eb23ce70}> (0x00000000eb23ce70) 
thrown [s\src\hotspot\share\prims\jni.cpp, line 516]
Event: 26507.990 Thread 0x000001f1a7a25bb0 Exception <a 'sun/nio/fs/WindowsException'{0x00000000eb23dc38}> (0x00000000eb23dc38) 
thrown [s\src\hotspot\share\prims\jni.cpp, line 516]
Event: 26508.113 Thread 0x000001f1a7a27500 Exception <a 'sun/nio/fs/WindowsException'{0x00000000eb0c3580}> (0x00000000eb0c3580) 
thrown [s\src\hotspot\share\prims\jni.cpp, line 516]
Event: 26508.113 Thread 0x000001f1a7a27500 Exception <a 'sun/nio/fs/WindowsException'{0x00000000eb0c3850}> (0x00000000eb0c3850) 
thrown [s\src\hotspot\share\prims\jni.cpp, line 516]
Event: 26508.113 Thread 0x000001f1a7a27500 Exception <a 'sun/nio/fs/WindowsException'{0x00000000eb0c41b0}> (0x00000000eb0c41b0) 
thrown [s\src\hotspot\share\prims\jni.cpp, line 516]
Event: 26508.113 Thread 0x000001f1a7a27500 Exception <a 'sun/nio/fs/WindowsException'{0x00000000eb0c4480}> (0x00000000eb0c4480) 
thrown [s\src\hotspot\share\prims\jni.cpp, line 516]
Event: 32084.730 Thread 0x000001f1a587b550 Exception <a 'sun/nio/fs/WindowsException'{0x00000000eafc9b68}> (0x00000000eafc9b68) 
thrown [s\src\hotspot\share\prims\jni.cpp, line 516]
Event: 32084.730 Thread 0x000001f1a587b550 Exception <a 'sun/nio/fs/WindowsException'{0x00000000eafc9e38}> (0x00000000eafc9e38) 
thrown [s\src\hotspot\share\prims\jni.cpp, line 516]
Event: 32084.730 Thread 0x000001f1a587b550 Exception <a 'sun/nio/fs/WindowsException'{0x00000000eafca798}> (0x00000000eafca798) 
thrown [s\src\hotspot\share\prims\jni.cpp, line 516]
Event: 32084.730 Thread 0x000001f1a587b550 Exception <a 'sun/nio/fs/WindowsException'{0x00000000eafcaa68}> (0x00000000eafcaa68) 
thrown [s\src\hotspot\share\prims\jni.cpp, line 516]
Event: 32471.598 Thread 0x000001f1a7a22910 Implicit null exception at 0x000001f19567757c to 0x0000000000000000

VM Operations (20 events):
Event: 32087.835 Executing VM operation: HandshakeAllThreads
Event: 32087.835 Executing VM operation: HandshakeAllThreads done
Event: 32094.973 Executing VM operation: ParallelGCFailedAllocation
Event: 32094.976 Executing VM operation: ParallelGCFailedAllocation done
Event: 32094.982 Executing VM operation: ParallelGCFailedAllocation
Event: 32094.985 Executing VM operation: ParallelGCFailedAllocation done
Event: 32094.989 Executing VM operation: ParallelGCFailedAllocation
Event: 32094.991 Executing VM operation: ParallelGCFailedAllocation done
Event: 32094.996 Executing VM operation: ParallelGCFailedAllocation
Event: 32095.000 Executing VM operation: ParallelGCFailedAllocation done
Event: 32095.008 Executing VM operation: ParallelGCFailedAllocation
Event: 32095.012 Executing VM operation: ParallelGCFailedAllocation done
Event: 32095.027 Executing VM operation: ParallelGCFailedAllocation
Event: 32095.029 Executing VM operation: ParallelGCFailedAllocation done
Event: 32147.919 Executing VM operation: HandshakeAllThreads
Event: 32147.920 Executing VM operation: HandshakeAllThreads done
Event: 32158.975 Executing VM operation: Cleanup
Event: 32158.975 Executing VM operation: Cleanup done
Event: 32471.489 Executing VM operation: ParallelGCFailedAllocation
Event: 32471.491 Executing VM operation: ParallelGCFailedAllocation done

Events (20 events):
Event: 32084.433 Thread 0x000001f1a7a27500 Thread exited: 0x000001f1a7a27500
Event: 32084.489 Thread 0x000001f1a587ab30 Thread added: 0x000001f1a587ab30
Event: 32084.722 Thread 0x000001f1a587b550 Thread added: 0x000001f1a587b550
Event: 32084.732 Thread 0x000001f1a587c480 Thread added: 0x000001f1a587c480
Event: 32084.958 Thread 0x000001f1a7a25bb0 Thread added: 0x000001f1a7a25bb0
Event: 32084.958 Thread 0x000001f1a587c480 Thread exited: 0x000001f1a587c480
Event: 32085.112 Thread 0x000001f1a7a25bb0 Thread exited: 0x000001f1a7a25bb0
Event: 32094.976 Thread 0x000001f1a7a25bb0 Thread added: 0x000001f1a7a25bb0
Event: 32094.977 Thread 0x000001f1a7a26ff0 Thread added: 0x000001f1a7a26ff0
Event: 32094.977 Thread 0x000001f1a7a27500 Thread added: 0x000001f1a7a27500
Event: 32094.977 Thread 0x000001f1a7a20090 Thread added: 0x000001f1a7a20090
Event: 32094.977 Thread 0x000001f1a7a22910 Thread added: 0x000001f1a7a22910
Event: 32155.046 Thread 0x000001f1a587d8c0 Thread exited: 0x000001f1a587d8c0
Event: 32215.060 Thread 0x000001f1a7a26ff0 Thread exited: 0x000001f1a7a26ff0
Event: 32275.067 Thread 0x000001f1a7a25bb0 Thread exited: 0x000001f1a7a25bb0
Event: 32335.069 Thread 0x000001f1a7a20090 Thread exited: 0x000001f1a7a20090
Event: 32395.082 Thread 0x000001f1a7a27500 Thread exited: 0x000001f1a7a27500
Event: 32455.092 Thread 0x000001f1a587ab30 Thread exited: 0x000001f1a587ab30
Event: 32471.413 Thread 0x000001f1a7a25bb0 Thread added: 0x000001f1a7a25bb0
Event: 32471.417 Thread 0x000001f1a7a26ff0 Thread added: 0x000001f1a7a26ff0


Dynamic libraries:
0x00007ff7a37a0000 - 0x00007ff7a37ae000 	c:\Users\user\.vscode\extensions\redhat.java-1.33.0-win32-x64\jre\17.0.11-win32-x86_64\bin\java.exe
0x00007fff79f50000 - 0x00007fff7a167000 	C:\Windows\SYSTEM32\ntdll.dll
0x00007fff793e0000 - 0x00007fff794a4000 	C:\Windows\System32\KERNEL32.DLL
0x00007fff77270000 - 0x00007fff77617000 	C:\Windows\System32\KERNELBASE.dll
0x00007fff776c0000 - 0x00007fff777d1000 	C:\Windows\System32\ucrtbase.dll
0x00007fff5a040000 - 0x00007fff5a057000 	c:\Users\user\.vscode\extensions\redhat.java-1.33.0-win32-x64\jre\17.0.11-win32-x86_64\bin\jli.dll
0x00007fff6b610000 - 0x00007fff6b62b000 	c:\Users\user\.vscode\extensions\redhat.java-1.33.0-win32-x64\jre\17.0.11-win32-x86_64\bin\VCRUNTIME140.dll
0x00007fff798e0000 - 0x00007fff79a8e000 	C:\Windows\System32\USER32.dll
0x00007fff777e0000 - 0x00007fff77806000 	C:\Windows\System32\win32u.dll
0x00007fff61400000 - 0x00007fff61693000 	C:\Windows\WinSxS\amd64_microsoft.windows.common-controls_6595b64144ccf1df_6.0.22621.3527_none_270e469b73872a76\COMCTL32.dll
0x00007fff797b0000 - 0x00007fff797d9000 	C:\Windows\System32\GDI32.dll
0x00007fff794b0000 - 0x00007fff79557000 	C:\Windows\System32\msvcrt.dll
0x00007fff77980000 - 0x00007fff77a99000 	C:\Windows\System32\gdi32full.dll
0x00007fff77620000 - 0x00007fff776ba000 	C:\Windows\System32\msvcp_win.dll
0x00007fff79340000 - 0x00007fff79371000 	C:\Windows\System32\IMM32.DLL
0x00007fff65580000 - 0x00007fff6558c000 	c:\Users\user\.vscode\extensions\redhat.java-1.33.0-win32-x64\jre\17.0.11-win32-x86_64\bin\vcruntime140_1.dll
0x00007ffefc740000 - 0x00007ffefc7cd000 	c:\Users\user\.vscode\extensions\redhat.java-1.33.0-win32-x64\jre\17.0.11-win32-x86_64\bin\msvcp140.dll
0x00007ffefbad0000 - 0x00007ffefc732000 	c:\Users\user\.vscode\extensions\redhat.java-1.33.0-win32-x64\jre\17.0.11-win32-x86_64\bin\server\jvm.dll
0x00007fff77d60000 - 0x00007fff77e12000 	C:\Windows\System32\ADVAPI32.dll
0x00007fff78430000 - 0x00007fff784d8000 	C:\Windows\System32\sechost.dll
0x00007fff77aa0000 - 0x00007fff77ac8000 	C:\Windows\System32\bcrypt.dll
0x00007fff79b10000 - 0x00007fff79c25000 	C:\Windows\System32\RPCRT4.dll
0x00007fff760b0000 - 0x00007fff760fd000 	C:\Windows\SYSTEM32\POWRPROF.dll
0x00007fff5a060000 - 0x00007fff5a069000 	C:\Windows\SYSTEM32\WSOCK32.dll
0x00007fff79a90000 - 0x00007fff79b01000 	C:\Windows\System32\WS2_32.dll
0x00007fff6b1e0000 - 0x00007fff6b1ea000 	C:\Windows\SYSTEM32\VERSION.dll
0x00007fff6b3a0000 - 0x00007fff6b3d4000 	C:\Windows\SYSTEM32\WINMM.dll
0x00007fff76090000 - 0x00007fff760a3000 	C:\Windows\SYSTEM32\UMPDC.dll
0x00007fff76340000 - 0x00007fff76358000 	C:\Windows\SYSTEM32\kernel.appcore.dll
0x00007fff60170000 - 0x00007fff6017a000 	c:\Users\user\.vscode\extensions\redhat.java-1.33.0-win32-x64\jre\17.0.11-win32-x86_64\bin\jimage.dll
0x00007fff74590000 - 0x00007fff747c2000 	C:\Windows\SYSTEM32\DBGHELP.DLL
0x00007fff77e20000 - 0x00007fff781a8000 	C:\Windows\System32\combase.dll
0x00007fff77c80000 - 0x00007fff77d57000 	C:\Windows\System32\OLEAUT32.dll
0x00007fff58fd0000 - 0x00007fff59002000 	C:\Windows\SYSTEM32\dbgcore.DLL
0x00007fff77ad0000 - 0x00007fff77b49000 	C:\Windows\System32\bcryptPrimitives.dll
0x00007fff5fe90000 - 0x00007fff5fe9e000 	c:\Users\user\.vscode\extensions\redhat.java-1.33.0-win32-x64\jre\17.0.11-win32-x86_64\bin\instrument.dll
0x00007fff18910000 - 0x00007fff18935000 	c:\Users\user\.vscode\extensions\redhat.java-1.33.0-win32-x64\jre\17.0.11-win32-x86_64\bin\java.dll
0x00007fff31fc0000 - 0x00007fff31fd8000 	c:\Users\user\.vscode\extensions\redhat.java-1.33.0-win32-x64\jre\17.0.11-win32-x86_64\bin\zip.dll
0x00007fff78960000 - 0x00007fff791bc000 	C:\Windows\System32\SHELL32.dll
0x00007fff75170000 - 0x00007fff75a66000 	C:\Windows\SYSTEM32\windows.storage.dll
0x00007fff75030000 - 0x00007fff7516e000 	C:\Windows\SYSTEM32\wintypes.dll
0x00007fff797e0000 - 0x00007fff798d5000 	C:\Windows\System32\SHCORE.dll
0x00007fff79380000 - 0x00007fff793de000 	C:\Windows\System32\shlwapi.dll
0x00007fff771a0000 - 0x00007fff771c1000 	C:\Windows\SYSTEM32\profapi.dll
0x00007fff310b0000 - 0x00007fff310c9000 	C:\Users\user\.vscode\extensions\redhat.java-1.33.0-win32-x64\jre\17.0.11-win32-x86_64\bin\net.dll
0x00007fff6d850000 - 0x00007fff6d986000 	C:\Windows\SYSTEM32\WINHTTP.dll
0x00007fff767a0000 - 0x00007fff76809000 	C:\Windows\system32\mswsock.dll
0x00007fff30bc0000 - 0x00007fff30bd6000 	C:\Users\user\.vscode\extensions\redhat.java-1.33.0-win32-x64\jre\17.0.11-win32-x86_64\bin\nio.dll
0x00007fff45810000 - 0x00007fff45820000 	c:\Users\user\.vscode\extensions\redhat.java-1.33.0-win32-x64\jre\17.0.11-win32-x86_64\bin\verify.dll
0x00007fff2ea20000 - 0x00007fff2ea65000 	C:\Users\user\AppData\Roaming\Code\User\globalStorage\redhat.java\1.33.0\config_win\org.eclipse.equinox.launcher\org.eclipse.equinox.launcher.win32.win32.x86_64_1.2.1100.v20240722-2106\eclipse_11904.dll
0x00007fff78280000 - 0x00007fff78425000 	C:\Windows\System32\ole32.dll
0x00007fff76af0000 - 0x00007fff76b0b000 	C:\Windows\SYSTEM32\CRYPTSP.dll
0x00007fff762a0000 - 0x00007fff762d5000 	C:\Windows\system32\rsaenh.dll
0x00007fff76840000 - 0x00007fff76868000 	C:\Windows\SYSTEM32\USERENV.dll
0x00007fff76ad0000 - 0x00007fff76adc000 	C:\Windows\SYSTEM32\CRYPTBASE.dll
0x00007fff75d80000 - 0x00007fff75dad000 	C:\Windows\SYSTEM32\IPHLPAPI.DLL
0x00007fff79c30000 - 0x00007fff79c39000 	C:\Windows\System32\NSI.dll
0x00007fff6d510000 - 0x00007fff6d529000 	C:\Windows\SYSTEM32\dhcpcsvc6.DLL
0x00007fff6d390000 - 0x00007fff6d3af000 	C:\Windows\SYSTEM32\dhcpcsvc.DLL
0x00007fff75db0000 - 0x00007fff75ea8000 	C:\Windows\SYSTEM32\DNSAPI.dll
0x00007ffefc900000 - 0x00007ffefc945000 	C:\Users\user\AppData\Local\Temp\jna-573899587\jna11014766351879639675.dll
0x00007fff79560000 - 0x00007fff79568000 	C:\Windows\System32\PSAPI.DLL
0x00007fff3ca40000 - 0x00007fff3ca49000 	C:\Users\user\.vscode\extensions\redhat.java-1.33.0-win32-x64\jre\17.0.11-win32-x86_64\bin\extnet.dll
0x00007fff3ca50000 - 0x00007fff3ca5e000 	C:\Users\user\.vscode\extensions\redhat.java-1.33.0-win32-x64\jre\17.0.11-win32-x86_64\bin\sunmscapi.dll
0x00007fff77810000 - 0x00007fff77978000 	C:\Windows\System32\CRYPT32.dll
0x00007fff76bf0000 - 0x00007fff76c1e000 	C:\Windows\SYSTEM32\ncrypt.dll
0x00007fff76bb0000 - 0x00007fff76be7000 	C:\Windows\SYSTEM32\NTASN1.dll
0x00007fff69f50000 - 0x00007fff69f5a000 	C:\Windows\System32\rasadhlp.dll
0x00007fff6a230000 - 0x00007fff6a2b3000 	C:\Windows\System32\fwpuclnt.dll
0x00007fff37fc0000 - 0x00007fff37fc8000 	C:\Windows\system32\wshunix.dll
0x00007fff76360000 - 0x00007fff76394000 	C:\Windows\SYSTEM32\ntmarta.dll

dbghelp: loaded successfully - version: 4.0.5 - missing functions: none
symbol engine: initialized successfully - sym options: 0x614 - pdb path: .;c:\Users\user\.vscode\extensions\redhat.java-1.33.0-win32-x64\jre\17.0.11-win32-x86_64\bin;C:\Windows\SYSTEM32;C:\Windows\WinSxS\amd64_microsoft.windows.common-controls_6595b64144ccf1df_6.0.22621.3527_none_270e469b73872a76;c:\Users\user\.vscode\extensions\redhat.java-1.33.0-win32-x64\jre\17.0.11-win32-x86_64\bin\server;C:\Users\user\AppData\Roaming\Code\User\globalStorage\redhat.java\1.33.0\config_win\org.eclipse.equinox.launcher\org.eclipse.equinox.launcher.win32.win32.x86_64_1.2.1100.v20240722-2106;C:\Users\user\AppData\Local\Temp\jna-573899587

VM Arguments:
jvm_args: --add-modules=ALL-SYSTEM --add-opens=java.base/java.util=ALL-UNNAMED --add-opens=java.base/java.lang=ALL-UNNAMED --add-opens=java.base/sun.nio.fs=ALL-UNNAMED -Declipse.application=org.eclipse.jdt.ls.core.id1 -Dosgi.bundles.defaultStartLevel=4 -Declipse.product=org.eclipse.jdt.ls.core.product -Djava.import.generatesMetadataFilesAtProjectRoot=false -DDetectVMInstallationsJob.disabled=true -Dfile.encoding=utf8 -XX:+UseParallelGC -XX:GCTimeRatio=4 -XX:AdaptiveSizePolicyWeight=90 -Dsun.zip.disableMemoryMapping=true -Xmx1G -Xms100m -Xlog:disable -javaagent:c:\Users\user\.vscode\extensions\redhat.java-1.33.0-win32-x64\lombok\lombok-1.18.33.jar -XX:+HeapDumpOnOutOfMemoryError -XX:HeapDumpPath=c:\Users\user\AppData\Roaming\Code\User\workspaceStorage\4c3f05e5e1a0e64a882b027ab0a2b8de\redhat.java -Daether.dependencyCollector.impl=bf 
java_command: c:\Users\user\.vscode\extensions\redhat.java-1.33.0-win32-x64\server\plugins\org.eclipse.equinox.launcher_1.6.900.v20240613-2009.jar -configuration c:\Users\user\AppData\Roaming\Code\User\globalStorage\redhat.java\1.33.0\config_win -data c:\Users\user\AppData\Roaming\Code\User\workspaceStorage\4c3f05e5e1a0e64a882b027ab0a2b8de\redhat.java\jdt_ws --pipe=\\.\pipe\lsp-d35f921be025d486a92e84441add4e80-sock
java_class_path (initial): c:\Users\user\.vscode\extensions\redhat.java-1.33.0-win32-x64\server\plugins\org.eclipse.equinox.launcher_1.6.900.v20240613-2009.jar
Launcher Type: SUN_STANDARD

[Global flags]
    uintx AdaptiveSizePolicyWeight                 = 90                                        {product} {command line}
     intx CICompilerCount                          = 4                                         {product} {ergonomic}
    uintx GCTimeRatio                              = 4                                         {product} {command line}
     bool HeapDumpOnOutOfMemoryError               = true                                   {manageable} {command line}
    ccstr HeapDumpPath                             = c:\Users\user\AppData\Roaming\Code\User\workspaceStorage\4c3f05e5e1a0e64a882b027ab0a2b8de\redhat.java         {manageable} {command line}
   size_t InitialHeapSize                          = 104857600                                 {product} {command line}
   size_t MaxHeapSize                              = 1073741824                                {product} {command line}
   size_t MaxNewSize                               = 357564416                                 {product} {ergonomic}
   size_t MinHeapDeltaBytes                        = 524288                                    {product} {ergonomic}
   size_t MinHeapSize                              = 104857600                                 {product} {command line}
   size_t NewSize                                  = 34603008                                  {product} {ergonomic}
    uintx NonNMethodCodeHeapSize                   = 5839372                                {pd product} {ergonomic}
    uintx NonProfiledCodeHeapSize                  = 122909434                              {pd product} {ergonomic}
   size_t OldSize                                  = 70254592                                  {product} {ergonomic}
    uintx ProfiledCodeHeapSize                     = 122909434                              {pd product} {ergonomic}
    uintx ReservedCodeCacheSize                    = 251658240                              {pd product} {ergonomic}
     bool SegmentedCodeCache                       = true                                      {product} {ergonomic}
   size_t SoftMaxHeapSize                          = 1073741824                             {manageable} {ergonomic}
     bool UseCompressedClassPointers               = true                           {product lp64_product} {ergonomic}
     bool UseCompressedOops                        = true                           {product lp64_product} {ergonomic}
     bool UseLargePagesIndividualAllocation        = false                                  {pd product} {ergonomic}
     bool UseParallelGC                            = true                                      {product} {command line}

Logging:
Log output configuration:
 #0: stdout all=off uptime,level,tags
 #1: stderr all=off uptime,level,tags

Environment Variables:
PATH=C:\Program Files\Microsoft MPI\Bin\;C:\Program Files\Eclipse Adoptium\jdk-21.0.1.12-hotspot\bin;C:\Windows\system32;C:\Windows;C:\Windows\System32\Wbem;C:\Windows\System32\WindowsPowerShell\v1.0\;C:\Windows\System32\OpenSSH\;C:\Program Files (x86)\Microsoft SQL Server\160\Tools\Binn\;C:\Program Files\Microsoft SQL Server\160\Tools\Binn\;C:\Program Files\Microsoft SQL Server\Client SDK\ODBC\170\Tools\Binn\;C:\Program Files\Microsoft SQL Server\160\DTS\Binn\;C:\Program Files (x86)\Microsoft SQL Server\160\DTS\Binn\;C:\Program Files\Azure Data Studio\bin;C:\Program Files\Git\cmd;C:\xampp\php;C:\ProgramData\ComposerSetup\bin;C:\Program Files\nodejs\;C:\Program Files\Microsoft SQL Server\150\Tools\Binn\;C:\Program Files\dotnet\;C:\Program Files (x86)\Windows Kits\10\Windows Performance Toolkit\;C:\Program Files\MySQL\MySQL Shell 8.0\bin\;C:\Users\user\AppData\Local\Microsoft\WindowsApps;C:\Users\user\AppData\Local\GitHubDesktop\bin;C:\Program Files\Azure Data Studio\bin;C:\Users\user\AppData\Roaming\Composer\vendor\bin;C:\Users\user\AppData\Local\Programs\Microsoft VS Code\bin;C:\Users\user\AppData\Roaming\npm;C:\Users\user\.dotnet\tools
USERNAME=Shawnelle
OS=Windows_NT
PROCESSOR_IDENTIFIER=Intel64 Family 6 Model 142 Stepping 12, GenuineIntel
TMP=C:\Users\user\AppData\Local\Temp
TEMP=C:\Users\user\AppData\Local\Temp



Periodic native trim disabled


---------------  S Y S T E M  ---------------

OS:
 Windows 11 , 64 bit Build 22621 (10.0.22621.3527)
OS uptime: 0 days 9:02 hours
Hyper-V role detected

CPU: total 8 (initial active 8) (4 cores per cpu, 2 threads per core) family 6 model 142 stepping 12 microcode 0xf4, cx8, cmov, fxsr, ht, mmx, 3dnowpref, sse, sse2, sse3, ssse3, sse4.1, sse4.2, popcnt, lzcnt, tsc, tscinvbit, avx, avx2, aes, erms, clmul, bmi1, bmi2, adx, fma, vzeroupper, clflush, clflushopt, hv
Processor Information for all 8 processors :
  Max Mhz: 2208, Current Mhz: 1706, Mhz Limit: 1700

Memory: 4k page, system-wide physical 16050M (5408M free)
TotalPageFile size 21170M (AvailPageFile size 4715M)
current process WorkingSet (physical memory assigned to process): 320M, peak: 885M
current process commit charge ("private bytes"): 547M, peak: 746M

vm_info: OpenJDK 64-Bit Server VM (17.0.11+9) for windows-amd64 JRE (17.0.11+9), built on Apr 17 2024 06:07:48 by "admin" with MS VC++ 16.10 / 16.11 (VS2019)

END.
