#
# A fatal error has been detected by the Java Runtime Environment:
#
#  EXCEPTION_ACCESS_VIOLATION (0xc0000005) at pc=0x00007ffcc27ed670, pid=14112, tid=13792
#
# JRE version: OpenJDK Runtime Environment Temurin-17.0.11+9 (17.0.11+9) (build 17.0.11+9)
# Java VM: OpenJDK 64-Bit Server VM Temurin-17.0.11+9 (17.0.11+9, mixed mode, tiered, compressed oops, compressed class ptrs, parallel gc, windows-amd64)
# Problematic frame:
# V  [jvm.dll+0x9bd670]
#
# No core dump will be written. Minidumps are not enabled by default on client versions of Windows
#
# If you would like to submit a bug report, please visit:
#   https://github.com/adoptium/adoptium-support/issues
#

---------------  S U M M A R Y ------------

Command Line: --add-modules=ALL-SYSTEM --add-opens=java.base/java.util=ALL-UNNAMED --add-opens=java.base/java.lang=ALL-UNNAMED --add-opens=java.base/sun.nio.fs=ALL-UNNAMED -Declipse.application=org.eclipse.jdt.ls.core.id1 -Dosgi.bundles.defaultStartLevel=4 -Declipse.product=org.eclipse.jdt.ls.core.product -Djava.import.generatesMetadataFilesAtProjectRoot=false -DDetectVMInstallationsJob.disabled=true -Dfile.encoding=utf8 -XX:+UseParallelGC -XX:GCTimeRatio=4 -XX:AdaptiveSizePolicyWeight=90 -Dsun.zip.disableMemoryMapping=true -Xmx1G -Xms100m -Xlog:disable -javaagent:c:\Users\user\.vscode\extensions\redhat.java-1.33.0-win32-x64\lombok\lombok-1.18.33.jar -XX:+HeapDumpOnOutOfMemoryError -XX:HeapDumpPath=c:\Users\user\AppData\Roaming\Code\User\workspaceStorage\4c3f05e5e1a0e64a882b027ab0a2b8de\redhat.java -Daether.dependencyCollector.impl=bf c:\Users\user\.vscode\extensions\redhat.java-1.33.0-win32-x64\server\plugins\org.eclipse.equinox.launcher_1.6.900.v20240613-2009.jar -configuration c:\Users\user\AppData\Roaming\Code\User\globalStorage\redhat.java\1.33.0\config_win -data c:\Users\user\AppData\Roaming\Code\User\workspaceStorage\4c3f05e5e1a0e64a882b027ab0a2b8de\redhat.java\jdt_ws --pipe=\\.\pipe\lsp-71af3cd90b5ba2d264ad3cd3ac9f2d50-sock

Host: Intel(R) Core(TM) i5-10310U CPU @ 1.70GHz, 8 cores, 15G,  Windows 11 , 64 bit Build 22621 (10.0.22621.3527)
Time: Mon Aug 19 20:08:16 2024 Eastern Summer Time elapsed time: 7626.211734 seconds (0d 2h 7m 6s)

---------------  T H R E A D  ---------------

Current thread (0x00000164fdd18380):  GCTaskThread "GC Thread#1" [stack: 0x0000002ff4400000,0x0000002ff4500000] [id=13792]

Stack: [0x0000002ff4400000,0x0000002ff4500000],  sp=0x0000002ff44ff738,  free space=1021k
Native frames: (J=compiled Java code, j=interpreted, Vv=VM code, C=native code)
V  [jvm.dll+0x9bd670]


siginfo: EXCEPTION_ACCESS_VIOLATION (0xc0000005), data execution prevention violation at address 0x00007ffcc27ed670


Registers:
RAX=0x0000000000000164, RBX=0x00000164f72f7170, RCX=0x0000002ff44ff790, RDX=0x00000000c5d6ec30
RSP=0x0000002ff44ff738, RBP=0x00007ffcc274bb80, RSI=0x00007ffcc27e11c8, RDI=0x0000000000014984
R8 =0x0000000100288af8, R9 =0x0000000000000001, R10=0x0000000000000000, R11=0x0000000000000099
R12=0x00000000000003d8, R13=0x0000002ff44ff8f0, R14=0x00007ffcc295c7c0, R15=0x0000000000000000
RIP=0x00007ffcc27ed670, EFLAGS=0x0000000000010202


Register to memory mapping:

RIP=0x00007ffcc27ed670 jvm.dll
RAX=0x0000000000000164 is an unknown value
RBX=0x00000164f72f7170 points into unknown readable memory: 0x00000164e1380150 | 50 01 38 e1 64 01 00 00
RCX=0x0000002ff44ff790 points into unknown readable memory: 0x00007ffcc27e11c8 | c8 11 7e c2 fc 7f 00 00
RDX=0x00000000c5d6ec30 points into unknown readable memory: 0x0000000000000021 | 21 00 00 00 00 00 00 00
RSP=0x0000002ff44ff738 points into unknown readable memory: 0x00007ffcc24e07a4 | a4 07 4e c2 fc 7f 00 00
RBP=0x00007ffcc274bb80 jvm.dll
RSI=0x00007ffcc27e11c8 jvm.dll
RDI=0x0000000000014984 is an unknown value
R8 =0x0000000100288af8 is pointing into metadata
R9 =0x0000000000000001 is an unknown value
R10=0x0 is NULL
R11=0x0000000000000099 is an unknown value
R12=0x00000000000003d8 is an unknown value
R13=0x0000002ff44ff8f0 points into unknown readable memory: 0x00007ffcc27e1bc0 | c0 1b 7e c2 fc 7f 00 00
R14=0x00007ffcc295c7c0 jvm.dll
R15=0x0 is NULL


Top of Stack: (sp=0x0000002ff44ff738)
0x0000002ff44ff738:   00007ffcc24e07a4 00007ffcc27e11c8
0x0000002ff44ff748:   00000164f72f7170 00007ffcc274bb80
0x0000002ff44ff758:   0000000000014946 0000000000000000
0x0000002ff44ff768:   0000000000000000 00000164fdde48f0
0x0000002ff44ff778:   00007ffcc2610001 0000002ff44ff801
0x0000002ff44ff788:   00000000c026dcf0 00007ffcc27e11c8
0x0000002ff44ff798:   00000164e34c72d0 0000016400000003
0x0000002ff44ff7a8:   00000164f72f7170 0000000000000000
0x0000002ff44ff7b8:   0000000000000000 00000164fdde48f0
0x0000002ff44ff7c8:   00000164fc681698 00000164fd6e0080
0x0000002ff44ff7d8:   00000164fc6812c0 00000164fc6812b0
0x0000002ff44ff7e8:   00007ffcc24e5318 00000164f72f7170
0x0000002ff44ff7f8:   00000164fc6812b0 00000164fc6812c0
0x0000002ff44ff808:   00000164f72f7170 00007ffcc27e19b8
0x0000002ff44ff818:   00000164f72f7170 00007ffcc2784b10
0x0000002ff44ff828:   0000002ff44ff810 0000000000000000
0x0000002ff44ff838:   0000000000000222 0000000000000006
0x0000002ff44ff848:   0000000000000001 00007ffcc27e19b8
0x0000002ff44ff858:   0000002ff39ff000 0000016481568300
0x0000002ff44ff868:   00007ffcc2618338 0000000000000d35
0x0000002ff44ff878:   0000016481568488 0000002ff44ff8f0
0x0000002ff44ff888:   000000000000002f 0000002ff39ff140
0x0000002ff44ff898:   00007ffcc24e9d0d 0000000000000000
0x0000002ff44ff8a8:   0000002ff44ff920 00000164fdd18380
0x0000002ff44ff8b8:   0000002ff39ff000 0000002ff39ff3a0
0x0000002ff44ff8c8:   00000164fc6812b0 0000000600000002
0x0000002ff44ff8d8:   0000002ff39ff000 0000000000000000
0x0000002ff44ff8e8:   00000011c18d0c9a 00007ffcc27e1bc0
0x0000002ff44ff8f8:   0000000000000006 0000000000000000
0x0000002ff44ff908:   0000000000000000 0000000000000000
0x0000002ff44ff918:   0000e1a2375fa21a 0000000000000000
0x0000002ff44ff928:   00000164fdd18380 0000000000000000 

Instructions: (pc=0x00007ffcc27ed670)
0x00007ffcc27ed570:   43 4c 44 73 00 00 00 00 20 20 20 20 43 57 52 3a
0x00007ffcc27ed580:   20 57 65 61 6b 20 52 65 66 65 72 65 6e 63 65 73
0x00007ffcc27ed590:   00 00 00 00 00 00 00 00 20 20 20 20 43 57 52 3a
0x00007ffcc27ed5a0:   20 50 61 72 61 6c 6c 65 6c 20 4d 61 72 6b 00 00
0x00007ffcc27ed5b0:   20 20 52 65 6e 64 65 7a 76 6f 75 73 00 00 00 00
0x00007ffcc27ed5c0:   43 6f 6e 63 75 72 72 65 6e 74 20 43 6c 65 61 6e
0x00007ffcc27ed5d0:   75 70 00 00 00 00 00 00 43 6f 6e 63 75 72 72 65
0x00007ffcc27ed5e0:   6e 74 20 43 6c 61 73 73 20 55 6e 6c 6f 61 64 69
0x00007ffcc27ed5f0:   6e 67 00 00 00 00 00 00 20 20 55 6e 6c 69 6e 6b
0x00007ffcc27ed600:   20 53 74 61 6c 65 00 00 20 20 20 20 53 79 73 74
0x00007ffcc27ed610:   65 6d 20 44 69 63 74 69 6f 6e 61 72 79 00 00 00
0x00007ffcc27ed620:   20 20 20 20 57 65 61 6b 20 43 6c 61 73 73 20 4c
0x00007ffcc27ed630:   69 6e 6b 73 00 00 00 00 20 20 20 20 43 6f 64 65
0x00007ffcc27ed640:   20 52 6f 6f 74 73 00 00 20 20 50 75 72 67 65 20
0x00007ffcc27ed650:   55 6e 6c 69 6e 6b 65 64 00 00 00 00 00 00 00 00
0x00007ffcc27ed660:   20 20 20 20 43 4c 44 47 00 00 00 00 00 00 00 00
0x00007ffcc27ed670:   20 20 20 20 45 78 63 65 70 74 69 6f 6e 20 43 61
0x00007ffcc27ed680:   63 68 65 73 00 00 00 00 43 6f 6e 63 75 72 72 65
0x00007ffcc27ed690:   6e 74 20 53 74 72 6f 6e 67 20 52 6f 6f 74 73 00
0x00007ffcc27ed6a0:   20 20 43 53 52 3a 20 3c 74 6f 74 61 6c 3e 00 00
0x00007ffcc27ed6b0:   20 20 43 53 52 3a 20 54 68 72 65 61 64 20 52 6f
0x00007ffcc27ed6c0:   6f 74 73 00 00 00 00 00 20 20 43 53 52 3a 20 43
0x00007ffcc27ed6d0:   6f 64 65 20 43 61 63 68 65 20 52 6f 6f 74 73 00
0x00007ffcc27ed6e0:   20 20 43 53 52 3a 20 56 4d 20 53 74 72 6f 6e 67
0x00007ffcc27ed6f0:   20 52 6f 6f 74 73 00 00 20 20 43 53 52 3a 20 56
0x00007ffcc27ed700:   4d 20 57 65 61 6b 20 52 6f 6f 74 73 00 00 00 00
0x00007ffcc27ed710:   20 20 43 53 52 3a 20 43 4c 44 47 20 52 6f 6f 74
0x00007ffcc27ed720:   73 00 00 00 00 00 00 00 20 20 43 53 52 3a 20 55
0x00007ffcc27ed730:   6e 6c 6f 61 64 20 43 6f 64 65 20 43 61 63 68 65
0x00007ffcc27ed740:   73 00 00 00 00 00 00 00 20 20 43 53 52 3a 20 55
0x00007ffcc27ed750:   6e 6c 69 6e 6b 20 43 4c 44 73 00 00 00 00 00 00
0x00007ffcc27ed760:   20 20 43 53 52 3a 20 57 65 61 6b 20 52 65 66 65 


Stack slot to memory mapping:
stack at sp + 0 slots: 0x00007ffcc24e07a4 jvm.dll
stack at sp + 1 slots: 0x00007ffcc27e11c8 jvm.dll
stack at sp + 2 slots: 0x00000164f72f7170 points into unknown readable memory: 0x00000164e1380150 | 50 01 38 e1 64 01 00 00
stack at sp + 3 slots: 0x00007ffcc274bb80 jvm.dll
stack at sp + 4 slots: 0x0000000000014946 is an unknown value
stack at sp + 5 slots: 0x0 is NULL
stack at sp + 6 slots: 0x0 is NULL
stack at sp + 7 slots: 0x00000164fdde48f0 is a thread


---------------  P R O C E S S  ---------------

Threads class SMR info:
_java_thread_list=0x0000016481209120, length=61, elements={
0x00000164e34af1a0, 0x00000164f7331010, 0x00000164f7333550, 0x00000164f733bf00,
0x00000164f733cc90, 0x00000164f733db10, 0x00000164f733e830, 0x00000164fc4a5740,
0x00000164fc4b4500, 0x00000164fc501a20, 0x00000164fc5ecaf0, 0x00000164fc76ba90,
0x00000164fdde48f0, 0x00000164fdfe3d10, 0x00000164fc4f9a50, 0x00000164fd9a4020,
0x00000164fe036590, 0x00000164fe036aa0, 0x00000164fe038900, 0x00000164fe039320,
0x00000164fe036080, 0x00000164fe0374c0, 0x0000016480492f80, 0x00000164804943c0,
0x0000016480498590, 0x00000164804948d0, 0x0000016480499ee0, 0x0000016480492a70,
0x0000016480497b70, 0x0000016480495d10, 0x000001648049a3f0, 0x00000164804952f0,
0x0000016483288ec0, 0x000001648328b740, 0x000001648328bc50, 0x000001648328e9e0,
0x000001648328c160, 0x000001648328d090, 0x0000016480497150, 0x000001648328dfc0,
0x0000016483287570, 0x0000016483287f90, 0x0000016483f206f0, 0x000001648360c880,
0x000001648360ebf0, 0x000001648360e6e0, 0x000001648360f610, 0x000001648360fb20,
0x0000016483610f60, 0x0000016483f252e0, 0x000001648360f100, 0x00000164836128b0,
0x0000016483611470, 0x000001648360be60, 0x000001648360b440, 0x000001648360c370,
0x000001648360dcc0, 0x0000016483610030, 0x0000016483f22550, 0x0000016483f25d00,
0x0000016483f23990
}

Java Threads: ( => current thread )
  0x00000164e34af1a0 JavaThread "main" [_thread_blocked, id=13876, stack(0x0000002ff3700000,0x0000002ff3800000)]
  0x00000164f7331010 JavaThread "Reference Handler" daemon [_thread_blocked, id=14188, stack(0x0000002ff3a00000,0x0000002ff3b00000)]
  0x00000164f7333550 JavaThread "Finalizer" daemon [_thread_blocked, id=3104, stack(0x0000002ff3b00000,0x0000002ff3c00000)]
  0x00000164f733bf00 JavaThread "Signal Dispatcher" daemon [_thread_blocked, id=13800, stack(0x0000002ff3c00000,0x0000002ff3d00000)]
  0x00000164f733cc90 JavaThread "Attach Listener" daemon [_thread_blocked, id=14328, stack(0x0000002ff3d00000,0x0000002ff3e00000)]
  0x00000164f733db10 JavaThread "Service Thread" daemon [_thread_blocked, id=14324, stack(0x0000002ff3e00000,0x0000002ff3f00000)]
  0x00000164f733e830 JavaThread "Monitor Deflation Thread" daemon [_thread_blocked, id=14312, stack(0x0000002ff3f00000,0x0000002ff4000000)]
  0x00000164fc4a5740 JavaThread "C2 CompilerThread0" daemon [_thread_blocked, id=13696, stack(0x0000002ff4000000,0x0000002ff4100000)]
  0x00000164fc4b4500 JavaThread "C1 CompilerThread0" daemon [_thread_blocked, id=12480, stack(0x0000002ff4100000,0x0000002ff4200000)]
  0x00000164fc501a20 JavaThread "Sweeper thread" daemon [_thread_blocked, id=13572, stack(0x0000002ff4200000,0x0000002ff4300000)]
  0x00000164fc5ecaf0 JavaThread "Common-Cleaner" daemon [_thread_blocked, id=14076, stack(0x0000002ff4300000,0x0000002ff4400000)]
  0x00000164fc76ba90 JavaThread "Notification Thread" daemon [_thread_blocked, id=14276, stack(0x0000002ff4500000,0x0000002ff4600000)]
  0x00000164fdde48f0 JavaThread "Active Thread: Equinox Container: 0bfb79c2-8ff5-4756-b6ec-0ec41ac7a405" [_thread_blocked, id=13808, stack(0x0000002ff4d00000,0x0000002ff4e00000)]
  0x00000164fdfe3d10 JavaThread "Framework Event Dispatcher: Equinox Container: 0bfb79c2-8ff5-4756-b6ec-0ec41ac7a405" daemon [_thread_blocked, id=15204, stack(0x0000002ff4c00000,0x0000002ff4d00000)]
  0x00000164fc4f9a50 JavaThread "Start Level: Equinox Container: 0bfb79c2-8ff5-4756-b6ec-0ec41ac7a405" daemon [_thread_blocked, id=15212, stack(0x0000002ff4f00000,0x0000002ff5000000)]
  0x00000164fd9a4020 JavaThread "Bundle File Closer" daemon [_thread_blocked, id=7992, stack(0x0000002ff5100000,0x0000002ff5200000)]
  0x00000164fe036590 JavaThread "SCR Component Actor" daemon [_thread_blocked, id=2140, stack(0x0000002ff5000000,0x0000002ff5100000)]
  0x00000164fe036aa0 JavaThread "Worker-JM" [_thread_blocked, id=9440, stack(0x0000002ff5300000,0x0000002ff5400000)]
  0x00000164fe038900 JavaThread "JNA Cleaner" daemon [_thread_blocked, id=2992, stack(0x0000002ff5400000,0x0000002ff5500000)]
  0x00000164fe039320 JavaThread "Java indexing" daemon [_thread_blocked, id=4208, stack(0x0000002ff5900000,0x0000002ff5a00000)]
  0x00000164fe036080 JavaThread "Thread-2" daemon [_thread_in_native, id=14828, stack(0x0000002ff5d00000,0x0000002ff5e00000)]
  0x00000164fe0374c0 JavaThread "Thread-3" daemon [_thread_in_native, id=7088, stack(0x0000002ff5e00000,0x0000002ff5f00000)]
  0x0000016480492f80 JavaThread "Thread-4" daemon [_thread_in_native, id=14428, stack(0x0000002ff5f00000,0x0000002ff6000000)]
  0x00000164804943c0 JavaThread "Thread-5" daemon [_thread_in_native, id=10852, stack(0x0000002ff6000000,0x0000002ff6100000)]
  0x0000016480498590 JavaThread "Thread-6" daemon [_thread_in_native, id=12244, stack(0x0000002ff6100000,0x0000002ff6200000)]
  0x00000164804948d0 JavaThread "Thread-7" daemon [_thread_in_native, id=10836, stack(0x0000002ff6200000,0x0000002ff6300000)]
  0x0000016480499ee0 JavaThread "Thread-8" daemon [_thread_in_native, id=11616, stack(0x0000002ff6300000,0x0000002ff6400000)]
  0x0000016480492a70 JavaThread "Thread-9" daemon [_thread_in_native, id=3552, stack(0x0000002ff6400000,0x0000002ff6500000)]
  0x0000016480497b70 JavaThread "Thread-10" daemon [_thread_in_native, id=15012, stack(0x0000002ff6500000,0x0000002ff6600000)]
  0x0000016480495d10 JavaThread "pool-2-thread-1" [_thread_blocked, id=1740, stack(0x0000002ff6600000,0x0000002ff6700000)]
  0x000001648049a3f0 JavaThread "WorkspaceEventsHandler" [_thread_blocked, id=4180, stack(0x0000002ff6700000,0x0000002ff6800000)]
  0x00000164804952f0 JavaThread "pool-1-thread-1" [_thread_blocked, id=15112, stack(0x0000002ff6800000,0x0000002ff6900000)]
  0x0000016483288ec0 JavaThread "Compiler Source File Reader" daemon [_thread_blocked, id=16056, stack(0x0000002ff7200000,0x0000002ff7300000)]
  0x000001648328b740 JavaThread "Compiler Source File Reader" daemon [_thread_blocked, id=16060, stack(0x0000002ff7500000,0x0000002ff7600000)]
  0x000001648328bc50 JavaThread "Compiler Source File Reader" daemon [_thread_blocked, id=16064, stack(0x0000002ff7600000,0x0000002ff7700000)]
  0x000001648328e9e0 JavaThread "Compiler Source File Reader" daemon [_thread_blocked, id=16068, stack(0x0000002ff7700000,0x0000002ff7800000)]
  0x000001648328c160 JavaThread "Compiler Source File Reader" daemon [_thread_blocked, id=16072, stack(0x0000002ff7800000,0x0000002ff7900000)]
  0x000001648328d090 JavaThread "Compiler Source File Reader" daemon [_thread_blocked, id=16076, stack(0x0000002ff7900000,0x0000002ff7a00000)]
  0x0000016480497150 JavaThread "Cleaner-0" daemon [_thread_blocked, id=16324, stack(0x0000002ff7b00000,0x0000002ff7c00000)]
  0x000001648328dfc0 JavaThread "Java Debug Server" daemon [_thread_in_native, id=16344, stack(0x0000002ff7c00000,0x0000002ff7d00000)]
  0x0000016483287570 JavaThread "RxSchedulerPurge-1" daemon [_thread_blocked, id=16352, stack(0x0000002ff7e00000,0x0000002ff7f00000)]
  0x0000016483287f90 JavaThread "RxCachedWorkerPoolEvictor-1" daemon [_thread_blocked, id=16356, stack(0x0000002ff7f00000,0x0000002ff8000000)]
  0x0000016483f206f0 JavaThread "process reaper (pid 7592)" daemon [_thread_in_native, id=15484, stack(0x0000002ff3130000,0x0000002ff3150000)]
  0x000001648360c880 JavaThread "pool-5-thread-3" [_thread_in_native, id=17604, stack(0x0000002ff6e00000,0x0000002ff6f00000)]
  0x000001648360ebf0 JavaThread "RxNewThreadScheduler-5" daemon [_thread_blocked, id=19248, stack(0x0000002ff6f00000,0x0000002ff7000000)]
  0x000001648360e6e0 JavaThread "ForkJoinPool.commonPool-worker-60" daemon [_thread_blocked, id=3832, stack(0x0000002ff5500000,0x0000002ff5600000)]
  0x000001648360f610 JavaThread "ForkJoinPool.commonPool-worker-62" daemon [_thread_blocked, id=18348, stack(0x0000002ff6a00000,0x0000002ff6b00000)]
  0x000001648360fb20 JavaThread "ForkJoinPool.commonPool-worker-63" daemon [_thread_blocked, id=11148, stack(0x0000002ff6c00000,0x0000002ff6d00000)]
  0x0000016483610f60 JavaThread "ForkJoinPool.commonPool-worker-64" daemon [_thread_blocked, id=6356, stack(0x0000002ff7000000,0x0000002ff7100000)]
  0x0000016483f252e0 JavaThread "ForkJoinPool.commonPool-worker-69" daemon [_thread_blocked, id=14480, stack(0x0000002ff5800000,0x0000002ff5900000)]
  0x000001648360f100 JavaThread "ForkJoinPool.commonPool-worker-72" daemon [_thread_blocked, id=8688, stack(0x0000002ff3500000,0x0000002ff3600000)]
  0x00000164836128b0 JavaThread "ForkJoinPool.commonPool-worker-73" daemon [_thread_blocked, id=17724, stack(0x0000002ff3600000,0x0000002ff3700000)]
  0x0000016483611470 JavaThread "Worker-36" [_thread_blocked, id=19012, stack(0x0000002ff5600000,0x0000002ff5700000)]
  0x000001648360be60 JavaThread "Worker-37" [_thread_blocked, id=9676, stack(0x0000002ff5a00000,0x0000002ff5b00000)]
  0x000001648360b440 JavaThread "ForkJoinPool.commonPool-worker-75" daemon [_thread_blocked, id=15088, stack(0x0000002ff5200000,0x0000002ff5300000)]
  0x000001648360c370 JavaThread "ForkJoinPool.commonPool-worker-76" daemon [_thread_blocked, id=6928, stack(0x0000002ff5700000,0x0000002ff5800000)]
  0x000001648360dcc0 JavaThread "ForkJoinPool.commonPool-worker-77" daemon [_thread_blocked, id=15284, stack(0x0000002ff5b00000,0x0000002ff5c00000)]
  0x0000016483610030 JavaThread "ForkJoinPool.commonPool-worker-78" daemon [_thread_blocked, id=20104, stack(0x0000002ff5c00000,0x0000002ff5d00000)]
  0x0000016483f22550 JavaThread "ForkJoinPool.commonPool-worker-79" daemon [_thread_blocked, id=20092, stack(0x0000002ff6900000,0x0000002ff6a00000)]
  0x0000016483f25d00 JavaThread "pool-1-thread-4" [_thread_blocked, id=20260, stack(0x0000002ff6b00000,0x0000002ff6c00000)]
  0x0000016483f23990 JavaThread "Worker-39" [_thread_blocked, id=14404, stack(0x0000002ff6d00000,0x0000002ff6e00000)]

Other Threads:
  0x00000164e3544ba0 VMThread "VM Thread" [stack: 0x0000002ff3900000,0x0000002ff3a00000] [id=14036]
  0x00000164fc76bf70 WatcherThread [stack: 0x0000002ff4600000,0x0000002ff4700000] [id=11104]
  0x00000164e34c3fc0 GCTaskThread "GC Thread#0" [stack: 0x0000002ff3800000,0x0000002ff3900000] [id=6244]
=>0x00000164fdd18380 GCTaskThread "GC Thread#1" [stack: 0x0000002ff4400000,0x0000002ff4500000] [id=13792]
  0x00000164fdd18850 GCTaskThread "GC Thread#2" [stack: 0x0000002ff4700000,0x0000002ff4800000] [id=4068]
  0x00000164fdd18b10 GCTaskThread "GC Thread#3" [stack: 0x0000002ff4800000,0x0000002ff4900000] [id=14108]
  0x00000164fdee11e0 GCTaskThread "GC Thread#4" [stack: 0x0000002ff4900000,0x0000002ff4a00000] [id=14308]
  0x00000164fdee14a0 GCTaskThread "GC Thread#5" [stack: 0x0000002ff4a00000,0x0000002ff4b00000] [id=13904]
  0x00000164fdee1760 GCTaskThread "GC Thread#6" [stack: 0x0000002ff4b00000,0x0000002ff4c00000] [id=14240]
  0x00000164e147e3e0 GCTaskThread "GC Thread#7" [stack: 0x0000002ff4e00000,0x0000002ff4f00000] [id=15236]

Threads with active compile tasks:

VM state: at safepoint (normal execution)

VM Mutex/Monitor currently owned by a thread:  ([mutex/lock_event])
[0x00000164e34ab740] Threads_lock - owner thread: 0x00000164e3544ba0
[0x00000164e34ac670] Heap_lock - owner thread: 0x0000016483610030

Heap address: 0x00000000c0000000, size: 1024 MB, Compressed Oops mode: 32-bit

CDS archive(s) not mapped
Compressed class space mapped at: 0x0000000100000000-0x0000000140000000, reserved size: 1073741824
Narrow klass base: 0x0000000000000000, Narrow klass shift: 3, Narrow klass range: 0x140000000

GC Precious Log:
 CPUs: 8 total, 8 available
 Memory: 16050M
 Large Page Support: Disabled
 NUMA Support: Disabled
 Compressed Oops: Enabled (32-bit)
 Alignments: Space 512K, Generation 512K, Heap 2M
 Heap Min Capacity: 100M
 Heap Initial Capacity: 100M
 Heap Max Capacity: 1G
 Pre-touch: Disabled
 Parallel Workers: 8

Heap:
 PSYoungGen      total 10240K, used 1901K [0x00000000eab00000, 0x00000000eb800000, 0x0000000100000000)
  eden space 8192K, 0% used [0x00000000eab00000,0x00000000eab00000,0x00000000eb300000)
  from space 2048K, 92% used [0x00000000eb500000,0x00000000eb6db400,0x00000000eb700000)
  to   space 1024K, 0% used [0x00000000eb700000,0x00000000eb700000,0x00000000eb800000)
 ParOldGen       total 168960K, used 167694K [0x00000000c0000000, 0x00000000ca500000, 0x00000000eab00000)
  object space 168960K, 99% used [0x00000000c0000000,0x00000000ca3c3b20,0x00000000ca500000)
 Metaspace       used 100983K, committed 102464K, reserved 1179648K
  class space    used 10499K, committed 11136K, reserved 1048576K

Card table byte_map: [0x00000164e2e70000,0x00000164e3080000] _byte_map_base: 0x00000164e2870000

Marking Bits: (ParMarkBitMap*) 0x00007ffcc29cd820
 Begin Bits: [0x00000164f5140000, 0x00000164f6140000)
 End Bits:   [0x00000164f6140000, 0x00000164f7140000)

Polling page: 0x00000164e2c60000

Metaspace:

Usage:
  Non-class:     88.36 MB used.
      Class:     10.25 MB used.
       Both:     98.62 MB used.

Virtual space:
  Non-class space:      128.00 MB reserved,      89.19 MB ( 70%) committed,  2 nodes.
      Class space:        1.00 GB reserved,      10.88 MB (  1%) committed,  1 nodes.
             Both:        1.12 GB reserved,     100.06 MB (  9%) committed. 

Chunk freelists:
   Non-Class:  5.91 MB
       Class:  5.02 MB
        Both:  10.92 MB

MaxMetaspaceSize: unlimited
CompressedClassSpaceSize: 1.00 GB
Initial GC threshold: 21.00 MB
Current GC threshold: 166.50 MB
CDS: off
MetaspaceReclaimPolicy: balanced
 - commit_granule_bytes: 65536.
 - commit_granule_words: 8192.
 - virtual_space_node_default_size: 8388608.
 - enlarge_chunks_in_place: 1.
 - new_chunks_are_fully_committed: 0.
 - uncommit_free_chunks: 1.
 - use_allocation_guard: 0.
 - handle_deallocations: 1.


Internal statistics:

num_allocs_failed_limit: 9.
num_arena_births: 1792.
num_arena_deaths: 850.
num_vsnodes_births: 3.
num_vsnodes_deaths: 0.
num_space_committed: 1604.
num_space_uncommitted: 3.
num_chunks_returned_to_freelist: 1091.
num_chunks_taken_from_freelist: 6661.
num_chunk_merges: 419.
num_chunk_splits: 3734.
num_chunks_enlarged: 1933.
num_inconsistent_stats: 0.

CodeHeap 'non-profiled nmethods': size=120000Kb used=22943Kb max_used=22943Kb free=97056Kb
 bounds [0x00000164edc10000, 0x00000164ef280000, 0x00000164f5140000]
CodeHeap 'profiled nmethods': size=120000Kb used=38345Kb max_used=38744Kb free=81654Kb
 bounds [0x00000164e6140000, 0x00000164e8780000, 0x00000164ed670000]
CodeHeap 'non-nmethods': size=5760Kb used=1486Kb max_used=1600Kb free=4273Kb
 bounds [0x00000164ed670000, 0x00000164ed8e0000, 0x00000164edc10000]
 total_blobs=19080 nmethods=18234 adapters=756
 compilation: enabled
              stopped_count=0, restarted_count=0
 full_count=0

Compilation events (20 events):
Event: 7619.872 Thread 0x00000164fc4a5740 25040       4       org.eclipse.jdt.core.dom.ASTRecoveryPropagator::endVisitNode (382 bytes)
Event: 7619.892 Thread 0x00000164fc4a5740 nmethod 25040 0x00000164ef274510 code [0x00000164ef274ac0, 0x00000164ef275b90]
Event: 7619.972 Thread 0x00000164fc4b4500 25041   !   3       org.eclipse.jdt.internal.core.CompilationUnit::reconcile (119 bytes)
Event: 7619.972 Thread 0x00000164fc4b4500 nmethod 25041 0x00000164e7ccfd90 code [0x00000164e7cd0060, 0x00000164e7cd0f28]
Event: 7619.972 Thread 0x00000164fc4b4500 25042       3       org.eclipse.jdt.internal.core.ReconcileWorkingCopyOperation::<init> (29 bytes)
Event: 7619.972 Thread 0x00000164fc4b4500 nmethod 25042 0x00000164e7b3cd90 code [0x00000164e7b3cf40, 0x00000164e7b3d288]
Event: 7619.972 Thread 0x00000164fc4b4500 25043   !   3       org.eclipse.jdt.internal.core.ReconcileWorkingCopyOperation::executeOperation (246 bytes)
Event: 7619.973 Thread 0x00000164fc4b4500 nmethod 25043 0x00000164e7f54d90 code [0x00000164e7f55140, 0x00000164e7f56ee8]
Event: 7620.248 Thread 0x00000164fc4b4500 25044   !   3       jdk.internal.reflect.GeneratedConstructorAccessor28::newInstance (49 bytes)
Event: 7620.249 Thread 0x00000164fc4b4500 nmethod 25044 0x00000164e7c52690 code [0x00000164e7c52880, 0x00000164e7c52d48]
Event: 7620.249 Thread 0x00000164fc4b4500 25045   !   3       jdk.internal.reflect.GeneratedConstructorAccessor29::newInstance (49 bytes)
Event: 7620.249 Thread 0x00000164fc4b4500 nmethod 25045 0x00000164e801ae10 code [0x00000164e801b000, 0x00000164e801b468]
Event: 7620.249 Thread 0x00000164fc4b4500 25046   !   3       jdk.internal.reflect.GeneratedMethodAccessor46::invoke (67 bytes)
Event: 7620.249 Thread 0x00000164fc4b4500 nmethod 25046 0x00000164e8262590 code [0x00000164e82627c0, 0x00000164e8262ef8]
Event: 7620.282 Thread 0x00000164fc4a5740 25047   !   4       java.lang.ref.Reference::processPendingReferences (118 bytes)
Event: 7620.288 Thread 0x00000164fc4a5740 nmethod 25047 0x00000164ef276810 code [0x00000164ef276a60, 0x00000164ef2779e0]
Event: 7624.883 Thread 0x00000164fc4b4500 25048       3       org.eclipse.jdt.core.dom.TypeBinding::getErasure (15 bytes)
Event: 7624.883 Thread 0x00000164fc4b4500 nmethod 25048 0x00000164e7b3c810 code [0x00000164e7b3c9c0, 0x00000164e7b3cc58]
Event: 7624.884 Thread 0x00000164fc4b4500 25049       3       org.eclipse.jdt.internal.corext.fix.VariableDeclarationFixCore$VariableDeclarationFinder::visit (57 bytes)
Event: 7624.884 Thread 0x00000164fc4b4500 nmethod 25049 0x00000164e828c110 code [0x00000164e828c320, 0x00000164e828c948]

GC Heap History (20 events):
Event: 7619.768 GC heap after
{Heap after GC invocations=3303 (full 67):
 PSYoungGen      total 8704K, used 224K [0x00000000eab00000, 0x00000000eb580000, 0x0000000100000000)
  eden space 8192K, 0% used [0x00000000eab00000,0x00000000eab00000,0x00000000eb300000)
  from space 512K, 43% used [0x00000000eb500000,0x00000000eb538000,0x00000000eb580000)
  to   space 1024K, 0% used [0x00000000eb380000,0x00000000eb380000,0x00000000eb480000)
 ParOldGen       total 168960K, used 155764K [0x00000000c0000000, 0x00000000ca500000, 0x00000000eab00000)
  object space 168960K, 92% used [0x00000000c0000000,0x00000000c981d200,0x00000000ca500000)
 Metaspace       used 100973K, committed 102464K, reserved 1179648K
  class space    used 10499K, committed 11136K, reserved 1048576K
}
Event: 7619.847 GC heap before
{Heap before GC invocations=3304 (full 67):
 PSYoungGen      total 8704K, used 8416K [0x00000000eab00000, 0x00000000eb580000, 0x0000000100000000)
  eden space 8192K, 100% used [0x00000000eab00000,0x00000000eb300000,0x00000000eb300000)
  from space 512K, 43% used [0x00000000eb500000,0x00000000eb538000,0x00000000eb580000)
  to   space 1024K, 0% used [0x00000000eb380000,0x00000000eb380000,0x00000000eb480000)
 ParOldGen       total 168960K, used 155764K [0x00000000c0000000, 0x00000000ca500000, 0x00000000eab00000)
  object space 168960K, 92% used [0x00000000c0000000,0x00000000c981d200,0x00000000ca500000)
 Metaspace       used 100973K, committed 102464K, reserved 1179648K
  class space    used 10499K, committed 11136K, reserved 1048576K
}
Event: 7619.849 GC heap after
{Heap after GC invocations=3304 (full 67):
 PSYoungGen      total 9216K, used 1002K [0x00000000eab00000, 0x00000000ec000000, 0x0000000100000000)
  eden space 8192K, 0% used [0x00000000eab00000,0x00000000eab00000,0x00000000eb300000)
  from space 1024K, 97% used [0x00000000eb380000,0x00000000eb47aa50,0x00000000eb480000)
  to   space 6656K, 0% used [0x00000000eb980000,0x00000000eb980000,0x00000000ec000000)
 ParOldGen       total 168960K, used 160444K [0x00000000c0000000, 0x00000000ca500000, 0x00000000eab00000)
  object space 168960K, 94% used [0x00000000c0000000,0x00000000c9caf200,0x00000000ca500000)
 Metaspace       used 100973K, committed 102464K, reserved 1179648K
  class space    used 10499K, committed 11136K, reserved 1048576K
}
Event: 7619.859 GC heap before
{Heap before GC invocations=3305 (full 67):
 PSYoungGen      total 9216K, used 9194K [0x00000000eab00000, 0x00000000ec000000, 0x0000000100000000)
  eden space 8192K, 100% used [0x00000000eab00000,0x00000000eb300000,0x00000000eb300000)
  from space 1024K, 97% used [0x00000000eb380000,0x00000000eb47aa50,0x00000000eb480000)
  to   space 6656K, 0% used [0x00000000eb980000,0x00000000eb980000,0x00000000ec000000)
 ParOldGen       total 168960K, used 160444K [0x00000000c0000000, 0x00000000ca500000, 0x00000000eab00000)
  object space 168960K, 94% used [0x00000000c0000000,0x00000000c9caf200,0x00000000ca500000)
 Metaspace       used 100973K, committed 102464K, reserved 1179648K
  class space    used 10499K, committed 11136K, reserved 1048576K
}
Event: 7619.861 GC heap after
{Heap after GC invocations=3305 (full 67):
 PSYoungGen      total 9728K, used 1210K [0x00000000eab00000, 0x00000000ebb00000, 0x0000000100000000)
  eden space 8192K, 0% used [0x00000000eab00000,0x00000000eab00000,0x00000000eb300000)
  from space 1536K, 78% used [0x00000000eb980000,0x00000000ebaae900,0x00000000ebb00000)
  to   space 3072K, 0% used [0x00000000eb500000,0x00000000eb500000,0x00000000eb800000)
 ParOldGen       total 168960K, used 161409K [0x00000000c0000000, 0x00000000ca500000, 0x00000000eab00000)
  object space 168960K, 95% used [0x00000000c0000000,0x00000000c9da0570,0x00000000ca500000)
 Metaspace       used 100973K, committed 102464K, reserved 1179648K
  class space    used 10499K, committed 11136K, reserved 1048576K
}
Event: 7619.872 GC heap before
{Heap before GC invocations=3306 (full 67):
 PSYoungGen      total 9728K, used 9402K [0x00000000eab00000, 0x00000000ebb00000, 0x0000000100000000)
  eden space 8192K, 100% used [0x00000000eab00000,0x00000000eb300000,0x00000000eb300000)
  from space 1536K, 78% used [0x00000000eb980000,0x00000000ebaae900,0x00000000ebb00000)
  to   space 3072K, 0% used [0x00000000eb500000,0x00000000eb500000,0x00000000eb800000)
 ParOldGen       total 168960K, used 161409K [0x00000000c0000000, 0x00000000ca500000, 0x00000000eab00000)
  object space 168960K, 95% used [0x00000000c0000000,0x00000000c9da0570,0x00000000ca500000)
 Metaspace       used 100973K, committed 102464K, reserved 1179648K
  class space    used 10499K, committed 11136K, reserved 1048576K
}
Event: 7619.873 GC heap after
{Heap after GC invocations=3306 (full 67):
 PSYoungGen      total 11264K, used 1140K [0x00000000eab00000, 0x00000000eba00000, 0x0000000100000000)
  eden space 8192K, 0% used [0x00000000eab00000,0x00000000eab00000,0x00000000eb300000)
  from space 3072K, 37% used [0x00000000eb500000,0x00000000eb61d200,0x00000000eb800000)
  to   space 1536K, 0% used [0x00000000eb880000,0x00000000eb880000,0x00000000eba00000)
 ParOldGen       total 168960K, used 162409K [0x00000000c0000000, 0x00000000ca500000, 0x00000000eab00000)
  object space 168960K, 96% used [0x00000000c0000000,0x00000000c9e9a570,0x00000000ca500000)
 Metaspace       used 100973K, committed 102464K, reserved 1179648K
  class space    used 10499K, committed 11136K, reserved 1048576K
}
Event: 7619.981 GC heap before
{Heap before GC invocations=3307 (full 67):
 PSYoungGen      total 11264K, used 9332K [0x00000000eab00000, 0x00000000eba00000, 0x0000000100000000)
  eden space 8192K, 100% used [0x00000000eab00000,0x00000000eb300000,0x00000000eb300000)
  from space 3072K, 37% used [0x00000000eb500000,0x00000000eb61d200,0x00000000eb800000)
  to   space 1536K, 0% used [0x00000000eb880000,0x00000000eb880000,0x00000000eba00000)
 ParOldGen       total 168960K, used 162409K [0x00000000c0000000, 0x00000000ca500000, 0x00000000eab00000)
  object space 168960K, 96% used [0x00000000c0000000,0x00000000c9e9a570,0x00000000ca500000)
 Metaspace       used 100981K, committed 102464K, reserved 1179648K
  class space    used 10499K, committed 11136K, reserved 1048576K
}
Event: 7619.982 GC heap after
{Heap after GC invocations=3307 (full 67):
 PSYoungGen      total 9216K, used 554K [0x00000000eab00000, 0x00000000eb980000, 0x0000000100000000)
  eden space 8192K, 0% used [0x00000000eab00000,0x00000000eab00000,0x00000000eb300000)
  from space 1024K, 54% used [0x00000000eb880000,0x00000000eb90a910,0x00000000eb980000)
  to   space 1024K, 0% used [0x00000000eb780000,0x00000000eb780000,0x00000000eb880000)
 ParOldGen       total 168960K, used 163399K [0x00000000c0000000, 0x00000000ca500000, 0x00000000eab00000)
  object space 168960K, 96% used [0x00000000c0000000,0x00000000c9f91e28,0x00000000ca500000)
 Metaspace       used 100981K, committed 102464K, reserved 1179648K
  class space    used 10499K, committed 11136K, reserved 1048576K
}
Event: 7620.257 GC heap before
{Heap before GC invocations=3308 (full 67):
 PSYoungGen      total 9216K, used 8746K [0x00000000eab00000, 0x00000000eb980000, 0x0000000100000000)
  eden space 8192K, 100% used [0x00000000eab00000,0x00000000eb300000,0x00000000eb300000)
  from space 1024K, 54% used [0x00000000eb880000,0x00000000eb90a910,0x00000000eb980000)
  to   space 1024K, 0% used [0x00000000eb780000,0x00000000eb780000,0x00000000eb880000)
 ParOldGen       total 168960K, used 163399K [0x00000000c0000000, 0x00000000ca500000, 0x00000000eab00000)
  object space 168960K, 96% used [0x00000000c0000000,0x00000000c9f91e28,0x00000000ca500000)
 Metaspace       used 100982K, committed 102464K, reserved 1179648K
  class space    used 10499K, committed 11136K, reserved 1048576K
}
Event: 7620.258 GC heap after
{Heap after GC invocations=3308 (full 67):
 PSYoungGen      total 9216K, used 1008K [0x00000000eab00000, 0x00000000ebc00000, 0x0000000100000000)
  eden space 8192K, 0% used [0x00000000eab00000,0x00000000eab00000,0x00000000eb300000)
  from space 1024K, 98% used [0x00000000eb780000,0x00000000eb87c150,0x00000000eb880000)
  to   space 3584K, 0% used [0x00000000eb880000,0x00000000eb880000,0x00000000ebc00000)
 ParOldGen       total 168960K, used 166015K [0x00000000c0000000, 0x00000000ca500000, 0x00000000eab00000)
  object space 168960K, 98% used [0x00000000c0000000,0x00000000ca21fe28,0x00000000ca500000)
 Metaspace       used 100982K, committed 102464K, reserved 1179648K
  class space    used 10499K, committed 11136K, reserved 1048576K
}
Event: 7620.269 GC heap before
{Heap before GC invocations=3309 (full 67):
 PSYoungGen      total 9216K, used 9200K [0x00000000eab00000, 0x00000000ebc00000, 0x0000000100000000)
  eden space 8192K, 100% used [0x00000000eab00000,0x00000000eb300000,0x00000000eb300000)
  from space 1024K, 98% used [0x00000000eb780000,0x00000000eb87c150,0x00000000eb880000)
  to   space 3584K, 0% used [0x00000000eb880000,0x00000000eb880000,0x00000000ebc00000)
 ParOldGen       total 168960K, used 166015K [0x00000000c0000000, 0x00000000ca500000, 0x00000000eab00000)
  object space 168960K, 98% used [0x00000000c0000000,0x00000000ca21fe28,0x00000000ca500000)
 Metaspace       used 100982K, committed 102464K, reserved 1179648K
  class space    used 10499K, committed 11136K, reserved 1048576K
}
Event: 7620.270 GC heap after
{Heap after GC invocations=3309 (full 67):
 PSYoungGen      total 9216K, used 1018K [0x00000000eab00000, 0x00000000eb980000, 0x0000000100000000)
  eden space 8192K, 0% used [0x00000000eab00000,0x00000000eab00000,0x00000000eb300000)
  from space 1024K, 99% used [0x00000000eb880000,0x00000000eb97e900,0x00000000eb980000)
  to   space 2048K, 0% used [0x00000000eb580000,0x00000000eb580000,0x00000000eb780000)
 ParOldGen       total 168960K, used 166143K [0x00000000c0000000, 0x00000000ca500000, 0x00000000eab00000)
  object space 168960K, 98% used [0x00000000c0000000,0x00000000ca23fe48,0x00000000ca500000)
 Metaspace       used 100982K, committed 102464K, reserved 1179648K
  class space    used 10499K, committed 11136K, reserved 1048576K
}
Event: 7620.281 GC heap before
{Heap before GC invocations=3310 (full 67):
 PSYoungGen      total 9216K, used 9210K [0x00000000eab00000, 0x00000000eb980000, 0x0000000100000000)
  eden space 8192K, 100% used [0x00000000eab00000,0x00000000eb300000,0x00000000eb300000)
  from space 1024K, 99% used [0x00000000eb880000,0x00000000eb97e900,0x00000000eb980000)
  to   space 2048K, 0% used [0x00000000eb580000,0x00000000eb580000,0x00000000eb780000)
 ParOldGen       total 168960K, used 166143K [0x00000000c0000000, 0x00000000ca500000, 0x00000000eab00000)
  object space 168960K, 98% used [0x00000000c0000000,0x00000000ca23fe48,0x00000000ca500000)
 Metaspace       used 100982K, committed 102464K, reserved 1179648K
  class space    used 10499K, committed 11136K, reserved 1048576K
}
Event: 7620.282 GC heap after
{Heap after GC invocations=3310 (full 67):
 PSYoungGen      total 10240K, used 846K [0x00000000eab00000, 0x00000000eb900000, 0x0000000100000000)
  eden space 8192K, 0% used [0x00000000eab00000,0x00000000eab00000,0x00000000eb300000)
  from space 2048K, 41% used [0x00000000eb580000,0x00000000eb653b00,0x00000000eb780000)
  to   space 1536K, 0% used [0x00000000eb780000,0x00000000eb780000,0x00000000eb900000)
 ParOldGen       total 168960K, used 166143K [0x00000000c0000000, 0x00000000ca500000, 0x00000000eab00000)
  object space 168960K, 98% used [0x00000000c0000000,0x00000000ca23fe48,0x00000000ca500000)
 Metaspace       used 100982K, committed 102464K, reserved 1179648K
  class space    used 10499K, committed 11136K, reserved 1048576K
}
Event: 7626.162 GC heap before
{Heap before GC invocations=3311 (full 67):
 PSYoungGen      total 10240K, used 9038K [0x00000000eab00000, 0x00000000eb900000, 0x0000000100000000)
  eden space 8192K, 100% used [0x00000000eab00000,0x00000000eb300000,0x00000000eb300000)
  from space 2048K, 41% used [0x00000000eb580000,0x00000000eb653b00,0x00000000eb780000)
  to   space 1536K, 0% used [0x00000000eb780000,0x00000000eb780000,0x00000000eb900000)
 ParOldGen       total 168960K, used 166143K [0x00000000c0000000, 0x00000000ca500000, 0x00000000eab00000)
  object space 168960K, 98% used [0x00000000c0000000,0x00000000ca23fe48,0x00000000ca500000)
 Metaspace       used 100983K, committed 102464K, reserved 1179648K
  class space    used 10499K, committed 11136K, reserved 1048576K
}
Event: 7626.163 GC heap after
{Heap after GC invocations=3311 (full 67):
 PSYoungGen      total 9728K, used 1529K [0x00000000eab00000, 0x00000000eb900000, 0x0000000100000000)
  eden space 8192K, 0% used [0x00000000eab00000,0x00000000eab00000,0x00000000eb300000)
  from space 1536K, 99% used [0x00000000eb780000,0x00000000eb8fe430,0x00000000eb900000)
  to   space 2048K, 0% used [0x00000000eb500000,0x00000000eb500000,0x00000000eb700000)
 ParOldGen       total 168960K, used 166252K [0x00000000c0000000, 0x00000000ca500000, 0x00000000eab00000)
  object space 168960K, 98% used [0x00000000c0000000,0x00000000ca25b048,0x00000000ca500000)
 Metaspace       used 100983K, committed 102464K, reserved 1179648K
  class space    used 10499K, committed 11136K, reserved 1048576K
}
Event: 7626.167 GC heap before
{Heap before GC invocations=3312 (full 67):
 PSYoungGen      total 9728K, used 9721K [0x00000000eab00000, 0x00000000eb900000, 0x0000000100000000)
  eden space 8192K, 100% used [0x00000000eab00000,0x00000000eb300000,0x00000000eb300000)
  from space 1536K, 99% used [0x00000000eb780000,0x00000000eb8fe430,0x00000000eb900000)
  to   space 2048K, 0% used [0x00000000eb500000,0x00000000eb500000,0x00000000eb700000)
 ParOldGen       total 168960K, used 166252K [0x00000000c0000000, 0x00000000ca500000, 0x00000000eab00000)
  object space 168960K, 98% used [0x00000000c0000000,0x00000000ca25b048,0x00000000ca500000)
 Metaspace       used 100983K, committed 102464K, reserved 1179648K
  class space    used 10499K, committed 11136K, reserved 1048576K
}
Event: 7626.169 GC heap after
{Heap after GC invocations=3312 (full 67):
 PSYoungGen      total 10240K, used 1901K [0x00000000eab00000, 0x00000000eb800000, 0x0000000100000000)
  eden space 8192K, 0% used [0x00000000eab00000,0x00000000eab00000,0x00000000eb300000)
  from space 2048K, 92% used [0x00000000eb500000,0x00000000eb6db400,0x00000000eb700000)
  to   space 1024K, 0% used [0x00000000eb700000,0x00000000eb700000,0x00000000eb800000)
 ParOldGen       total 168960K, used 167694K [0x00000000c0000000, 0x00000000ca500000, 0x00000000eab00000)
  object space 168960K, 99% used [0x00000000c0000000,0x00000000ca3c3b20,0x00000000ca500000)
 Metaspace       used 100983K, committed 102464K, reserved 1179648K
  class space    used 10499K, committed 11136K, reserved 1048576K
}
Event: 7626.169 GC heap before
{Heap before GC invocations=3313 (full 68):
 PSYoungGen      total 10240K, used 1901K [0x00000000eab00000, 0x00000000eb800000, 0x0000000100000000)
  eden space 8192K, 0% used [0x00000000eab00000,0x00000000eab00000,0x00000000eb300000)
  from space 2048K, 92% used [0x00000000eb500000,0x00000000eb6db400,0x00000000eb700000)
  to   space 1024K, 0% used [0x00000000eb700000,0x00000000eb700000,0x00000000eb800000)
 ParOldGen       total 168960K, used 167694K [0x00000000c0000000, 0x00000000ca500000, 0x00000000eab00000)
  object space 168960K, 99% used [0x00000000c0000000,0x00000000ca3c3b20,0x00000000ca500000)
 Metaspace       used 100983K, committed 102464K, reserved 1179648K
  class space    used 10499K, committed 11136K, reserved 1048576K
}

Dll operation events (12 events):
Event: 0.027 Loaded shared library c:\Users\user\.vscode\extensions\redhat.java-1.33.0-win32-x64\jre\17.0.11-win32-x86_64\bin\java.dll
Event: 0.267 Loaded shared library c:\Users\user\.vscode\extensions\redhat.java-1.33.0-win32-x64\jre\17.0.11-win32-x86_64\bin\zip.dll
Event: 0.272 Loaded shared library C:\Users\user\.vscode\extensions\redhat.java-1.33.0-win32-x64\jre\17.0.11-win32-x86_64\bin\instrument.dll
Event: 0.292 Loaded shared library C:\Users\user\.vscode\extensions\redhat.java-1.33.0-win32-x64\jre\17.0.11-win32-x86_64\bin\net.dll
Event: 0.295 Loaded shared library C:\Users\user\.vscode\extensions\redhat.java-1.33.0-win32-x64\jre\17.0.11-win32-x86_64\bin\nio.dll
Event: 0.305 Loaded shared library C:\Users\user\.vscode\extensions\redhat.java-1.33.0-win32-x64\jre\17.0.11-win32-x86_64\bin\zip.dll
Event: 0.325 Loaded shared library C:\Users\user\.vscode\extensions\redhat.java-1.33.0-win32-x64\jre\17.0.11-win32-x86_64\bin\jimage.dll
Event: 0.477 Loaded shared library c:\Users\user\.vscode\extensions\redhat.java-1.33.0-win32-x64\jre\17.0.11-win32-x86_64\bin\verify.dll
Event: 7.180 Loaded shared library C:\Users\user\AppData\Roaming\Code\User\globalStorage\redhat.java\1.33.0\config_win\org.eclipse.equinox.launcher\org.eclipse.equinox.launcher.win32.win32.x86_64_1.2.1100.v20240722-2106\eclipse_11904.dll
Event: 19.119 Loaded shared library C:\Users\user\AppData\Local\Temp\jna-573899587\jna10459214542902491775.dll
Event: 39.071 Loaded shared library C:\Users\user\.vscode\extensions\redhat.java-1.33.0-win32-x64\jre\17.0.11-win32-x86_64\bin\extnet.dll
Event: 1165.790 Loaded shared library C:\Users\user\.vscode\extensions\redhat.java-1.33.0-win32-x64\jre\17.0.11-win32-x86_64\bin\sunmscapi.dll

Deoptimization events (20 events):
Event: 7576.433 Thread 0x000001648360f610 Uncommon trap: trap_request=0xfffffff4 fr.pc=0x00000164ef232cf0 relative=0x00000000000001d0
Event: 7576.433 Thread 0x000001648360f610 Uncommon trap: reason=null_check action=make_not_entrant pc=0x00000164ef232cf0 method=org.eclipse.jdt.internal.corext.dom.ASTNodes.getParent(Lorg/eclipse/jdt/core/dom/ASTNode;Ljava/lang/Class;)Lorg/eclipse/jdt/core/dom/ASTNode; @ 22 c2
Event: 7576.433 Thread 0x000001648360f610 DEOPT PACKING pc=0x00000164ef232cf0 sp=0x0000002ff6afeb00
Event: 7576.433 Thread 0x000001648360f610 DEOPT UNPACKING pc=0x00000164ed6c66a3 sp=0x0000002ff6afeaa0 mode 2
Event: 7582.688 Thread 0x0000016483610030 Uncommon trap: trap_request=0xffffffbe fr.pc=0x00000164ef233094 relative=0x0000000000000094
Event: 7582.688 Thread 0x0000016483610030 Uncommon trap: reason=profile_predicate action=maybe_recompile pc=0x00000164ef233094 method=org.eclipse.jdt.core.Signature.getTypeArguments([C)[[C @ 74 c2
Event: 7582.688 Thread 0x0000016483610030 DEOPT PACKING pc=0x00000164ef233094 sp=0x0000002ff5cfe460
Event: 7582.688 Thread 0x0000016483610030 DEOPT UNPACKING pc=0x00000164ed6c66a3 sp=0x0000002ff5cfe3c8 mode 2
Event: 7582.688 Thread 0x0000016483610030 Uncommon trap: trap_request=0xffffffbe fr.pc=0x00000164ef233094 relative=0x0000000000000094
Event: 7582.688 Thread 0x0000016483610030 Uncommon trap: reason=profile_predicate action=maybe_recompile pc=0x00000164ef233094 method=org.eclipse.jdt.core.Signature.getTypeArguments([C)[[C @ 74 c2
Event: 7582.688 Thread 0x0000016483610030 DEOPT PACKING pc=0x00000164ef233094 sp=0x0000002ff5cfe1e0
Event: 7582.688 Thread 0x0000016483610030 DEOPT UNPACKING pc=0x00000164ed6c66a3 sp=0x0000002ff5cfe148 mode 2
Event: 7582.688 Thread 0x0000016483610030 Uncommon trap: trap_request=0xffffffbe fr.pc=0x00000164ef233094 relative=0x0000000000000094
Event: 7582.688 Thread 0x0000016483610030 Uncommon trap: reason=profile_predicate action=maybe_recompile pc=0x00000164ef233094 method=org.eclipse.jdt.core.Signature.getTypeArguments([C)[[C @ 74 c2
Event: 7582.688 Thread 0x0000016483610030 DEOPT PACKING pc=0x00000164ef233094 sp=0x0000002ff5cfdf60
Event: 7582.688 Thread 0x0000016483610030 DEOPT UNPACKING pc=0x00000164ed6c66a3 sp=0x0000002ff5cfdec8 mode 2
Event: 7582.688 Thread 0x0000016483610030 Uncommon trap: trap_request=0xffffffbe fr.pc=0x00000164ef233094 relative=0x0000000000000094
Event: 7582.688 Thread 0x0000016483610030 Uncommon trap: reason=profile_predicate action=maybe_recompile pc=0x00000164ef233094 method=org.eclipse.jdt.core.Signature.getTypeArguments([C)[[C @ 74 c2
Event: 7582.688 Thread 0x0000016483610030 DEOPT PACKING pc=0x00000164ef233094 sp=0x0000002ff5cfe460
Event: 7582.688 Thread 0x0000016483610030 DEOPT UNPACKING pc=0x00000164ed6c66a3 sp=0x0000002ff5cfe3c8 mode 2

Classes unloaded (20 events):
Event: 6208.140 Thread 0x00000164e3544ba0 Unloading class 0x00000001008e7000 'java/lang/invoke/LambdaForm$MH+0x00000001008e7000'
Event: 6208.140 Thread 0x00000164e3544ba0 Unloading class 0x0000000100198400 'java/lang/invoke/LambdaForm$MH+0x0000000100198400'
Event: 6208.140 Thread 0x00000164e3544ba0 Unloading class 0x0000000100784000 'java/lang/invoke/LambdaForm$MH+0x0000000100784000'
Event: 6208.140 Thread 0x00000164e3544ba0 Unloading class 0x0000000100ab1400 'java/lang/invoke/LambdaForm$MH+0x0000000100ab1400'
Event: 6208.140 Thread 0x00000164e3544ba0 Unloading class 0x0000000100628800 'java/lang/invoke/LambdaForm$MH+0x0000000100628800'
Event: 6208.140 Thread 0x00000164e3544ba0 Unloading class 0x00000001004f8c00 'java/lang/invoke/LambdaForm$MH+0x00000001004f8c00'
Event: 6208.140 Thread 0x00000164e3544ba0 Unloading class 0x000000010099c400 'java/lang/invoke/LambdaForm$MH+0x000000010099c400'
Event: 6208.140 Thread 0x00000164e3544ba0 Unloading class 0x000000010099d800 'java/lang/invoke/LambdaForm$MH+0x000000010099d800'
Event: 6208.140 Thread 0x00000164e3544ba0 Unloading class 0x000000010099e000 'java/lang/invoke/LambdaForm$MH+0x000000010099e000'
Event: 6208.140 Thread 0x00000164e3544ba0 Unloading class 0x0000000100a08000 'java/lang/invoke/LambdaForm$MH+0x0000000100a08000'
Event: 6208.140 Thread 0x00000164e3544ba0 Unloading class 0x0000000100a20400 'java/lang/invoke/LambdaForm$MH+0x0000000100a20400'
Event: 7119.992 Thread 0x00000164e3544ba0 Unloading class 0x0000000100a20400 'java/lang/invoke/LambdaForm$MH+0x0000000100a20400'
Event: 7119.992 Thread 0x00000164e3544ba0 Unloading class 0x0000000100a08000 'java/lang/invoke/LambdaForm$MH+0x0000000100a08000'
Event: 7119.992 Thread 0x00000164e3544ba0 Unloading class 0x000000010099e000 'java/lang/invoke/LambdaForm$MH+0x000000010099e000'
Event: 7119.992 Thread 0x00000164e3544ba0 Unloading class 0x000000010099d800 'java/lang/invoke/LambdaForm$MH+0x000000010099d800'
Event: 7119.992 Thread 0x00000164e3544ba0 Unloading class 0x000000010099c400 'java/lang/invoke/LambdaForm$MH+0x000000010099c400'
Event: 7119.992 Thread 0x00000164e3544ba0 Unloading class 0x00000001004f8c00 'java/lang/invoke/LambdaForm$MH+0x00000001004f8c00'
Event: 7119.992 Thread 0x00000164e3544ba0 Unloading class 0x0000000100784000 'java/lang/invoke/LambdaForm$MH+0x0000000100784000'
Event: 7119.992 Thread 0x00000164e3544ba0 Unloading class 0x0000000100198400 'java/lang/invoke/LambdaForm$MH+0x0000000100198400'
Event: 7119.992 Thread 0x00000164e3544ba0 Unloading class 0x00000001008e7000 'java/lang/invoke/LambdaForm$MH+0x00000001008e7000'

Classes redefined (0 events):
No events

Internal exceptions (20 events):
Event: 7569.136 Thread 0x000001648360fb20 Exception <a 'java/lang/ClassNotFoundException'{0x00000000eb0d5ea0}: sun/net/www/protocol/jdt/Handler> (0x00000000eb0d5ea0) 
thrown [s\src\hotspot\share\classfile\systemDictionary.cpp, line 256]
Event: 7569.136 Thread 0x000001648360fb20 Exception <a 'java/lang/ClassNotFoundException'{0x00000000eb0d8748}: sun/net/www/protocol/jdt/Handler> (0x00000000eb0d8748) 
thrown [s\src\hotspot\share\classfile\systemDictionary.cpp, line 256]
Event: 7569.136 Thread 0x000001648360fb20 Exception <a 'java/lang/ClassNotFoundException'{0x00000000eb0db890}: sun/net/www/protocol/jdt/Handler> (0x00000000eb0db890) 
thrown [s\src\hotspot\share\classfile\systemDictionary.cpp, line 256]
Event: 7569.136 Thread 0x000001648360fb20 Exception <a 'java/lang/ClassNotFoundException'{0x00000000eb0de1a0}: sun/net/www/protocol/jdt/Handler> (0x00000000eb0de1a0) 
thrown [s\src\hotspot\share\classfile\systemDictionary.cpp, line 256]
Event: 7569.137 Thread 0x000001648360fb20 Exception <a 'java/lang/ClassNotFoundException'{0x00000000eb0e3d50}: sun/net/www/protocol/jdt/Handler> (0x00000000eb0e3d50) 
thrown [s\src\hotspot\share\classfile\systemDictionary.cpp, line 256]
Event: 7569.137 Thread 0x000001648360fb20 Exception <a 'java/lang/ClassNotFoundException'{0x00000000eb0e69a0}: sun/net/www/protocol/jdt/Handler> (0x00000000eb0e69a0) 
thrown [s\src\hotspot\share\classfile\systemDictionary.cpp, line 256]
Event: 7569.137 Thread 0x000001648360fb20 Exception <a 'java/lang/ClassNotFoundException'{0x00000000eb0e9610}: sun/net/www/protocol/jdt/Handler> (0x00000000eb0e9610) 
thrown [s\src\hotspot\share\classfile\systemDictionary.cpp, line 256]
Event: 7569.137 Thread 0x000001648360fb20 Exception <a 'java/lang/ClassNotFoundException'{0x00000000eb0ec2a8}: sun/net/www/protocol/jdt/Handler> (0x00000000eb0ec2a8) 
thrown [s\src\hotspot\share\classfile\systemDictionary.cpp, line 256]
Event: 7569.137 Thread 0x000001648360fb20 Exception <a 'java/lang/ClassNotFoundException'{0x00000000eb0eef18}: sun/net/www/protocol/jdt/Handler> (0x00000000eb0eef18) 
thrown [s\src\hotspot\share\classfile\systemDictionary.cpp, line 256]
Event: 7576.433 Thread 0x000001648360f610 Implicit null exception at 0x00000164ef232b93 to 0x00000164ef232ce4
Event: 7581.501 Thread 0x0000016483610030 Exception <a 'java/lang/ClassNotFoundException'{0x00000000eaffe9d0}: sun/net/www/protocol/jdt/Handler> (0x00000000eaffe9d0) 
thrown [s\src\hotspot\share\classfile\systemDictionary.cpp, line 256]
Event: 7581.501 Thread 0x0000016483610030 Exception <a 'java/lang/ClassNotFoundException'{0x00000000eb001278}: sun/net/www/protocol/jdt/Handler> (0x00000000eb001278) 
thrown [s\src\hotspot\share\classfile\systemDictionary.cpp, line 256]
Event: 7581.501 Thread 0x0000016483610030 Exception <a 'java/lang/ClassNotFoundException'{0x00000000eb0043c0}: sun/net/www/protocol/jdt/Handler> (0x00000000eb0043c0) 
thrown [s\src\hotspot\share\classfile\systemDictionary.cpp, line 256]
Event: 7581.501 Thread 0x0000016483610030 Exception <a 'java/lang/ClassNotFoundException'{0x00000000eb006fc8}: sun/net/www/protocol/jdt/Handler> (0x00000000eb006fc8) 
thrown [s\src\hotspot\share\classfile\systemDictionary.cpp, line 256]
Event: 7581.501 Thread 0x0000016483610030 Exception <a 'java/lang/ClassNotFoundException'{0x00000000eb00cb78}: sun/net/www/protocol/jdt/Handler> (0x00000000eb00cb78) 
thrown [s\src\hotspot\share\classfile\systemDictionary.cpp, line 256]
Event: 7581.501 Thread 0x0000016483610030 Exception <a 'java/lang/ClassNotFoundException'{0x00000000eb00f7c8}: sun/net/www/protocol/jdt/Handler> (0x00000000eb00f7c8) 
thrown [s\src\hotspot\share\classfile\systemDictionary.cpp, line 256]
Event: 7581.501 Thread 0x0000016483610030 Exception <a 'java/lang/ClassNotFoundException'{0x00000000eb012438}: sun/net/www/protocol/jdt/Handler> (0x00000000eb012438) 
thrown [s\src\hotspot\share\classfile\systemDictionary.cpp, line 256]
Event: 7581.501 Thread 0x0000016483610030 Exception <a 'java/lang/ClassNotFoundException'{0x00000000eb0150d0}: sun/net/www/protocol/jdt/Handler> (0x00000000eb0150d0) 
thrown [s\src\hotspot\share\classfile\systemDictionary.cpp, line 256]
Event: 7581.501 Thread 0x0000016483610030 Exception <a 'java/lang/ClassNotFoundException'{0x00000000eb017d40}: sun/net/www/protocol/jdt/Handler> (0x00000000eb017d40) 
thrown [s\src\hotspot\share\classfile\systemDictionary.cpp, line 256]
Event: 7593.821 Thread 0x00000164836128b0 Exception <a 'java/lang/ClassNotFoundException'{0x00000000eac36698}: sun/net/www/protocol/jdt/Handler> (0x00000000eac36698) 
thrown [s\src\hotspot\share\classfile\systemDictionary.cpp, line 256]

VM Operations (20 events):
Event: 7619.849 Executing VM operation: ParallelGCFailedAllocation done
Event: 7619.859 Executing VM operation: ParallelGCFailedAllocation
Event: 7619.861 Executing VM operation: ParallelGCFailedAllocation done
Event: 7619.872 Executing VM operation: ParallelGCFailedAllocation
Event: 7619.874 Executing VM operation: ParallelGCFailedAllocation done
Event: 7619.981 Executing VM operation: ParallelGCFailedAllocation
Event: 7619.982 Executing VM operation: ParallelGCFailedAllocation done
Event: 7620.257 Executing VM operation: ParallelGCFailedAllocation
Event: 7620.258 Executing VM operation: ParallelGCFailedAllocation done
Event: 7620.269 Executing VM operation: ParallelGCFailedAllocation
Event: 7620.270 Executing VM operation: ParallelGCFailedAllocation done
Event: 7620.281 Executing VM operation: ParallelGCFailedAllocation
Event: 7620.282 Executing VM operation: ParallelGCFailedAllocation done
Event: 7621.285 Executing VM operation: Cleanup
Event: 7621.285 Executing VM operation: Cleanup done
Event: 7625.334 Executing VM operation: Cleanup
Event: 7625.334 Executing VM operation: Cleanup done
Event: 7626.162 Executing VM operation: ParallelGCFailedAllocation
Event: 7626.163 Executing VM operation: ParallelGCFailedAllocation done
Event: 7626.167 Executing VM operation: ParallelGCFailedAllocation

Events (20 events):
Event: 7551.985 Thread 0x00000164fc501a20 flushing nmethod 0x00000164e7eac610
Event: 7551.985 Thread 0x00000164fc501a20 flushing nmethod 0x00000164e7ef6010
Event: 7551.985 Thread 0x00000164fc501a20 flushing nmethod 0x00000164e7f27a90
Event: 7551.985 Thread 0x00000164fc501a20 flushing nmethod 0x00000164e7f41610
Event: 7551.985 Thread 0x00000164fc501a20 flushing nmethod 0x00000164e7f53690
Event: 7551.985 Thread 0x00000164fc501a20 flushing nmethod 0x00000164e801ae10
Event: 7551.986 Thread 0x00000164fc501a20 flushing nmethod 0x00000164e80aa610
Event: 7551.986 Thread 0x00000164fc501a20 flushing nmethod 0x00000164e811cf90
Event: 7551.986 Thread 0x00000164fc501a20 flushing nmethod 0x00000164e813bf10
Event: 7551.986 Thread 0x00000164fc501a20 flushing nmethod 0x00000164e814e910
Event: 7551.986 Thread 0x00000164fc501a20 flushing nmethod 0x00000164e8247b90
Event: 7551.986 Thread 0x00000164fc501a20 flushing nmethod 0x00000164e8262190
Event: 7551.987 Thread 0x00000164fc501a20 flushing nmethod 0x00000164e828c110
Event: 7551.987 Thread 0x00000164fc501a20 flushing nmethod 0x00000164e8401210
Event: 7551.987 Thread 0x00000164fc501a20 flushing nmethod 0x00000164e84d7190
Event: 7551.988 Thread 0x00000164fc501a20 flushing nmethod 0x00000164e8531090
Event: 7551.988 Thread 0x00000164fc501a20 flushing nmethod 0x00000164e8586e90
Event: 7551.988 Thread 0x00000164fc501a20 flushing nmethod 0x00000164e8670310
Event: 7574.464 Thread 0x0000016483f25d00 Thread added: 0x0000016483f25d00
Event: 7590.619 Thread 0x0000016483f23990 Thread added: 0x0000016483f23990


Dynamic libraries:
0x00007ff6d7290000 - 0x00007ff6d729e000 	c:\Users\user\.vscode\extensions\redhat.java-1.33.0-win32-x64\jre\17.0.11-win32-x86_64\bin\java.exe
0x00007ffd53770000 - 0x00007ffd53987000 	C:\Windows\SYSTEM32\ntdll.dll
0x00007ffd52ab0000 - 0x00007ffd52b74000 	C:\Windows\System32\KERNEL32.DLL
0x00007ffd50eb0000 - 0x00007ffd51257000 	C:\Windows\System32\KERNELBASE.dll
0x00007ffd50cf0000 - 0x00007ffd50e01000 	C:\Windows\System32\ucrtbase.dll
0x00007ffcc7210000 - 0x00007ffcc7227000 	c:\Users\user\.vscode\extensions\redhat.java-1.33.0-win32-x64\jre\17.0.11-win32-x86_64\bin\jli.dll
0x00007ffd52670000 - 0x00007ffd5281e000 	C:\Windows\System32\USER32.dll
0x00007ffd51260000 - 0x00007ffd51286000 	C:\Windows\System32\win32u.dll
0x00007ffd53700000 - 0x00007ffd53729000 	C:\Windows\System32\GDI32.dll
0x00007ffd51290000 - 0x00007ffd513a9000 	C:\Windows\System32\gdi32full.dll
0x00007ffd50e10000 - 0x00007ffd50eaa000 	C:\Windows\System32\msvcp_win.dll
0x00007ffcc71f0000 - 0x00007ffcc720b000 	c:\Users\user\.vscode\extensions\redhat.java-1.33.0-win32-x64\jre\17.0.11-win32-x86_64\bin\VCRUNTIME140.dll
0x00007ffd3ab40000 - 0x00007ffd3add3000 	C:\Windows\WinSxS\amd64_microsoft.windows.common-controls_6595b64144ccf1df_6.0.22621.3527_none_270e469b73872a76\COMCTL32.dll
0x00007ffd53020000 - 0x00007ffd530c7000 	C:\Windows\System32\msvcrt.dll
0x00007ffd52e20000 - 0x00007ffd52e51000 	C:\Windows\System32\IMM32.DLL
0x00007ffcc6f50000 - 0x00007ffcc6f5c000 	c:\Users\user\.vscode\extensions\redhat.java-1.33.0-win32-x64\jre\17.0.11-win32-x86_64\bin\vcruntime140_1.dll
0x00007ffcc66a0000 - 0x00007ffcc672d000 	c:\Users\user\.vscode\extensions\redhat.java-1.33.0-win32-x64\jre\17.0.11-win32-x86_64\bin\msvcp140.dll
0x00007ffcc1e30000 - 0x00007ffcc2a92000 	c:\Users\user\.vscode\extensions\redhat.java-1.33.0-win32-x64\jre\17.0.11-win32-x86_64\bin\server\jvm.dll
0x00007ffd531b0000 - 0x00007ffd53262000 	C:\Windows\System32\ADVAPI32.dll
0x00007ffd534a0000 - 0x00007ffd53548000 	C:\Windows\System32\sechost.dll
0x00007ffd51470000 - 0x00007ffd51498000 	C:\Windows\System32\bcrypt.dll
0x00007ffd52d00000 - 0x00007ffd52e15000 	C:\Windows\System32\RPCRT4.dll
0x00007ffd4f8d0000 - 0x00007ffd4f91d000 	C:\Windows\SYSTEM32\POWRPROF.dll
0x00007ffcf6690000 - 0x00007ffcf6699000 	C:\Windows\SYSTEM32\WSOCK32.dll
0x00007ffd52820000 - 0x00007ffd52891000 	C:\Windows\System32\WS2_32.dll
0x00007ffd45f40000 - 0x00007ffd45f74000 	C:\Windows\SYSTEM32\WINMM.dll
0x00007ffd44a70000 - 0x00007ffd44a7a000 	C:\Windows\SYSTEM32\VERSION.dll
0x00007ffd4f8b0000 - 0x00007ffd4f8c3000 	C:\Windows\SYSTEM32\UMPDC.dll
0x00007ffd4fb60000 - 0x00007ffd4fb78000 	C:\Windows\SYSTEM32\kernel.appcore.dll
0x00007ffcc6440000 - 0x00007ffcc644a000 	c:\Users\user\.vscode\extensions\redhat.java-1.33.0-win32-x64\jre\17.0.11-win32-x86_64\bin\jimage.dll
0x00007ffd4e310000 - 0x00007ffd4e542000 	C:\Windows\SYSTEM32\DBGHELP.DLL
0x00007ffd52260000 - 0x00007ffd525e8000 	C:\Windows\System32\combase.dll
0x00007ffd514a0000 - 0x00007ffd51577000 	C:\Windows\System32\OLEAUT32.dll
0x00007ffd2e400000 - 0x00007ffd2e432000 	C:\Windows\SYSTEM32\dbgcore.DLL
0x00007ffd50c00000 - 0x00007ffd50c79000 	C:\Windows\System32\bcryptPrimitives.dll
0x00007ffcc6690000 - 0x00007ffcc669e000 	c:\Users\user\.vscode\extensions\redhat.java-1.33.0-win32-x64\jre\17.0.11-win32-x86_64\bin\instrument.dll
0x00007ffcc6660000 - 0x00007ffcc6685000 	c:\Users\user\.vscode\extensions\redhat.java-1.33.0-win32-x64\jre\17.0.11-win32-x86_64\bin\java.dll
0x00007ffcc6640000 - 0x00007ffcc6658000 	c:\Users\user\.vscode\extensions\redhat.java-1.33.0-win32-x64\jre\17.0.11-win32-x86_64\bin\zip.dll
0x00007ffd51580000 - 0x00007ffd51ddc000 	C:\Windows\System32\SHELL32.dll
0x00007ffd4e990000 - 0x00007ffd4f286000 	C:\Windows\SYSTEM32\windows.storage.dll
0x00007ffd4e850000 - 0x00007ffd4e98e000 	C:\Windows\SYSTEM32\wintypes.dll
0x00007ffd53270000 - 0x00007ffd53365000 	C:\Windows\System32\SHCORE.dll
0x00007ffd53150000 - 0x00007ffd531ae000 	C:\Windows\System32\shlwapi.dll
0x00007ffd509c0000 - 0x00007ffd509e1000 	C:\Windows\SYSTEM32\profapi.dll
0x00007ffcc6620000 - 0x00007ffcc6639000 	C:\Users\user\.vscode\extensions\redhat.java-1.33.0-win32-x64\jre\17.0.11-win32-x86_64\bin\net.dll
0x00007ffd471b0000 - 0x00007ffd472e6000 	C:\Windows\SYSTEM32\WINHTTP.dll
0x00007ffd4ffc0000 - 0x00007ffd50029000 	C:\Windows\system32\mswsock.dll
0x00007ffcc6600000 - 0x00007ffcc6616000 	C:\Users\user\.vscode\extensions\redhat.java-1.33.0-win32-x64\jre\17.0.11-win32-x86_64\bin\nio.dll
0x00007ffcc6450000 - 0x00007ffcc6460000 	c:\Users\user\.vscode\extensions\redhat.java-1.33.0-win32-x64\jre\17.0.11-win32-x86_64\bin\verify.dll
0x00007ffcc5c20000 - 0x00007ffcc5c65000 	C:\Users\user\AppData\Roaming\Code\User\globalStorage\redhat.java\1.33.0\config_win\org.eclipse.equinox.launcher\org.eclipse.equinox.launcher.win32.win32.x86_64_1.2.1100.v20240722-2106\eclipse_11904.dll
0x00007ffd528a0000 - 0x00007ffd52a45000 	C:\Windows\System32\ole32.dll
0x00007ffd50310000 - 0x00007ffd5032b000 	C:\Windows\SYSTEM32\CRYPTSP.dll
0x00007ffd4fac0000 - 0x00007ffd4faf5000 	C:\Windows\system32\rsaenh.dll
0x00007ffd50060000 - 0x00007ffd50088000 	C:\Windows\SYSTEM32\USERENV.dll
0x00007ffd502f0000 - 0x00007ffd502fc000 	C:\Windows\SYSTEM32\CRYPTBASE.dll
0x00007ffd4f560000 - 0x00007ffd4f58d000 	C:\Windows\SYSTEM32\IPHLPAPI.DLL
0x00007ffd52ce0000 - 0x00007ffd52ce9000 	C:\Windows\System32\NSI.dll
0x00007ffd46f50000 - 0x00007ffd46f69000 	C:\Windows\SYSTEM32\dhcpcsvc6.DLL
0x00007ffd46f30000 - 0x00007ffd46f4f000 	C:\Windows\SYSTEM32\dhcpcsvc.DLL
0x00007ffd4f5d0000 - 0x00007ffd4f6c8000 	C:\Windows\SYSTEM32\DNSAPI.dll
0x00007ffd355b0000 - 0x00007ffd355f5000 	C:\Users\user\AppData\Local\Temp\jna-573899587\jna10459214542902491775.dll
0x00007ffd533e0000 - 0x00007ffd533e8000 	C:\Windows\System32\PSAPI.DLL
0x00007ffd4fb80000 - 0x00007ffd4fbb4000 	C:\Windows\SYSTEM32\ntmarta.dll
0x00007ffd4a190000 - 0x00007ffd4a199000 	C:\Users\user\.vscode\extensions\redhat.java-1.33.0-win32-x64\jre\17.0.11-win32-x86_64\bin\extnet.dll
0x00007ffd4a170000 - 0x00007ffd4a17e000 	C:\Users\user\.vscode\extensions\redhat.java-1.33.0-win32-x64\jre\17.0.11-win32-x86_64\bin\sunmscapi.dll
0x00007ffd50a90000 - 0x00007ffd50bf8000 	C:\Windows\System32\CRYPT32.dll
0x00007ffd50410000 - 0x00007ffd5043e000 	C:\Windows\SYSTEM32\ncrypt.dll
0x00007ffd503d0000 - 0x00007ffd50407000 	C:\Windows\SYSTEM32\NTASN1.dll
0x00007ffd42bd0000 - 0x00007ffd42bda000 	C:\Windows\System32\rasadhlp.dll
0x00007ffd43a00000 - 0x00007ffd43a83000 	C:\Windows\System32\fwpuclnt.dll
0x00007ffd46630000 - 0x00007ffd46638000 	C:\Windows\system32\wshunix.dll

dbghelp: loaded successfully - version: 4.0.5 - missing functions: none
symbol engine: initialized successfully - sym options: 0x614 - pdb path: .;c:\Users\user\.vscode\extensions\redhat.java-1.33.0-win32-x64\jre\17.0.11-win32-x86_64\bin;C:\Windows\SYSTEM32;C:\Windows\WinSxS\amd64_microsoft.windows.common-controls_6595b64144ccf1df_6.0.22621.3527_none_270e469b73872a76;c:\Users\user\.vscode\extensions\redhat.java-1.33.0-win32-x64\jre\17.0.11-win32-x86_64\bin\server;C:\Users\user\AppData\Roaming\Code\User\globalStorage\redhat.java\1.33.0\config_win\org.eclipse.equinox.launcher\org.eclipse.equinox.launcher.win32.win32.x86_64_1.2.1100.v20240722-2106;C:\Users\user\AppData\Local\Temp\jna-573899587

VM Arguments:
jvm_args: --add-modules=ALL-SYSTEM --add-opens=java.base/java.util=ALL-UNNAMED --add-opens=java.base/java.lang=ALL-UNNAMED --add-opens=java.base/sun.nio.fs=ALL-UNNAMED -Declipse.application=org.eclipse.jdt.ls.core.id1 -Dosgi.bundles.defaultStartLevel=4 -Declipse.product=org.eclipse.jdt.ls.core.product -Djava.import.generatesMetadataFilesAtProjectRoot=false -DDetectVMInstallationsJob.disabled=true -Dfile.encoding=utf8 -XX:+UseParallelGC -XX:GCTimeRatio=4 -XX:AdaptiveSizePolicyWeight=90 -Dsun.zip.disableMemoryMapping=true -Xmx1G -Xms100m -Xlog:disable -javaagent:c:\Users\user\.vscode\extensions\redhat.java-1.33.0-win32-x64\lombok\lombok-1.18.33.jar -XX:+HeapDumpOnOutOfMemoryError -XX:HeapDumpPath=c:\Users\user\AppData\Roaming\Code\User\workspaceStorage\4c3f05e5e1a0e64a882b027ab0a2b8de\redhat.java -Daether.dependencyCollector.impl=bf 
java_command: c:\Users\user\.vscode\extensions\redhat.java-1.33.0-win32-x64\server\plugins\org.eclipse.equinox.launcher_1.6.900.v20240613-2009.jar -configuration c:\Users\user\AppData\Roaming\Code\User\globalStorage\redhat.java\1.33.0\config_win -data c:\Users\user\AppData\Roaming\Code\User\workspaceStorage\4c3f05e5e1a0e64a882b027ab0a2b8de\redhat.java\jdt_ws --pipe=\\.\pipe\lsp-71af3cd90b5ba2d264ad3cd3ac9f2d50-sock
java_class_path (initial): c:\Users\user\.vscode\extensions\redhat.java-1.33.0-win32-x64\server\plugins\org.eclipse.equinox.launcher_1.6.900.v20240613-2009.jar
Launcher Type: SUN_STANDARD

[Global flags]
    uintx AdaptiveSizePolicyWeight                 = 90                                        {product} {command line}
     intx CICompilerCount                          = 4                                         {product} {ergonomic}
    uintx GCTimeRatio                              = 4                                         {product} {command line}
     bool HeapDumpOnOutOfMemoryError               = true                                   {manageable} {command line}
    ccstr HeapDumpPath                             = c:\Users\user\AppData\Roaming\Code\User\workspaceStorage\4c3f05e5e1a0e64a882b027ab0a2b8de\redhat.java         {manageable} {command line}
   size_t InitialHeapSize                          = 104857600                                 {product} {command line}
   size_t MaxHeapSize                              = 1073741824                                {product} {command line}
   size_t MaxNewSize                               = 357564416                                 {product} {ergonomic}
   size_t MinHeapDeltaBytes                        = 524288                                    {product} {ergonomic}
   size_t MinHeapSize                              = 104857600                                 {product} {command line}
   size_t NewSize                                  = 34603008                                  {product} {ergonomic}
    uintx NonNMethodCodeHeapSize                   = 5839372                                {pd product} {ergonomic}
    uintx NonProfiledCodeHeapSize                  = 122909434                              {pd product} {ergonomic}
   size_t OldSize                                  = 70254592                                  {product} {ergonomic}
    uintx ProfiledCodeHeapSize                     = 122909434                              {pd product} {ergonomic}
    uintx ReservedCodeCacheSize                    = 251658240                              {pd product} {ergonomic}
     bool SegmentedCodeCache                       = true                                      {product} {ergonomic}
   size_t SoftMaxHeapSize                          = 1073741824                             {manageable} {ergonomic}
     bool UseCompressedClassPointers               = true                           {product lp64_product} {ergonomic}
     bool UseCompressedOops                        = true                           {product lp64_product} {ergonomic}
     bool UseLargePagesIndividualAllocation        = false                                  {pd product} {ergonomic}
     bool UseParallelGC                            = true                                      {product} {command line}

Logging:
Log output configuration:
 #0: stdout all=off uptime,level,tags
 #1: stderr all=off uptime,level,tags

Environment Variables:
PATH=C:\Program Files\Microsoft MPI\Bin\;C:\Program Files\Eclipse Adoptium\jdk-21.0.1.12-hotspot\bin;C:\Windows\system32;C:\Windows;C:\Windows\System32\Wbem;C:\Windows\System32\WindowsPowerShell\v1.0\;C:\Windows\System32\OpenSSH\;C:\Program Files (x86)\Microsoft SQL Server\160\Tools\Binn\;C:\Program Files\Microsoft SQL Server\160\Tools\Binn\;C:\Program Files\Microsoft SQL Server\Client SDK\ODBC\170\Tools\Binn\;C:\Program Files\Microsoft SQL Server\160\DTS\Binn\;C:\Program Files (x86)\Microsoft SQL Server\160\DTS\Binn\;C:\Program Files\Azure Data Studio\bin;C:\Program Files\Git\cmd;C:\xampp\php;C:\ProgramData\ComposerSetup\bin;C:\Program Files\nodejs\;C:\Program Files\Microsoft SQL Server\150\Tools\Binn\;C:\Program Files\dotnet\;C:\Program Files (x86)\Windows Kits\10\Windows Performance Toolkit\;C:\Program Files\MySQL\MySQL Shell 8.0\bin\;C:\Users\user\AppData\Local\Microsoft\WindowsApps;C:\Users\user\AppData\Local\GitHubDesktop\bin;C:\Program Files\Azure Data Studio\bin;C:\Users\user\AppData\Roaming\Composer\vendor\bin;C:\Users\user\AppData\Local\Programs\Microsoft VS Code\bin;C:\Users\user\AppData\Roaming\npm;C:\Users\user\.dotnet\tools
USERNAME=Shawnelle
OS=Windows_NT
PROCESSOR_IDENTIFIER=Intel64 Family 6 Model 142 Stepping 12, GenuineIntel
TMP=C:\Users\user\AppData\Local\Temp
TEMP=C:\Users\user\AppData\Local\Temp



Periodic native trim disabled


---------------  S Y S T E M  ---------------

OS:
 Windows 11 , 64 bit Build 22621 (10.0.22621.3527)
OS uptime: 0 days 2:07 hours
Hyper-V role detected

CPU: total 8 (initial active 8) (4 cores per cpu, 2 threads per core) family 6 model 142 stepping 12 microcode 0xf4, cx8, cmov, fxsr, ht, mmx, 3dnowpref, sse, sse2, sse3, ssse3, sse4.1, sse4.2, popcnt, lzcnt, tsc, tscinvbit, avx, avx2, aes, erms, clmul, bmi1, bmi2, adx, fma, vzeroupper, clflush, clflushopt, hv
Processor Information for all 8 processors :
  Max Mhz: 2208, Current Mhz: 1706, Mhz Limit: 1700

Memory: 4k page, system-wide physical 16050M (5006M free)
TotalPageFile size 20914M (AvailPageFile size 4353M)
current process WorkingSet (physical memory assigned to process): 520M, peak: 623M
current process commit charge ("private bytes"): 519M, peak: 614M

vm_info: OpenJDK 64-Bit Server VM (17.0.11+9) for windows-amd64 JRE (17.0.11+9), built on Apr 17 2024 06:07:48 by "admin" with MS VC++ 16.10 / 16.11 (VS2019)

END.
