#
# A fatal error has been detected by the Java Runtime Environment:
#
#  EXCEPTION_ACCESS_VIOLATION (0xc0000005) at pc=0x00007ffa5575e948, pid=2544, tid=14572
#
# JRE version: OpenJDK Runtime Environment Temurin-17.0.11+9 (17.0.11+9) (build 17.0.11+9)
# Java VM: OpenJDK 64-Bit Server VM Temurin-17.0.11+9 (17.0.11+9, mixed mode, emulated-client, tiered, compressed oops, compressed class ptrs, g1 gc, windows-amd64)
# Problematic frame:
# V  [jvm.dll+0x30e948]
#
# No core dump will be written. Minidumps are not enabled by default on client versions of Windows
#
# If you would like to submit a bug report, please visit:
#   https://github.com/adoptium/adoptium-support/issues
#

---------------  S U M M A R Y ------------

Command Line: -Xmx1024m -Dsts.lsp.client=vscode -Dsts.log.file=/dev/null -XX:TieredStopAtLevel=1 -Xlog:jni+resolve=off -Dspring.config.location=file:c:\Users\user\.vscode\extensions\vmware.vscode-spring-boot-1.56.0\language-server\BOOT-INF\classes\application.properties org.springframework.ide.vscode.boot.app.BootLanguageServerBootApp

Host: Intel(R) Core(TM) i5-10310U CPU @ 1.70GHz, 8 cores, 15G,  Windows 11 , 64 bit Build 22621 (10.0.22621.3527)
Time: Tue Aug 20 09:00:01 2024 Eastern Summer Time elapsed time: 4054.855978 seconds (0d 1h 7m 34s)

---------------  T H R E A D  ---------------

Current thread (0x00000211d68fdde0):  GCTaskThread "GC Thread#4" [stack: 0x000000be92100000,0x000000be92200000] [id=14572]

Stack: [0x000000be92100000,0x000000be92200000],  sp=0x000000be921ff840,  free space=1022k
Native frames: (J=compiled Java code, j=interpreted, Vv=VM code, C=native code)
V  [jvm.dll+0x30e948]
V  [jvm.dll+0x2f5008]
V  [jvm.dll+0x2f87fe]
V  [jvm.dll+0x2f98a5]
V  [jvm.dll+0x2f8e1d]
V  [jvm.dll+0x2f86ad]
V  [jvm.dll+0x86241b]
V  [jvm.dll+0x862466]
V  [jvm.dll+0x7e410a]
V  [jvm.dll+0x67c315]
C  [ucrtbase.dll+0x29333]
C  [KERNEL32.DLL+0x1257d]
C  [ntdll.dll+0x5aa48]


siginfo: EXCEPTION_ACCESS_VIOLATION (0xc0000005), reading address 0x00000001cc304708


Registers:
RAX=0x0000000000000001, RBX=0x00000211d83c86a8, RCX=0x0000000000000003, RDX=0x00000000c15bf1f0
RSP=0x000000be921ff840, RBP=0x00000211d83c8610, RSI=0x00000211d83c8060, RDI=0x0000000000000015
R8 =0x00000001cc304700, R9 =0x0000000000000001, R10=0x0000000000000003, R11=0x0000000000000000
R12=0x0000000000000010, R13=0x000000000000000c, R14=0x00000000c343f9ec, R15=0x000000000000000c
RIP=0x00007ffa5575e948, EFLAGS=0x0000000000010206


Register to memory mapping:

RIP=0x00007ffa5575e948 jvm.dll
RAX=0x0000000000000001 is an unknown value
RBX=0x00000211d83c86a8 points into unknown readable memory: 0x00000211d7c1e140 | 40 e1 c1 d7 11 02 00 00
RCX=0x0000000000000003 is an unknown value
RDX=0x00000000c15bf1f0 points into unknown readable memory: 0xcb9d4b8b41158f1b | 1b 8f 15 41 8b 4b 9d cb
RSP=0x000000be921ff840 points into unknown readable memory: 0x00000000c1c84450 | 50 44 c8 c1 00 00 00 00
RBP=0x00000211d83c8610 points into unknown readable memory: 0x00007ffa55da6d28 | 28 6d da 55 fa 7f 00 00
RSI=0x00000211d83c8060 points into unknown readable memory: 0x000000be910fee40 | 40 ee 0f 91 be 00 00 00
RDI=0x0000000000000015 is an unknown value
R8 =0x00000001cc304700 is an unknown value
R9 =0x0000000000000001 is an unknown value
R10=0x0000000000000003 is an unknown value
R11=0x0 is NULL
R12=0x0000000000000010 is an unknown value
R13=0x000000000000000c is an unknown value
R14=0x00000000c343f9ec is pointing into object: [Lorg.eclipse.jdt.internal.compiler.lookup.TypeBinding; 
{0x00000000c343f9d0} - klass: 'org/eclipse/jdt/internal/compiler/lookup/TypeBinding'[]
 - length: 3
R15=0x000000000000000c is an unknown value


Top of Stack: (sp=0x000000be921ff840)
0x000000be921ff840:   00000000c1c84450 00007ffa5574338a
0x000000be921ff850:   00000000c343e288 00000211d83c8060
0x000000be921ff860:   00000000c15bf1f0 00007ffa55745008
0x000000be921ff870:   00000211d681de18 0000000000000000
0x000000be921ff880:   000000000000000c 000000000000000c
0x000000be921ff890:   00000000c15bf1f0 cb9d4b8b41158f1b
0x000000be921ff8a0:   00000000c343f9e8 00007ffa557487fe
0x000000be921ff8b0:   00000000c15bf1f0 00000211d83c8060
0x000000be921ff8c0:   0000000000000000 00000000c343f968
0x000000be921ff8d0:   0000000000000000 00000000c343f9d0
0x000000be921ff8e0:   0000000000000000 00007ffa557498a5
0x000000be921ff8f0:   00000211d83c8060 0000000000000003
0x000000be921ff900:   00007ffa55450000 0000000000000003
0x000000be921ff910:   00000000c343f9d0 0000000000000000
0x000000be921ff920:   0000000000000000 0000000000000000
0x000000be921ff930:   0000000000000001 000000be910ff078
0x000000be921ff940:   000000be910fe700 00000211d83c8060
0x000000be921ff950:   00007ffa55450000 0000000000000010
0x000000be921ff960:   000000be910ff090 00007ffa55748e1d
0x000000be921ff970:   0000000000000000 0000000000000004
0x000000be921ff980:   000000000000000c 00007ffa55450000
0x000000be921ff990:   00000000c1719f70 0000000000000000
0x000000be921ff9a0:   0000000000000001 00000211d83c8060
0x000000be921ff9b0:   00000000000003d8 00000211d692d238
0x000000be921ff9c0:   00000211d692ce50 00000211d692ce60
0x000000be921ff9d0:   000000be910fe5a0 00007ffa557486ad
0x000000be921ff9e0:   0000000000000000 00000211d69026b0
0x000000be921ff9f0:   000000be910ff090 0000000000000000
0x000000be921ffa00:   000000096ad85de7 0000081f54ea10b9
0x000000be921ffa10:   0000000970de5d2d 0000082486e3daf3
0x000000be921ffa20:   0000000970de5d2d 0000082486e3daf3
0x000000be921ffa30:   0000000000000000 0000000000000000 

Instructions: (pc=0x00007ffa5575e948)
0x00007ffa5575e848:   cc cc cc cc cc cc cc cc 48 89 5c 24 08 57 48 83
0x00007ffa5575e858:   ec 30 33 c0 48 89 11 41 8d 50 ff 48 89 41 08 48
0x00007ffa5575e868:   89 51 28 48 8b d9 44 89 41 10 41 8b f8 48 89 41
0x00007ffa5575e878:   18 48 89 41 20 41 8b c8 e8 5b c1 cf ff 84 c0 75
0x00007ffa5575e888:   2b 4c 8d 0d d0 bb 64 00 89 7c 24 20 4c 8d 05 fd
0x00007ffa5575e898:   bb 64 00 ba 28 00 00 00 48 8d 0d 29 bc 64 00 e8
0x00007ffa5575e8a8:   b4 93 f3 ff e8 7f e6 36 00 8b 7b 10 45 33 c0 8b
0x00007ffa5575e8b8:   cf 48 c1 e1 04 41 8d 50 05 e8 7a 83 d9 ff 48 89
0x00007ffa5575e8c8:   43 08 48 8b c3 48 8b 5c 24 40 48 83 c4 30 5f c3
0x00007ffa5575e8d8:   cc cc cc cc cc cc cc cc 48 8b 49 08 e9 d7 82 d9
0x00007ffa5575e8e8:   ff cc cc cc cc cc cc cc 48 89 5c 24 08 57 48 83
0x00007ffa5575e8f8:   ec 20 48 8b 05 47 bc 8a 00 48 8b d9 48 8b fa 8b
0x00007ffa5575e908:   88 c0 01 00 00 4c 8b 80 b8 01 00 00 0f b6 05 4c
0x00007ffa5575e918:   4a 87 00 49 d3 e0 8b 0d 2c 54 87 00 49 2b f8 48
0x00007ffa5575e928:   d3 ef 84 c0 74 16 44 8b 42 08 8b 0d c0 89 80 00
0x00007ffa5575e938:   49 d3 e0 4c 03 05 ae 89 80 00 eb 04 4c 8b 42 08
0x00007ffa5575e948:   45 8b 48 08 45 85 c9 7e 0c 41 f6 c1 01 75 55 41
0x00007ffa5575e958:   c1 f9 03 eb 5e 79 4d 84 c0 41 b8 0c 00 00 00 8b
0x00007ffa5575e968:   05 c7 98 80 00 b9 10 00 00 00 41 0f 45 c8 ff c8
0x00007ffa5575e978:   4c 63 c0 41 8b c1 48 c1 f8 10 48 63 14 11 41 8b
0x00007ffa5575e988:   c9 83 e1 3f 48 d3 e2 0f b6 c8 49 8d 04 10 49 f7
0x00007ffa5575e998:   d0 48 03 c8 4d 8b c8 49 c1 e9 03 48 c1 e9 03 44
0x00007ffa5575e9a8:   23 c9 eb 0f 49 8b 00 49 8b c8 ff 90 00 01 00 00
0x00007ffa5575e9b8:   44 8b c8 8b 53 28 8b c7 48 23 d0 48 c1 e2 04 48
0x00007ffa5575e9c8:   03 53 08 8b 02 3b c7 74 34 4c 8b 42 08 4d 85 c0
0x00007ffa5575e9d8:   74 0b 8b c8 48 8b 03 f0 4c 0f c1 04 c8 48 c7 42
0x00007ffa5575e9e8:   08 00 00 00 00 89 3a 48 ff 43 20 49 63 c1 48 01
0x00007ffa5575e9f8:   42 08 48 8b 5c 24 30 48 83 c4 20 5f c3 48 ff 43
0x00007ffa5575ea08:   18 48 8b 5c 24 30 49 63 c1 48 01 42 08 48 83 c4
0x00007ffa5575ea18:   20 5f c3 cc cc cc cc cc 48 89 5c 24 08 33 db 4c
0x00007ffa5575ea28:   8b da 4c 8b c9 44 8b c3 39 59 10 76 39 66 66 66
0x00007ffa5575ea38:   0f 1f 84 00 00 00 00 00 41 8b c0 48 c1 e0 04 49 


Stack slot to memory mapping:
stack at sp + 0 slots: 0x00000000c1c84450 is an oop: [[C 
{0x00000000c1c84450} - klass: {type array char}[]
 - length: 0
stack at sp + 1 slots: 0x00007ffa5574338a jvm.dll
stack at sp + 2 slots: 0x00000000c343e288 is pointing into object: org.eclipse.jdt.internal.compiler.lookup.MethodBinding 
{0x00000000c343e240} - klass: 'org/eclipse/jdt/internal/compiler/lookup/MethodBinding'
 - ---- fields (total size 10 words):
 - public 'modifiers' 'I' @12  33554433 (2000001)
 - public 'tagBits' 'J' @16  0 (0 0)
 - public 'extendedTagBits' 'I' @24  0
 - public 'defaultNullness' 'I' @28  0
 - public 'selector' '[C' @32  [C{0x00000000c1a27c20} (c1a27c20)
 - public 'returnType' 'Lorg/eclipse/jdt/internal/compiler/lookup/TypeBinding;' @36  a 'org/eclipse/jdt/internal/compiler/lookup/VoidTypeBinding'{0x00000000c17befb0} (c17befb0)
 - public 'parameters' '[Lorg/eclipse/jdt/internal/compiler/lookup/TypeBinding;' @40  a 'org/eclipse/jdt/internal/compiler/lookup/TypeBinding'[0] {0x00000000c1e613f8} (c1e613f8)
 - public 'receiver' 'Lorg/eclipse/jdt/internal/compiler/lookup/TypeBinding;' @44  NULL (0)
 - public 'thrownExceptions' '[Lorg/eclipse/jdt/internal/compiler/lookup/ReferenceBinding;' @48  a 'org/eclipse/jdt/internal/compiler/lookup/ReferenceBinding'[0] {0x00000000c1e61408} (c1e61408)
 - public 'declaringClass' 'Lorg/eclipse/jdt/internal/compiler/lookup/ReferenceBinding;' @52  a 'org/eclipse/jdt/internal/compiler/lookup/BinaryTypeBinding'{0x00000000c24e0458} (c24e0458)
 - public 'typeVariables' '[Lorg/eclipse/jdt/internal/compiler/lookup/TypeVariableBinding;' @56  a 'org/eclipse/jdt/internal/compiler/lookup/TypeVariableBinding'[0] {0x00000000c1e61418} (c1e61418)
 - 'signature' '[C' @60  NULL (0)
 - protected 'typeAnnotations' '[Lorg/eclipse/jdt/internal/compiler/lookup/AnnotationBinding;' @64  a 'org/eclipse/jdt/internal/compiler/lookup/AnnotationBinding'[0] {0x00000000c1774ee8} (c1774ee8)
 - public 'parameterFlowBits' '[B' @68  NULL (0)
 - public 'parameterNames' '[[C' @72  a {type array char}[0] {0x00000000c1c84450} (c1c84450)
stack at sp + 3 slots: 0x00000211d83c8060 points into unknown readable memory: 0x000000be910fee40 | 40 ee 0f 91 be 00 00 00
stack at sp + 4 slots: 0x00000000c15bf1f0 points into unknown readable memory: 0xcb9d4b8b41158f1b | 1b 8f 15 41 8b 4b 9d cb
stack at sp + 5 slots: 0x00007ffa55745008 jvm.dll
stack at sp + 6 slots: 0x00000211d681de18 points into unknown readable memory: 0x00007ffa55e00140 | 40 01 e0 55 fa 7f 00 00
stack at sp + 7 slots: 0x0 is NULL


---------------  P R O C E S S  ---------------

Threads class SMR info:
_java_thread_list=0x00000211d6804b90, length=42, elements={
0x00000211d1975260, 0x00000211d19760e0, 0x00000211d19a7810, 0x00000211d19a9540,
0x00000211d19ac310, 0x00000211d19accd0, 0x00000211d19ad740, 0x00000211d19de200,
0x00000211d1bc26d0, 0x00000211d1bcd380, 0x00000211d6d0fb90, 0x00000211d6d10070,
0x00000211d7385850, 0x00000211c6b05230, 0x00000211d73f4d50, 0x00000211d70d57f0,
0x00000211d6698f30, 0x00000211d6699e60, 0x00000211d669b7b0, 0x00000211d669ad90,
0x00000211d6699440, 0x00000211d669a880, 0x00000211d6699950, 0x00000211d75f3160,
0x00000211d75f08e0, 0x00000211d75f2740, 0x00000211d75f2c50, 0x00000211d75f54d0,
0x00000211d75eea80, 0x00000211d75ef9b0, 0x00000211d75f45a0, 0x00000211d75f4ab0,
0x00000211d75f4fc0, 0x00000211d75f59e0, 0x00000211d75f3670, 0x00000211d75ee570,
0x00000211d75f2230, 0x00000211d669c1d0, 0x00000211d669b2a0, 0x00000211d887f6f0,
0x00000211d8881f70, 0x00000211d887fc00
}

Java Threads: ( => current thread )
  0x00000211d1975260 JavaThread "Reference Handler" daemon [_thread_blocked, id=7400, stack(0x000000be91100000,0x000000be91200000)]
  0x00000211d19760e0 JavaThread "Finalizer" daemon [_thread_blocked, id=5904, stack(0x000000be91200000,0x000000be91300000)]
  0x00000211d19a7810 JavaThread "Signal Dispatcher" daemon [_thread_blocked, id=13272, stack(0x000000be91300000,0x000000be91400000)]
  0x00000211d19a9540 JavaThread "Attach Listener" daemon [_thread_blocked, id=7512, stack(0x000000be91400000,0x000000be91500000)]
  0x00000211d19ac310 JavaThread "Service Thread" daemon [_thread_blocked, id=15344, stack(0x000000be91500000,0x000000be91600000)]
  0x00000211d19accd0 JavaThread "Monitor Deflation Thread" daemon [_thread_blocked, id=7580, stack(0x000000be91600000,0x000000be91700000)]
  0x00000211d19ad740 JavaThread "C1 CompilerThread0" daemon [_thread_blocked, id=12592, stack(0x000000be91700000,0x000000be91800000)]
  0x00000211d19de200 JavaThread "Sweeper thread" daemon [_thread_blocked, id=15108, stack(0x000000be91800000,0x000000be91900000)]
  0x00000211d1bc26d0 JavaThread "Notification Thread" daemon [_thread_blocked, id=7064, stack(0x000000be91a00000,0x000000be91b00000)]
  0x00000211d1bcd380 JavaThread "Common-Cleaner" daemon [_thread_blocked, id=14212, stack(0x000000be91c00000,0x000000be91d00000)]
  0x00000211d6d0fb90 JavaThread "boundedElastic-evictor-1" daemon [_thread_blocked, id=4560, stack(0x000000be92400000,0x000000be92500000)]
  0x00000211d6d10070 JavaThread "pool-13-thread-1" [_thread_blocked, id=2256, stack(0x000000be92900000,0x000000be92a00000)]
  0x00000211d7385850 JavaThread "LanguageServerApp-lifecycle" [_thread_blocked, id=2496, stack(0x000000be92a00000,0x000000be92b00000)]
  0x00000211c6b05230 JavaThread "DestroyJavaVM" [_thread_blocked, id=8828, stack(0x000000be90a00000,0x000000be90b00000)]
  0x00000211d73f4d50 JavaThread "pool-14-thread-1" [_thread_in_native, id=2312, stack(0x000000be92b00000,0x000000be92c00000)]
  0x00000211d70d57f0 JavaThread "Simple-Language-Server main thread" daemon [_thread_blocked, id=2008, stack(0x000000be92c00000,0x000000be92d00000)]
  0x00000211d6698f30 JavaThread "pool-8-thread-1" [_thread_blocked, id=4380, stack(0x000000be92f00000,0x000000be93000000)]
  0x00000211d6699e60 JavaThread "parallel-1" daemon [_thread_blocked, id=5188, stack(0x000000be93000000,0x000000be93100000)]
  0x00000211d669b7b0 JavaThread "parallel-2" daemon [_thread_blocked, id=5028, stack(0x000000be93100000,0x000000be93200000)]
  0x00000211d669ad90 JavaThread "pool-6-thread-1" [_thread_blocked, id=5260, stack(0x000000be93200000,0x000000be93300000)]
  0x00000211d6699440 JavaThread "parallel-3" daemon [_thread_blocked, id=5024, stack(0x000000be93300000,0x000000be93400000)]
  0x00000211d669a880 JavaThread "parallel-4" daemon [_thread_blocked, id=12476, stack(0x000000be93400000,0x000000be93500000)]
  0x00000211d6699950 JavaThread "parallel-5" daemon [_thread_blocked, id=12472, stack(0x000000be93500000,0x000000be93600000)]
  0x00000211d75f3160 JavaThread "parallel-6" daemon [_thread_blocked, id=13140, stack(0x000000be93b00000,0x000000be93c00000)]
  0x00000211d75f08e0 JavaThread "parallel-7" daemon [_thread_blocked, id=15180, stack(0x000000be93c00000,0x000000be93d00000)]
  0x00000211d75f2740 JavaThread "parallel-8" daemon [_thread_blocked, id=15288, stack(0x000000be93d00000,0x000000be93e00000)]
  0x00000211d75f2c50 JavaThread "Reconciler-1" daemon [_thread_blocked, id=14996, stack(0x000000be93f00000,0x000000be94000000)]
  0x00000211d75f54d0 JavaThread "CompletableFutureDelayScheduler" daemon [_thread_blocked, id=2892, stack(0x000000be92300000,0x000000be92400000)]
  0x00000211d75eea80 JavaThread "pool-7-thread-1" [_thread_blocked, id=15948, stack(0x000000be91d00000,0x000000be91e00000)]
  0x00000211d75ef9b0 JavaThread "RMI Scheduler(0)" daemon [_thread_blocked, id=17164, stack(0x000000be92d00000,0x000000be92e00000)]
  0x00000211d75f45a0 JavaThread "pool-7-thread-2" [_thread_blocked, id=8424, stack(0x000000be93900000,0x000000be93a00000)]
  0x00000211d75f4ab0 JavaThread "pool-7-thread-3" [_thread_blocked, id=1456, stack(0x000000be93a00000,0x000000be93b00000)]
  0x00000211d75f4fc0 JavaThread "pool-7-thread-4" [_thread_blocked, id=10456, stack(0x000000be93e00000,0x000000be93f00000)]
  0x00000211d75f59e0 JavaThread "pool-7-thread-5" [_thread_blocked, id=11312, stack(0x000000be90700000,0x000000be90800000)]
  0x00000211d75f3670 JavaThread "pool-7-thread-6" [_thread_blocked, id=14176, stack(0x000000be94800000,0x000000be94900000)]
  0x00000211d75ee570 JavaThread "pool-7-thread-7" [_thread_blocked, id=17100, stack(0x000000be92800000,0x000000be92900000)]
  0x00000211d75f2230 JavaThread "pool-7-thread-8" [_thread_blocked, id=2328, stack(0x000000be94100000,0x000000be94200000)]
  0x00000211d669c1d0 JavaThread "pool-7-thread-9" [_thread_blocked, id=7800, stack(0x000000be94400000,0x000000be94500000)]
  0x00000211d669b2a0 JavaThread "pool-7-thread-10" [_thread_blocked, id=9084, stack(0x000000be94500000,0x000000be94600000)]
  0x00000211d887f6f0 JavaThread "RMI RenewClean-[localhost:53007]" daemon [_thread_blocked, id=19092, stack(0x000000be93700000,0x000000be93800000)]
  0x00000211d8881f70 JavaThread "RMI GC Daemon" daemon [_thread_blocked, id=6616, stack(0x000000be93800000,0x000000be93900000)]
  0x00000211d887fc00 JavaThread "JMX client heartbeat 9" daemon [_thread_blocked, id=19928, stack(0x000000be94000000,0x000000be94100000)]

Other Threads:
  0x00000211d192e110 VMThread "VM Thread" [stack: 0x000000be91000000,0x000000be91100000] [id=6992]
  0x00000211d1bc2bb0 WatcherThread [stack: 0x000000be91b00000,0x000000be91c00000] [id=13288]
  0x00000211c6b43a60 GCTaskThread "GC Thread#0" [stack: 0x000000be90b00000,0x000000be90c00000] [id=14932]
  0x00000211d6902120 GCTaskThread "GC Thread#1" [stack: 0x000000be91e00000,0x000000be91f00000] [id=8692]
  0x00000211d68fd040 GCTaskThread "GC Thread#2" [stack: 0x000000be91f00000,0x000000be92000000] [id=13132]
  0x00000211d68fd300 GCTaskThread "GC Thread#3" [stack: 0x000000be92000000,0x000000be92100000] [id=1672]
=>0x00000211d68fdde0 GCTaskThread "GC Thread#4" [stack: 0x000000be92100000,0x000000be92200000] [id=14572]
  0x00000211d692eac0 GCTaskThread "GC Thread#5" [stack: 0x000000be92200000,0x000000be92300000] [id=984]
  0x00000211d6da2620 GCTaskThread "GC Thread#6" [stack: 0x000000be92500000,0x000000be92600000] [id=9388]
  0x00000211d6e47c20 GCTaskThread "GC Thread#7" [stack: 0x000000be92600000,0x000000be92700000] [id=11284]
  0x00000211c6b4d9c0 ConcurrentGCThread "G1 Main Marker" [stack: 0x000000be90c00000,0x000000be90d00000] [id=13120]
  0x00000211c6b4eb80 ConcurrentGCThread "G1 Conc#0" [stack: 0x000000be90d00000,0x000000be90e00000] [id=7960]
  0x00000211d6d99360 ConcurrentGCThread "G1 Conc#1" [stack: 0x000000be92700000,0x000000be92800000] [id=11268]
  0x00000211c6badf60 ConcurrentGCThread "G1 Refine#0" [stack: 0x000000be90e00000,0x000000be90f00000] [id=13292]
  0x00000211c6bae990 ConcurrentGCThread "G1 Service" [stack: 0x000000be90f00000,0x000000be91000000] [id=13172]

Threads with active compile tasks:

VM state: at safepoint (normal execution)

VM Mutex/Monitor currently owned by a thread:  ([mutex/lock_event])
[0x00000211c481e7a0] Threads_lock - owner thread: 0x00000211d192e110
[0x00000211c6b02c50] Heap_lock - owner thread: 0x00000211d6d10070

Heap address: 0x00000000c0000000, size: 1024 MB, Compressed Oops mode: 32-bit

CDS archive(s) not mapped
Compressed class space mapped at: 0x0000000100000000-0x0000000140000000, reserved size: 1073741824
Narrow klass base: 0x0000000000000000, Narrow klass shift: 3, Narrow klass range: 0x140000000

GC Precious Log:
 CPUs: 8 total, 8 available
 Memory: 16050M
 Large Page Support: Disabled
 NUMA Support: Disabled
 Compressed Oops: Enabled (32-bit)
 Heap Region Size: 1M
 Heap Min Capacity: 8M
 Heap Initial Capacity: 252M
 Heap Max Capacity: 1G
 Pre-touch: Disabled
 Parallel Workers: 8
 Concurrent Workers: 2
 Concurrent Refinement Workers: 8
 Periodic GC: Disabled

Heap:
 garbage-first heap   total 101376K, used 41965K [0x00000000c0000000, 0x0000000100000000)
  region size 1024K, 1 young (1024K), 0 survivors (0K)
 Metaspace       used 64203K, committed 64832K, reserved 1114112K
  class space    used 7915K, committed 8192K, reserved 1048576K

Heap Regions: E=young(eden), S=young(survivor), O=old, HS=humongous(starts), HC=humongous(continues), CS=collection set, F=free, OA=open archive, CA=closed archive, TAMS=top-at-mark-start (previous, next)
|   0|0x00000000c0000000, 0x00000000c0100000, 0x00000000c0100000|100%|HS|  |TAMS 0x00000000c0100000, 0x00000000c0000000| Untracked 
|   1|0x00000000c0100000, 0x00000000c0200000, 0x00000000c0200000|100%|HC|  |TAMS 0x00000000c0200000, 0x00000000c0100000| Untracked 
|   2|0x00000000c0200000, 0x00000000c0300000, 0x00000000c0300000|100%|HC|  |TAMS 0x00000000c0300000, 0x00000000c0200000| Untracked 
|   3|0x00000000c0300000, 0x00000000c0400000, 0x00000000c0400000|100%|HC|  |TAMS 0x00000000c0400000, 0x00000000c0300000| Untracked 
|   4|0x00000000c0400000, 0x00000000c0500000, 0x00000000c0500000|100%|HS|  |TAMS 0x00000000c0500000, 0x00000000c0400000| Untracked 
|   5|0x00000000c0500000, 0x00000000c0600000, 0x00000000c0600000|100%|HC|  |TAMS 0x00000000c0600000, 0x00000000c0500000| Untracked 
|   6|0x00000000c0600000, 0x00000000c0700000, 0x00000000c0700000|100%| O|  |TAMS 0x00000000c0700000, 0x00000000c0600000| Untracked 
|   7|0x00000000c0700000, 0x00000000c0800000, 0x00000000c0800000|100%| O|  |TAMS 0x00000000c0800000, 0x00000000c0700000| Untracked 
|   8|0x00000000c0800000, 0x00000000c0900000, 0x00000000c0900000|100%| O|  |TAMS 0x00000000c0900000, 0x00000000c0800000| Untracked 
|   9|0x00000000c0900000, 0x00000000c0a00000, 0x00000000c0a00000|100%| O|  |TAMS 0x00000000c0a00000, 0x00000000c0900000| Untracked 
|  10|0x00000000c0a00000, 0x00000000c0b00000, 0x00000000c0b00000|100%| O|  |TAMS 0x00000000c0b00000, 0x00000000c0a00000| Untracked 
|  11|0x00000000c0b00000, 0x00000000c0c00000, 0x00000000c0c00000|100%| O|  |TAMS 0x00000000c0c00000, 0x00000000c0b00000| Untracked 
|  12|0x00000000c0c00000, 0x00000000c0d00000, 0x00000000c0d00000|100%| O|  |TAMS 0x00000000c0d00000, 0x00000000c0c00000| Untracked 
|  13|0x00000000c0d00000, 0x00000000c0e00000, 0x00000000c0e00000|100%| O|  |TAMS 0x00000000c0e00000, 0x00000000c0d00000| Untracked 
|  14|0x00000000c0e00000, 0x00000000c0f00000, 0x00000000c0f00000|100%| O|  |TAMS 0x00000000c0f00000, 0x00000000c0e00000| Untracked 
|  15|0x00000000c0f00000, 0x00000000c0fffff8, 0x00000000c1000000| 99%| O|  |TAMS 0x00000000c0fffff8, 0x00000000c0f00000| Untracked 
|  16|0x00000000c1000000, 0x00000000c10fffd8, 0x00000000c1100000| 99%| O|  |TAMS 0x00000000c10fffd8, 0x00000000c1000000| Untracked 
|  17|0x00000000c1100000, 0x00000000c11ffff0, 0x00000000c1200000| 99%| O|  |TAMS 0x00000000c11ffff0, 0x00000000c1100000| Untracked 
|  18|0x00000000c1200000, 0x00000000c12fffe8, 0x00000000c1300000| 99%| O|  |TAMS 0x00000000c12fffe8, 0x00000000c1200000| Untracked 
|  19|0x00000000c1300000, 0x00000000c13fffe8, 0x00000000c1400000| 99%| O|  |TAMS 0x00000000c13fffe8, 0x00000000c1300000| Untracked 
|  20|0x00000000c1400000, 0x00000000c14fff88, 0x00000000c1500000| 99%| O|  |TAMS 0x00000000c14fff88, 0x00000000c1400000| Untracked 
|  21|0x00000000c1500000, 0x00000000c15ffff0, 0x00000000c1600000| 99%| O|  |TAMS 0x00000000c15ffff0, 0x00000000c1500000| Untracked 
|  22|0x00000000c1600000, 0x00000000c1700000, 0x00000000c1700000|100%| O|  |TAMS 0x00000000c1700000, 0x00000000c1600000| Untracked 
|  23|0x00000000c1700000, 0x00000000c17fffe8, 0x00000000c1800000| 99%| O|  |TAMS 0x00000000c17fffe8, 0x00000000c1700000| Untracked 
|  24|0x00000000c1800000, 0x00000000c18ffff0, 0x00000000c1900000| 99%| O|  |TAMS 0x00000000c18ffff0, 0x00000000c1800000| Untracked 
|  25|0x00000000c1900000, 0x00000000c19ffff8, 0x00000000c1a00000| 99%| O|  |TAMS 0x00000000c19ffff8, 0x00000000c1900000| Untracked 
|  26|0x00000000c1a00000, 0x00000000c1afffb8, 0x00000000c1b00000| 99%| O|  |TAMS 0x00000000c1afffb8, 0x00000000c1a00000| Untracked 
|  27|0x00000000c1b00000, 0x00000000c1bfff88, 0x00000000c1c00000| 99%| O|  |TAMS 0x00000000c1bfff88, 0x00000000c1b00000| Untracked 
|  28|0x00000000c1c00000, 0x00000000c1cfffa0, 0x00000000c1d00000| 99%| O|  |TAMS 0x00000000c1cfffa0, 0x00000000c1c00000| Untracked 
|  29|0x00000000c1d00000, 0x00000000c1dffff8, 0x00000000c1e00000| 99%| O|  |TAMS 0x00000000c1dffff8, 0x00000000c1d00000| Untracked 
|  30|0x00000000c1e00000, 0x00000000c1efb250, 0x00000000c1f00000| 98%| O|  |TAMS 0x00000000c1efb250, 0x00000000c1e00000| Untracked 
|  31|0x00000000c1f00000, 0x00000000c1ffff90, 0x00000000c2000000| 99%| O|  |TAMS 0x00000000c1ffff90, 0x00000000c1f00000| Untracked 
|  32|0x00000000c2000000, 0x00000000c20ffd50, 0x00000000c2100000| 99%| O|  |TAMS 0x00000000c20ffd50, 0x00000000c2000000| Untracked 
|  33|0x00000000c2100000, 0x00000000c21f8628, 0x00000000c2200000| 97%| O|  |TAMS 0x00000000c21f8628, 0x00000000c2100000| Untracked 
|  34|0x00000000c2200000, 0x00000000c22ffff0, 0x00000000c2300000| 99%| O|  |TAMS 0x00000000c2200000, 0x00000000c2200000| Untracked 
|  35|0x00000000c2300000, 0x00000000c2400000, 0x00000000c2400000|100%|HS|  |TAMS 0x00000000c2400000, 0x00000000c2300000| Untracked 
|  36|0x00000000c2400000, 0x00000000c24e10f8, 0x00000000c2500000| 87%| O|  |TAMS 0x00000000c2400000, 0x00000000c2400000| Untracked 
|  37|0x00000000c2500000, 0x00000000c25fffe8, 0x00000000c2600000| 99%| O|  |TAMS 0x00000000c25fffe8, 0x00000000c2500000| Untracked 
|  38|0x00000000c2600000, 0x00000000c2612df0, 0x00000000c2700000|  7%| O|  |TAMS 0x00000000c2600000, 0x00000000c2600000| Untracked 
|  39|0x00000000c2700000, 0x00000000c2700000, 0x00000000c2800000|  0%| F|  |TAMS 0x00000000c2700000, 0x00000000c2700000| Untracked 
|  40|0x00000000c2800000, 0x00000000c2900000, 0x00000000c2900000|100%| O|  |TAMS 0x00000000c2900000, 0x00000000c2800000| Untracked 
|  41|0x00000000c2900000, 0x00000000c2900000, 0x00000000c2a00000|  0%| F|  |TAMS 0x00000000c2900000, 0x00000000c2900000| Untracked 
|  42|0x00000000c2a00000, 0x00000000c2a00000, 0x00000000c2b00000|  0%| F|  |TAMS 0x00000000c2a00000, 0x00000000c2a00000| Untracked 
|  43|0x00000000c2b00000, 0x00000000c2b00000, 0x00000000c2c00000|  0%| F|  |TAMS 0x00000000c2b00000, 0x00000000c2b00000| Untracked 
|  44|0x00000000c2c00000, 0x00000000c2c00000, 0x00000000c2d00000|  0%| F|  |TAMS 0x00000000c2c00000, 0x00000000c2c00000| Untracked 
|  45|0x00000000c2d00000, 0x00000000c2d00000, 0x00000000c2e00000|  0%| F|  |TAMS 0x00000000c2d00000, 0x00000000c2d00000| Untracked 
|  46|0x00000000c2e00000, 0x00000000c2e00000, 0x00000000c2f00000|  0%| F|  |TAMS 0x00000000c2e00000, 0x00000000c2e00000| Untracked 
|  47|0x00000000c2f00000, 0x00000000c2f00000, 0x00000000c3000000|  0%| F|  |TAMS 0x00000000c2f00000, 0x00000000c2f00000| Untracked 
|  48|0x00000000c3000000, 0x00000000c3000000, 0x00000000c3100000|  0%| F|  |TAMS 0x00000000c3000000, 0x00000000c3000000| Untracked 
|  49|0x00000000c3100000, 0x00000000c3100000, 0x00000000c3200000|  0%| F|  |TAMS 0x00000000c3100000, 0x00000000c3100000| Untracked 
|  50|0x00000000c3200000, 0x00000000c3200000, 0x00000000c3300000|  0%| F|  |TAMS 0x00000000c3200000, 0x00000000c3200000| Untracked 
|  51|0x00000000c3300000, 0x00000000c3300000, 0x00000000c3400000|  0%| F|  |TAMS 0x00000000c3300000, 0x00000000c3300000| Untracked 
|  52|0x00000000c3400000, 0x00000000c3500000, 0x00000000c3500000|100%| O|  |TAMS 0x00000000c3500000, 0x00000000c3400000| Untracked 
|  53|0x00000000c3500000, 0x00000000c3500000, 0x00000000c3600000|  0%| F|  |TAMS 0x00000000c3500000, 0x00000000c3500000| Untracked 
|  54|0x00000000c3600000, 0x00000000c3600000, 0x00000000c3700000|  0%| F|  |TAMS 0x00000000c3600000, 0x00000000c3600000| Untracked 
|  55|0x00000000c3700000, 0x00000000c3700000, 0x00000000c3800000|  0%| F|  |TAMS 0x00000000c3700000, 0x00000000c3700000| Untracked 
|  56|0x00000000c3800000, 0x00000000c3900000, 0x00000000c3900000|100%| O|  |TAMS 0x00000000c3900000, 0x00000000c3800000| Untracked 
|  57|0x00000000c3900000, 0x00000000c3900000, 0x00000000c3a00000|  0%| F|  |TAMS 0x00000000c3900000, 0x00000000c3900000| Untracked 
|  58|0x00000000c3a00000, 0x00000000c3a00000, 0x00000000c3b00000|  0%| F|  |TAMS 0x00000000c3a00000, 0x00000000c3a00000| Untracked 
|  59|0x00000000c3b00000, 0x00000000c3b00000, 0x00000000c3c00000|  0%| F|  |TAMS 0x00000000c3b00000, 0x00000000c3b00000| Untracked 
|  60|0x00000000c3c00000, 0x00000000c3c00000, 0x00000000c3d00000|  0%| F|  |TAMS 0x00000000c3c00000, 0x00000000c3c00000| Untracked 
|  61|0x00000000c3d00000, 0x00000000c3d00000, 0x00000000c3e00000|  0%| F|  |TAMS 0x00000000c3d00000, 0x00000000c3d00000| Untracked 
|  62|0x00000000c3e00000, 0x00000000c3e00000, 0x00000000c3f00000|  0%| F|  |TAMS 0x00000000c3e00000, 0x00000000c3e00000| Untracked 
|  63|0x00000000c3f00000, 0x00000000c3f00000, 0x00000000c4000000|  0%| F|  |TAMS 0x00000000c3f00000, 0x00000000c3f00000| Untracked 
|  64|0x00000000c4000000, 0x00000000c4000000, 0x00000000c4100000|  0%| F|  |TAMS 0x00000000c4000000, 0x00000000c4000000| Untracked 
|  65|0x00000000c4100000, 0x00000000c4100000, 0x00000000c4200000|  0%| F|  |TAMS 0x00000000c4100000, 0x00000000c4100000| Untracked 
|  66|0x00000000c4200000, 0x00000000c4200000, 0x00000000c4300000|  0%| F|  |TAMS 0x00000000c4200000, 0x00000000c4200000| Untracked 
|  67|0x00000000c4300000, 0x00000000c4300000, 0x00000000c4400000|  0%| F|  |TAMS 0x00000000c4300000, 0x00000000c4300000| Untracked 
|  68|0x00000000c4400000, 0x00000000c4400000, 0x00000000c4500000|  0%| F|  |TAMS 0x00000000c4400000, 0x00000000c4400000| Untracked 
|  69|0x00000000c4500000, 0x00000000c4500000, 0x00000000c4600000|  0%| F|  |TAMS 0x00000000c4500000, 0x00000000c4500000| Untracked 
|  70|0x00000000c4600000, 0x00000000c4600000, 0x00000000c4700000|  0%| F|  |TAMS 0x00000000c4600000, 0x00000000c4600000| Untracked 
|  71|0x00000000c4700000, 0x00000000c4700000, 0x00000000c4800000|  0%| F|  |TAMS 0x00000000c4700000, 0x00000000c4700000| Untracked 
|  72|0x00000000c4800000, 0x00000000c4800000, 0x00000000c4900000|  0%| F|  |TAMS 0x00000000c4800000, 0x00000000c4800000| Untracked 
|  73|0x00000000c4900000, 0x00000000c4900000, 0x00000000c4a00000|  0%| F|  |TAMS 0x00000000c4900000, 0x00000000c4900000| Untracked 
|  74|0x00000000c4a00000, 0x00000000c4a00000, 0x00000000c4b00000|  0%| F|  |TAMS 0x00000000c4a00000, 0x00000000c4a00000| Untracked 
|  75|0x00000000c4b00000, 0x00000000c4b00000, 0x00000000c4c00000|  0%| F|  |TAMS 0x00000000c4b00000, 0x00000000c4b00000| Untracked 
|  76|0x00000000c4c00000, 0x00000000c4c00000, 0x00000000c4d00000|  0%| F|  |TAMS 0x00000000c4c00000, 0x00000000c4c00000| Untracked 
|  77|0x00000000c4d00000, 0x00000000c4d00000, 0x00000000c4e00000|  0%| F|  |TAMS 0x00000000c4d00000, 0x00000000c4d00000| Untracked 
|  78|0x00000000c4e00000, 0x00000000c4e00000, 0x00000000c4f00000|  0%| F|  |TAMS 0x00000000c4e00000, 0x00000000c4e00000| Untracked 
|  79|0x00000000c4f00000, 0x00000000c4f00000, 0x00000000c5000000|  0%| F|  |TAMS 0x00000000c4f00000, 0x00000000c4f00000| Untracked 
|  80|0x00000000c5000000, 0x00000000c5000000, 0x00000000c5100000|  0%| F|  |TAMS 0x00000000c5000000, 0x00000000c5000000| Untracked 
|  81|0x00000000c5100000, 0x00000000c5100000, 0x00000000c5200000|  0%| F|  |TAMS 0x00000000c5100000, 0x00000000c5100000| Untracked 
|  82|0x00000000c5200000, 0x00000000c5200000, 0x00000000c5300000|  0%| F|  |TAMS 0x00000000c5200000, 0x00000000c5200000| Untracked 
|  83|0x00000000c5300000, 0x00000000c5300000, 0x00000000c5400000|  0%| F|  |TAMS 0x00000000c5300000, 0x00000000c5300000| Untracked 
|  84|0x00000000c5400000, 0x00000000c5400000, 0x00000000c5500000|  0%| F|  |TAMS 0x00000000c5400000, 0x00000000c5400000| Untracked 
|  85|0x00000000c5500000, 0x00000000c5500000, 0x00000000c5600000|  0%| F|  |TAMS 0x00000000c5500000, 0x00000000c5500000| Untracked 
|  86|0x00000000c5600000, 0x00000000c5600000, 0x00000000c5700000|  0%| F|  |TAMS 0x00000000c5600000, 0x00000000c5600000| Untracked 
|  87|0x00000000c5700000, 0x00000000c5700000, 0x00000000c5800000|  0%| F|  |TAMS 0x00000000c5700000, 0x00000000c5700000| Untracked 
|  88|0x00000000c5800000, 0x00000000c5800000, 0x00000000c5900000|  0%| F|  |TAMS 0x00000000c5800000, 0x00000000c5800000| Untracked 
|  89|0x00000000c5900000, 0x00000000c5900000, 0x00000000c5a00000|  0%| F|  |TAMS 0x00000000c5900000, 0x00000000c5900000| Untracked 
|  90|0x00000000c5a00000, 0x00000000c5a00000, 0x00000000c5b00000|  0%| F|  |TAMS 0x00000000c5a00000, 0x00000000c5a00000| Untracked 
|  91|0x00000000c5b00000, 0x00000000c5b00000, 0x00000000c5c00000|  0%| F|  |TAMS 0x00000000c5b00000, 0x00000000c5b00000| Untracked 
| 212|0x00000000cd400000, 0x00000000cd400000, 0x00000000cd500000|  0%| F|  |TAMS 0x00000000cd400000, 0x00000000cd400000| Untracked 
| 213|0x00000000cd500000, 0x00000000cd500000, 0x00000000cd600000|  0%| F|  |TAMS 0x00000000cd500000, 0x00000000cd500000| Untracked 
| 214|0x00000000cd600000, 0x00000000cd600000, 0x00000000cd700000|  0%| F|  |TAMS 0x00000000cd600000, 0x00000000cd600000| Untracked 
| 215|0x00000000cd700000, 0x00000000cd700000, 0x00000000cd800000|  0%| F|  |TAMS 0x00000000cd700000, 0x00000000cd700000| Untracked 
| 216|0x00000000cd800000, 0x00000000cd800000, 0x00000000cd900000|  0%| F|  |TAMS 0x00000000cd800000, 0x00000000cd800000| Untracked 
| 250|0x00000000cfa00000, 0x00000000cfa00000, 0x00000000cfb00000|  0%| F|  |TAMS 0x00000000cfa00000, 0x00000000cfa00000| Untracked 
| 251|0x00000000cfb00000, 0x00000000cfb14520, 0x00000000cfc00000|  7%| E|  |TAMS 0x00000000cfb00000, 0x00000000cfb00000| Complete 

Card table byte_map: [0x00000211ccaa0000,0x00000211ccca0000] _byte_map_base: 0x00000211cc4a0000

Marking Bits (Prev, Next): (CMBitMap*) 0x00000211c6b44080, (CMBitMap*) 0x00000211c6b440c0
 Prev Bits: [0x00000211ccea0000, 0x00000211cdea0000)
 Next Bits: [0x00000211cdea0000, 0x00000211ceea0000)

Polling page: 0x00000211c4a20000

Metaspace:

Usage:
  Non-class:     54.97 MB used.
      Class:      7.73 MB used.
       Both:     62.70 MB used.

Virtual space:
  Non-class space:       64.00 MB reserved,      55.31 MB ( 86%) committed,  1 nodes.
      Class space:        1.00 GB reserved,       8.00 MB ( <1%) committed,  1 nodes.
             Both:        1.06 GB reserved,      63.31 MB (  6%) committed. 

Chunk freelists:
   Non-Class:  8.00 MB
       Class:  8.07 MB
        Both:  16.07 MB

MaxMetaspaceSize: unlimited
CompressedClassSpaceSize: 1.00 GB
Initial GC threshold: 21.00 MB
Current GC threshold: 105.44 MB
CDS: off
MetaspaceReclaimPolicy: balanced
 - commit_granule_bytes: 65536.
 - commit_granule_words: 8192.
 - virtual_space_node_default_size: 8388608.
 - enlarge_chunks_in_place: 1.
 - new_chunks_are_fully_committed: 0.
 - uncommit_free_chunks: 1.
 - use_allocation_guard: 0.
 - handle_deallocations: 1.


Internal statistics:

num_allocs_failed_limit: 6.
num_arena_births: 1616.
num_arena_deaths: 998.
num_vsnodes_births: 2.
num_vsnodes_deaths: 0.
num_space_committed: 1017.
num_space_uncommitted: 5.
num_chunks_returned_to_freelist: 1356.
num_chunks_taken_from_freelist: 4094.
num_chunk_merges: 473.
num_chunk_splits: 2407.
num_chunks_enlarged: 1568.
num_inconsistent_stats: 0.

CodeCache: size=49152Kb used=21264Kb max_used=22955Kb free=27887Kb
 bounds [0x00000211c9790000, 0x00000211cae40000, 0x00000211cc790000]
 total_blobs=11773 nmethods=11076 adapters=622
 compilation: enabled
              stopped_count=0, restarted_count=0
 full_count=0

Compilation events (20 events):
Event: 3981.857 Thread 0x00000211d83c8060 nmethod 11235 0x00000211cabfc210 code [0x00000211cabfc3a0, 0x00000211cabfc488]
Event: 3981.857 Thread 0x00000211d836fbb0 nmethod 11233 0x00000211cabfbf10 code [0x00000211cabfc0a0, 0x00000211cabfc1b8]
Event: 3981.857 Thread 0x00000211d83c8060 11237       1       org.springframework.ide.vscode.boot.java.autowired.AutowiredHoverProvider$$Lambda$1355/0x00000001007d5248::apply (10 bytes)
Event: 3981.857 Thread 0x00000211d836fbb0 11238       1       org.springframework.ide.vscode.commons.jdtls.Wrappers$11::getFullyQualifiedName (8 bytes)
Event: 3981.857 Thread 0x00000211d19ad740 nmethod 11234 0x00000211cabfba90 code [0x00000211cabfbc40, 0x00000211cabfbe38]
Event: 3981.857 Thread 0x00000211d19ad740 11239   !   1       reactor.core.publisher.FluxFilterFuseable$FilterFuseableSubscriber::onNext (136 bytes)
Event: 3981.857 Thread 0x00000211d836fbb0 nmethod 11238 0x00000211cabfb790 code [0x00000211cabfb920, 0x00000211cabfb9f8]
Event: 3981.857 Thread 0x00000211d836fbb0 11240       1       org.springframework.ide.vscode.boot.java.autowired.AutowiredHoverProvider$$Lambda$1356/0x00000001007d5480::test (12 bytes)
Event: 3981.857 Thread 0x00000211d83c8060 nmethod 11237 0x00000211cabfb390 code [0x00000211cabfb520, 0x00000211cabfb678]
Event: 3981.857 Thread 0x00000211d83c8060 11241       1       org.springframework.ide.vscode.boot.java.autowired.AutowiredHoverProvider::lambda$isCompatibleBeanType$8 (6 bytes)
Event: 3981.857 Thread 0x00000211d836fbb0 nmethod 11240 0x00000211cabfb010 code [0x00000211cabfb1a0, 0x00000211cabfb2c8]
Event: 3981.857 Thread 0x00000211d83c8060 nmethod 11241 0x00000211cabfad10 code [0x00000211cabfaea0, 0x00000211cabfaf68]
Event: 3981.857 Thread 0x00000211d19ad740 nmethod 11239 0x00000211cabfa590 code [0x00000211cabfa7c0, 0x00000211cabfab88]
Event: 3981.857 Thread 0x00000211d83c8060 11242       1       com.google.common.collect.ImmutableList::of (9 bytes)
Event: 3981.857 Thread 0x00000211d19ad740 11243       1       com.google.common.collect.SingletonImmutableList::<init> (13 bytes)
Event: 3981.857 Thread 0x00000211d61a9520 nmethod 11236 0x00000211cabf9710 code [0x00000211cabf99c0, 0x00000211cabfa0a8]
Event: 3981.857 Thread 0x00000211d19ad740 nmethod 11243 0x00000211cabf9310 code [0x00000211cabf94a0, 0x00000211cabf9668]
Event: 3981.857 Thread 0x00000211d83c8060 nmethod 11242 0x00000211cabf8e90 code [0x00000211cabf9040, 0x00000211cabf9228]
Event: 3981.859 Thread 0x00000211d83c8060 11244       1       reactor.core.publisher.Flux::<init> (5 bytes)
Event: 3981.859 Thread 0x00000211d83c8060 nmethod 11244 0x00000211cabf8b90 code [0x00000211cabf8d20, 0x00000211cabf8dd8]

GC Heap History (20 events):
Event: 3903.684 GC heap after
{Heap after GC invocations=258 (full 205):
 garbage-first heap   total 101376K, used 39829K [0x00000000c0000000, 0x0000000100000000)
  region size 1024K, 0 young (0K), 0 survivors (0K)
 Metaspace       used 64150K, committed 64832K, reserved 1114112K
  class space    used 7906K, committed 8192K, reserved 1048576K
}
Event: 3913.795 GC heap before
{Heap before GC invocations=258 (full 205):
 garbage-first heap   total 101376K, used 39829K [0x00000000c0000000, 0x0000000100000000)
  region size 1024K, 1 young (1024K), 0 survivors (0K)
 Metaspace       used 64150K, committed 64832K, reserved 1114112K
  class space    used 7906K, committed 8192K, reserved 1048576K
}
Event: 3913.829 GC heap after
{Heap after GC invocations=259 (full 206):
 garbage-first heap   total 101376K, used 39829K [0x00000000c0000000, 0x0000000100000000)
  region size 1024K, 0 young (0K), 0 survivors (0K)
 Metaspace       used 64150K, committed 64832K, reserved 1114112K
  class space    used 7906K, committed 8192K, reserved 1048576K
}
Event: 3923.942 GC heap before
{Heap before GC invocations=259 (full 206):
 garbage-first heap   total 101376K, used 39829K [0x00000000c0000000, 0x0000000100000000)
  region size 1024K, 1 young (1024K), 0 survivors (0K)
 Metaspace       used 64150K, committed 64832K, reserved 1114112K
  class space    used 7906K, committed 8192K, reserved 1048576K
}
Event: 3923.976 GC heap after
{Heap after GC invocations=260 (full 207):
 garbage-first heap   total 101376K, used 39829K [0x00000000c0000000, 0x0000000100000000)
  region size 1024K, 0 young (0K), 0 survivors (0K)
 Metaspace       used 64150K, committed 64832K, reserved 1114112K
  class space    used 7906K, committed 8192K, reserved 1048576K
}
Event: 3934.078 GC heap before
{Heap before GC invocations=260 (full 207):
 garbage-first heap   total 101376K, used 39829K [0x00000000c0000000, 0x0000000100000000)
  region size 1024K, 1 young (1024K), 0 survivors (0K)
 Metaspace       used 64150K, committed 64832K, reserved 1114112K
  class space    used 7906K, committed 8192K, reserved 1048576K
}
Event: 3934.112 GC heap after
{Heap after GC invocations=261 (full 208):
 garbage-first heap   total 101376K, used 39829K [0x00000000c0000000, 0x0000000100000000)
  region size 1024K, 0 young (0K), 0 survivors (0K)
 Metaspace       used 64150K, committed 64832K, reserved 1114112K
  class space    used 7906K, committed 8192K, reserved 1048576K
}
Event: 3949.731 GC heap before
{Heap before GC invocations=261 (full 208):
 garbage-first heap   total 101376K, used 83861K [0x00000000c0000000, 0x0000000100000000)
  region size 1024K, 43 young (44032K), 0 survivors (0K)
 Metaspace       used 64150K, committed 64832K, reserved 1114112K
  class space    used 7906K, committed 8192K, reserved 1048576K
}
Event: 3949.733 GC heap after
{Heap after GC invocations=262 (full 208):
 garbage-first heap   total 101376K, used 42066K [0x00000000c0000000, 0x0000000100000000)
  region size 1024K, 3 young (3072K), 3 survivors (3072K)
 Metaspace       used 64150K, committed 64832K, reserved 1114112K
  class space    used 7906K, committed 8192K, reserved 1048576K
}
Event: 3981.696 GC heap before
{Heap before GC invocations=262 (full 208):
 garbage-first heap   total 101376K, used 82002K [0x00000000c0000000, 0x0000000100000000)
  region size 1024K, 43 young (44032K), 3 survivors (3072K)
 Metaspace       used 64261K, committed 64832K, reserved 1114112K
  class space    used 7924K, committed 8192K, reserved 1048576K
}
Event: 3981.701 GC heap after
{Heap after GC invocations=263 (full 208):
 garbage-first heap   total 101376K, used 44308K [0x00000000c0000000, 0x0000000100000000)
  region size 1024K, 5 young (5120K), 5 survivors (5120K)
 Metaspace       used 64261K, committed 64832K, reserved 1114112K
  class space    used 7924K, committed 8192K, reserved 1048576K
}
Event: 4014.265 GC heap before
{Heap before GC invocations=263 (full 208):
 garbage-first heap   total 101376K, used 54548K [0x00000000c0000000, 0x0000000100000000)
  region size 1024K, 16 young (16384K), 5 survivors (5120K)
 Metaspace       used 64271K, committed 64832K, reserved 1114112K
  class space    used 7926K, committed 8192K, reserved 1048576K
}
Event: 4014.298 GC heap after
{Heap after GC invocations=264 (full 209):
 garbage-first heap   total 101376K, used 42369K [0x00000000c0000000, 0x0000000100000000)
  region size 1024K, 0 young (0K), 0 survivors (0K)
 Metaspace       used 64271K, committed 64832K, reserved 1114112K
  class space    used 7926K, committed 8192K, reserved 1048576K
}
Event: 4024.404 GC heap before
{Heap before GC invocations=264 (full 209):
 garbage-first heap   total 101376K, used 42369K [0x00000000c0000000, 0x0000000100000000)
  region size 1024K, 1 young (1024K), 0 survivors (0K)
 Metaspace       used 64271K, committed 64832K, reserved 1114112K
  class space    used 7926K, committed 8192K, reserved 1048576K
}
Event: 4024.439 GC heap after
{Heap after GC invocations=265 (full 210):
 garbage-first heap   total 101376K, used 41888K [0x00000000c0000000, 0x0000000100000000)
  region size 1024K, 0 young (0K), 0 survivors (0K)
 Metaspace       used 64203K, committed 64832K, reserved 1114112K
  class space    used 7915K, committed 8192K, reserved 1048576K
}
Event: 4034.546 GC heap before
{Heap before GC invocations=265 (full 210):
 garbage-first heap   total 101376K, used 41888K [0x00000000c0000000, 0x0000000100000000)
  region size 1024K, 1 young (1024K), 0 survivors (0K)
 Metaspace       used 64203K, committed 64832K, reserved 1114112K
  class space    used 7915K, committed 8192K, reserved 1048576K
}
Event: 4034.580 GC heap after
{Heap after GC invocations=266 (full 211):
 garbage-first heap   total 101376K, used 41888K [0x00000000c0000000, 0x0000000100000000)
  region size 1024K, 0 young (0K), 0 survivors (0K)
 Metaspace       used 64203K, committed 64832K, reserved 1114112K
  class space    used 7915K, committed 8192K, reserved 1048576K
}
Event: 4044.693 GC heap before
{Heap before GC invocations=266 (full 211):
 garbage-first heap   total 101376K, used 41888K [0x00000000c0000000, 0x0000000100000000)
  region size 1024K, 1 young (1024K), 0 survivors (0K)
 Metaspace       used 64203K, committed 64832K, reserved 1114112K
  class space    used 7915K, committed 8192K, reserved 1048576K
}
Event: 4044.733 GC heap after
{Heap after GC invocations=267 (full 212):
 garbage-first heap   total 101376K, used 41884K [0x00000000c0000000, 0x0000000100000000)
  region size 1024K, 0 young (0K), 0 survivors (0K)
 Metaspace       used 64203K, committed 64832K, reserved 1114112K
  class space    used 7915K, committed 8192K, reserved 1048576K
}
Event: 4054.833 GC heap before
{Heap before GC invocations=267 (full 212):
 garbage-first heap   total 101376K, used 41884K [0x00000000c0000000, 0x0000000100000000)
  region size 1024K, 1 young (1024K), 0 survivors (0K)
 Metaspace       used 64203K, committed 64832K, reserved 1114112K
  class space    used 7915K, committed 8192K, reserved 1048576K
}

Dll operation events (11 events):
Event: 0.051 Loaded shared library c:\Users\user\.vscode\extensions\redhat.java-1.33.0-win32-x64\jre\17.0.11-win32-x86_64\bin\java.dll
Event: 0.319 Loaded shared library C:\Users\user\.vscode\extensions\redhat.java-1.33.0-win32-x64\jre\17.0.11-win32-x86_64\bin\net.dll
Event: 0.321 Loaded shared library C:\Users\user\.vscode\extensions\redhat.java-1.33.0-win32-x64\jre\17.0.11-win32-x86_64\bin\nio.dll
Event: 0.806 Loaded shared library C:\Users\user\.vscode\extensions\redhat.java-1.33.0-win32-x64\jre\17.0.11-win32-x86_64\bin\zip.dll
Event: 9.185 Loaded shared library C:\Users\user\.vscode\extensions\redhat.java-1.33.0-win32-x64\jre\17.0.11-win32-x86_64\bin\jimage.dll
Event: 10.587 Loaded shared library c:\Users\user\.vscode\extensions\redhat.java-1.33.0-win32-x64\jre\17.0.11-win32-x86_64\bin\verify.dll
Event: 16.854 Loaded shared library C:\Users\user\.vscode\extensions\redhat.java-1.33.0-win32-x64\jre\17.0.11-win32-x86_64\bin\management.dll
Event: 16.856 Loaded shared library C:\Users\user\.vscode\extensions\redhat.java-1.33.0-win32-x64\jre\17.0.11-win32-x86_64\bin\management_ext.dll
Event: 18.149 Loaded shared library C:\Users\user\.vscode\extensions\redhat.java-1.33.0-win32-x64\jre\17.0.11-win32-x86_64\bin\sunmscapi.dll
Event: 18.493 Loaded shared library C:\Users\user\.vscode\extensions\redhat.java-1.33.0-win32-x64\jre\17.0.11-win32-x86_64\bin\extnet.dll
Event: 187.783 Loaded shared library C:\Users\user\.vscode\extensions\redhat.java-1.33.0-win32-x64\jre\17.0.11-win32-x86_64\bin\rmi.dll

Deoptimization events (20 events):
Event: 18.485 Thread 0x00000211d669ad90 DEOPT PACKING pc=0x00000211ca186ddc sp=0x000000be932fda70
Event: 18.485 Thread 0x00000211d669ad90 DEOPT UNPACKING pc=0x00000211c97e7143 sp=0x000000be932fd168 mode 0
Event: 18.868 Thread 0x00000211d6698a20 DEOPT PACKING pc=0x00000211c9f16ea4 sp=0x000000be938ff1e0
Event: 18.868 Thread 0x00000211d6698a20 DEOPT UNPACKING pc=0x00000211c97e7143 sp=0x000000be938fe6c8 mode 0
Event: 18.868 Thread 0x00000211d669c1d0 DEOPT PACKING pc=0x00000211c9f16ea4 sp=0x000000be936ff120
Event: 18.868 Thread 0x00000211d669c1d0 DEOPT UNPACKING pc=0x00000211c97e7143 sp=0x000000be936fe608 mode 0
Event: 19.521 Thread 0x00000211d669ad90 DEOPT PACKING pc=0x00000211ca28b48c sp=0x000000be932fe640
Event: 19.521 Thread 0x00000211d669ad90 DEOPT UNPACKING pc=0x00000211c97e7143 sp=0x000000be932fdbc0 mode 0
Event: 19.521 Thread 0x00000211d669ad90 DEOPT PACKING pc=0x00000211ca28b48c sp=0x000000be932fe8a0
Event: 19.521 Thread 0x00000211d669ad90 DEOPT UNPACKING pc=0x00000211c97e7143 sp=0x000000be932fde20 mode 0
Event: 19.523 Thread 0x00000211d669ad90 DEOPT PACKING pc=0x00000211ca28b48c sp=0x000000be932fed20
Event: 19.523 Thread 0x00000211d669ad90 DEOPT UNPACKING pc=0x00000211c97e7143 sp=0x000000be932fe2a0 mode 0
Event: 90.049 Thread 0x00000211d73f4d50 DEOPT PACKING pc=0x00000211c9e3ad54 sp=0x000000be92bfecb0
Event: 90.049 Thread 0x00000211d73f4d50 DEOPT UNPACKING pc=0x00000211c97e7143 sp=0x000000be92bfe158 mode 0
Event: 857.461 Thread 0x00000211d75f4090 DEOPT PACKING pc=0x00000211ca4d1f34 sp=0x000000be92efe510
Event: 857.461 Thread 0x00000211d75f4090 DEOPT UNPACKING pc=0x00000211c97e7143 sp=0x000000be92efda60 mode 0
Event: 1341.360 Thread 0x00000211d75f1300 DEOPT PACKING pc=0x00000211c9ab6b4c sp=0x000000be942fdee0
Event: 1341.360 Thread 0x00000211d75f1300 DEOPT UNPACKING pc=0x00000211c97e7143 sp=0x000000be942fd3a0 mode 0
Event: 2708.370 Thread 0x00000211d887d890 DEOPT PACKING pc=0x00000211c9ec44a6 sp=0x000000be909fe1a0
Event: 2708.370 Thread 0x00000211d887d890 DEOPT UNPACKING pc=0x00000211c97e7143 sp=0x000000be909fd728 mode 0

Classes unloaded (20 events):
Event: 4024.416 Thread 0x00000211d192e110 Unloading class 0x00000001007eb800 'jdk/internal/reflect/GeneratedSerializationConstructorAccessor253'
Event: 4024.416 Thread 0x00000211d192e110 Unloading class 0x00000001007eb400 'jdk/internal/reflect/GeneratedSerializationConstructorAccessor252'
Event: 4024.416 Thread 0x00000211d192e110 Unloading class 0x00000001007eb000 'jdk/internal/reflect/GeneratedSerializationConstructorAccessor251'
Event: 4024.416 Thread 0x00000211d192e110 Unloading class 0x00000001007e3800 'jdk/internal/reflect/GeneratedSerializationConstructorAccessor247'
Event: 4024.416 Thread 0x00000211d192e110 Unloading class 0x00000001007e3400 'jdk/internal/reflect/GeneratedSerializationConstructorAccessor246'
Event: 4024.416 Thread 0x00000211d192e110 Unloading class 0x00000001007e3000 'jdk/internal/reflect/GeneratedSerializationConstructorAccessor245'
Event: 4024.416 Thread 0x00000211d192e110 Unloading class 0x00000001007f0c00 'jdk/internal/reflect/GeneratedSerializationConstructorAccessor244'
Event: 4024.416 Thread 0x00000211d192e110 Unloading class 0x00000001007f0800 'jdk/internal/reflect/GeneratedSerializationConstructorAccessor243'
Event: 4024.416 Thread 0x00000211d192e110 Unloading class 0x00000001007f0400 'jdk/internal/reflect/GeneratedSerializationConstructorAccessor242'
Event: 4024.416 Thread 0x00000211d192e110 Unloading class 0x00000001007f0000 'jdk/internal/reflect/GeneratedSerializationConstructorAccessor241'
Event: 4024.416 Thread 0x00000211d192e110 Unloading class 0x00000001007f1000 'jdk/internal/reflect/GeneratedSerializationConstructorAccessor239'
Event: 4024.416 Thread 0x00000211d192e110 Unloading class 0x000000010008e000 'jdk/internal/reflect/GeneratedSerializationConstructorAccessor237'
Event: 4024.416 Thread 0x00000211d192e110 Unloading class 0x00000001007e8400 'jdk/internal/reflect/GeneratedSerializationConstructorAccessor236'
Event: 4024.416 Thread 0x00000211d192e110 Unloading class 0x00000001007e8000 'jdk/internal/reflect/GeneratedSerializationConstructorAccessor235'
Event: 4024.416 Thread 0x00000211d192e110 Unloading class 0x00000001007bc000 'jdk/internal/reflect/GeneratedSerializationConstructorAccessor234'
Event: 4024.416 Thread 0x00000211d192e110 Unloading class 0x0000000100330400 'jdk/internal/reflect/GeneratedSerializationConstructorAccessor233'
Event: 4024.416 Thread 0x00000211d192e110 Unloading class 0x00000001007d4400 'jdk/internal/reflect/GeneratedSerializationConstructorAccessor231'
Event: 4024.416 Thread 0x00000211d192e110 Unloading class 0x00000001007c2c00 'jdk/internal/reflect/GeneratedSerializationConstructorAccessor228'
Event: 4024.416 Thread 0x00000211d192e110 Unloading class 0x00000001007c2400 'jdk/internal/reflect/GeneratedSerializationConstructorAccessor227'
Event: 4024.416 Thread 0x00000211d192e110 Unloading class 0x00000001003aa000 'jdk/internal/reflect/GeneratedSerializationConstructorAccessor226'

Classes redefined (0 events):
No events

Internal exceptions (20 events):
Event: 3039.023 Thread 0x00000211d8881040 Exception <a 'java/net/SocketException'{0x00000000cfb03850}: Socket is not connected: shutdown> (0x00000000cfb03850) 
thrown [s\src\hotspot\share\prims\jni.cpp, line 535]
Event: 3039.024 Thread 0x00000211d8881040 Exception <a 'java/net/ConnectException'{0x00000000cfb043e8}: Connection refused: connect> (0x00000000cfb043e8) 
thrown [s\src\hotspot\share\prims\jni.cpp, line 535]
Event: 3039.024 Thread 0x00000211d8881040 Exception <a 'java/net/SocketException'{0x00000000cfb04720}: Socket is not connected: shutdown> (0x00000000cfb04720) 
thrown [s\src\hotspot\share\prims\jni.cpp, line 535]
Event: 3040.023 Thread 0x00000211d8881040 Exception <a 'java/net/ConnectException'{0x00000000cfb052d8}: Connection refused: connect> (0x00000000cfb052d8) 
thrown [s\src\hotspot\share\prims\jni.cpp, line 535]
Event: 3040.023 Thread 0x00000211d8881040 Exception <a 'java/net/SocketException'{0x00000000cfb05610}: Socket is not connected: shutdown> (0x00000000cfb05610) 
thrown [s\src\hotspot\share\prims\jni.cpp, line 535]
Event: 3040.027 Thread 0x00000211d8881040 Exception <a 'java/net/ConnectException'{0x00000000cfb061b8}: Connection refused: connect> (0x00000000cfb061b8) 
thrown [s\src\hotspot\share\prims\jni.cpp, line 535]
Event: 3040.027 Thread 0x00000211d8881040 Exception <a 'java/net/SocketException'{0x00000000cfb064f0}: Socket is not connected: shutdown> (0x00000000cfb064f0) 
thrown [s\src\hotspot\share\prims\jni.cpp, line 535]
Event: 3040.027 Thread 0x00000211d8881040 Exception <a 'java/net/ConnectException'{0x00000000cfb07088}: Connection refused: connect> (0x00000000cfb07088) 
thrown [s\src\hotspot\share\prims\jni.cpp, line 535]
Event: 3040.027 Thread 0x00000211d8881040 Exception <a 'java/net/SocketException'{0x00000000cfb073c0}: Socket is not connected: shutdown> (0x00000000cfb073c0) 
thrown [s\src\hotspot\share\prims\jni.cpp, line 535]
Event: 3150.867 Thread 0x00000211d887f6f0 Exception <a 'java/net/ConnectException'{0x00000000cfb017a8}: Connection refused: connect> (0x00000000cfb017a8) 
thrown [s\src\hotspot\share\prims\jni.cpp, line 535]
Event: 3150.867 Thread 0x00000211d887f6f0 Exception <a 'java/net/SocketException'{0x00000000cfb01ae0}: Socket is not connected: shutdown> (0x00000000cfb01ae0) 
thrown [s\src\hotspot\share\prims\jni.cpp, line 535]
Event: 3226.867 Thread 0x00000211d887f6f0 Exception <a 'java/net/ConnectException'{0x00000000cfb01768}: Connection refused: connect> (0x00000000cfb01768) 
thrown [s\src\hotspot\share\prims\jni.cpp, line 535]
Event: 3226.868 Thread 0x00000211d887f6f0 Exception <a 'java/net/SocketException'{0x00000000cfb01aa0}: Socket is not connected: shutdown> (0x00000000cfb01aa0) 
thrown [s\src\hotspot\share\prims\jni.cpp, line 535]
Event: 3226.869 Thread 0x00000211d887f6f0 Exception <a 'java/net/ConnectException'{0x00000000cfb02660}: Connection refused: connect> (0x00000000cfb02660) 
thrown [s\src\hotspot\share\prims\jni.cpp, line 535]
Event: 3226.869 Thread 0x00000211d887f6f0 Exception <a 'java/net/SocketException'{0x00000000cfb02998}: Socket is not connected: shutdown> (0x00000000cfb02998) 
thrown [s\src\hotspot\share\prims\jni.cpp, line 535]
Event: 3972.257 Thread 0x00000211d75f4ab0 Exception <a 'java/lang/NoSuchMethodError'{0x00000000c45a50e0}: static [Ljava/rmi/server/ObjID;.<clinit>()V> (0x00000000c45a50e0) 
thrown [s\src\hotspot\share\prims\jni.cpp, line 1112]
Event: 3972.259 Thread 0x00000211d75f4ab0 Exception <a 'java/lang/NoSuchMethodError'{0x00000000c45c1b08}: static [B.<clinit>()V> (0x00000000c45c1b08) 
thrown [s\src\hotspot\share\prims\jni.cpp, line 1112]
Event: 3972.265 Thread 0x00000211d887f6f0 Exception <a 'java/lang/InterruptedException'{0x00000000c45c9b78}> (0x00000000c45c9b78) 
thrown [s\src\hotspot\share\runtime\objectMonitor.cpp, line 1658]
Event: 3972.317 Thread 0x00000211d75f3670 Exception <a 'java/lang/NoSuchMethodError'{0x00000000c442b518}: static [Ljava/lang/String;.<clinit>()V> (0x00000000c442b518) 
thrown [s\src\hotspot\share\prims\jni.cpp, line 1112]
Event: 3981.682 Thread 0x00000211d75f2230 Exception <a 'java/lang/NoSuchMethodError'{0x00000000c3cce5e0}: static [Ljava/lang/Object;.<clinit>()V> (0x00000000c3cce5e0) 
thrown [s\src\hotspot\share\prims\jni.cpp, line 1112]

VM Operations (20 events):
Event: 3948.213 Executing VM operation: Cleanup done
Event: 3949.731 Executing VM operation: G1CollectForAllocation
Event: 3949.733 Executing VM operation: G1CollectForAllocation done
Event: 3957.801 Executing VM operation: Cleanup
Event: 3957.801 Executing VM operation: Cleanup done
Event: 3967.823 Executing VM operation: HandshakeAllThreads
Event: 3967.823 Executing VM operation: HandshakeAllThreads done
Event: 3981.696 Executing VM operation: G1CollectForAllocation
Event: 3981.701 Executing VM operation: G1CollectForAllocation done
Event: 3982.702 Executing VM operation: Cleanup
Event: 3982.702 Executing VM operation: Cleanup done
Event: 4014.265 Executing VM operation: G1CollectFull
Event: 4014.298 Executing VM operation: G1CollectFull done
Event: 4024.403 Executing VM operation: G1CollectFull
Event: 4024.439 Executing VM operation: G1CollectFull done
Event: 4034.546 Executing VM operation: G1CollectFull
Event: 4034.581 Executing VM operation: G1CollectFull done
Event: 4044.693 Executing VM operation: G1CollectFull
Event: 4044.734 Executing VM operation: G1CollectFull done
Event: 4054.833 Executing VM operation: G1CollectFull

Events (20 events):
Event: 3829.685 Thread 0x00000211d887fc00 Thread exited: 0x00000211d887fc00
Event: 3942.250 Thread 0x00000211d887e7c0 Thread added: 0x00000211d887e7c0
Event: 3942.251 Thread 0x00000211d887c960 Thread added: 0x00000211d887c960
Event: 3945.065 Thread 0x00000211d88833b0 Thread added: 0x00000211d88833b0
Event: 3946.133 Thread 0x00000211d887d380 Thread added: 0x00000211d887d380
Event: 3948.510 Thread 0x00000211d8880b30 Thread added: 0x00000211d8880b30
Event: 3972.255 Thread 0x00000211d887f6f0 Thread added: 0x00000211d887f6f0
Event: 3972.255 Thread 0x00000211d8881f70 Thread added: 0x00000211d8881f70
Event: 3972.279 Thread 0x00000211d887fc00 Thread added: 0x00000211d887fc00
Event: 3981.535 Thread 0x00000211d61a9520 Thread added: 0x00000211d61a9520
Event: 3981.535 Thread 0x00000211d836fbb0 Thread added: 0x00000211d836fbb0
Event: 3981.535 Thread 0x00000211d83c8060 Thread added: 0x00000211d83c8060
Event: 3986.858 Thread 0x00000211d83c8060 Thread exited: 0x00000211d83c8060
Event: 3986.858 Thread 0x00000211d836fbb0 Thread exited: 0x00000211d836fbb0
Event: 3991.858 Thread 0x00000211d61a9520 Thread exited: 0x00000211d61a9520
Event: 4010.690 Thread 0x00000211d8880b30 Thread exited: 0x00000211d8880b30
Event: 4017.947 Thread 0x00000211d887e7c0 Thread exited: 0x00000211d887e7c0
Event: 4041.668 Thread 0x00000211d88833b0 Thread exited: 0x00000211d88833b0
Event: 4041.763 Thread 0x00000211d887c960 Thread exited: 0x00000211d887c960
Event: 4042.199 Thread 0x00000211d887d380 Thread exited: 0x00000211d887d380


Dynamic libraries:
0x00007ff69a980000 - 0x00007ff69a98e000 	c:\Users\user\.vscode\extensions\redhat.java-1.33.0-win32-x64\jre\17.0.11-win32-x86_64\bin\java.exe
0x00007ffad2170000 - 0x00007ffad2387000 	C:\Windows\SYSTEM32\ntdll.dll
0x00007ffad12e0000 - 0x00007ffad13a4000 	C:\Windows\System32\KERNEL32.DLL
0x00007ffacf670000 - 0x00007ffacfa17000 	C:\Windows\System32\KERNELBASE.dll
0x00007ffacf550000 - 0x00007ffacf661000 	C:\Windows\System32\ucrtbase.dll
0x00007ffaad080000 - 0x00007ffaad09b000 	c:\Users\user\.vscode\extensions\redhat.java-1.33.0-win32-x64\jre\17.0.11-win32-x86_64\bin\VCRUNTIME140.dll
0x00007ffac1390000 - 0x00007ffac13a7000 	c:\Users\user\.vscode\extensions\redhat.java-1.33.0-win32-x64\jre\17.0.11-win32-x86_64\bin\jli.dll
0x00007ffacfea0000 - 0x00007ffad004e000 	C:\Windows\System32\USER32.dll
0x00007ffacfe70000 - 0x00007ffacfe96000 	C:\Windows\System32\win32u.dll
0x00007ffad1680000 - 0x00007ffad16a9000 	C:\Windows\System32\GDI32.dll
0x00007ffacfb70000 - 0x00007ffacfc89000 	C:\Windows\System32\gdi32full.dll
0x00007ffacfad0000 - 0x00007ffacfb6a000 	C:\Windows\System32\msvcp_win.dll
0x00007ffab8ed0000 - 0x00007ffab9163000 	C:\Windows\WinSxS\amd64_microsoft.windows.common-controls_6595b64144ccf1df_6.0.22621.3527_none_270e469b73872a76\COMCTL32.dll
0x00007ffad0460000 - 0x00007ffad0507000 	C:\Windows\System32\msvcrt.dll
0x00007ffad0f20000 - 0x00007ffad0f51000 	C:\Windows\System32\IMM32.DLL
0x00007ffac6ee0000 - 0x00007ffac6eec000 	c:\Users\user\.vscode\extensions\redhat.java-1.33.0-win32-x64\jre\17.0.11-win32-x86_64\bin\vcruntime140_1.dll
0x00007ffa560c0000 - 0x00007ffa5614d000 	c:\Users\user\.vscode\extensions\redhat.java-1.33.0-win32-x64\jre\17.0.11-win32-x86_64\bin\msvcp140.dll
0x00007ffa55450000 - 0x00007ffa560b2000 	c:\Users\user\.vscode\extensions\redhat.java-1.33.0-win32-x64\jre\17.0.11-win32-x86_64\bin\server\jvm.dll
0x00007ffad16b0000 - 0x00007ffad1762000 	C:\Windows\System32\ADVAPI32.dll
0x00007ffad1060000 - 0x00007ffad1108000 	C:\Windows\System32\sechost.dll
0x00007ffacfa20000 - 0x00007ffacfa48000 	C:\Windows\System32\bcrypt.dll
0x00007ffad0e00000 - 0x00007ffad0f15000 	C:\Windows\System32\RPCRT4.dll
0x00007ffab82e0000 - 0x00007ffab82e9000 	C:\Windows\SYSTEM32\WSOCK32.dll
0x00007fface2d0000 - 0x00007fface31d000 	C:\Windows\SYSTEM32\POWRPROF.dll
0x00007ffac33b0000 - 0x00007ffac33e4000 	C:\Windows\SYSTEM32\WINMM.dll
0x00007ffad0510000 - 0x00007ffad0581000 	C:\Windows\System32\WS2_32.dll
0x00007ffac4be0000 - 0x00007ffac4bea000 	C:\Windows\SYSTEM32\VERSION.dll
0x00007fface2b0000 - 0x00007fface2c3000 	C:\Windows\SYSTEM32\UMPDC.dll
0x00007fface560000 - 0x00007fface578000 	C:\Windows\SYSTEM32\kernel.appcore.dll
0x00007ffac1280000 - 0x00007ffac128a000 	c:\Users\user\.vscode\extensions\redhat.java-1.33.0-win32-x64\jre\17.0.11-win32-x86_64\bin\jimage.dll
0x00007ffacccb0000 - 0x00007ffaccee2000 	C:\Windows\SYSTEM32\DBGHELP.DLL
0x00007ffad00d0000 - 0x00007ffad0458000 	C:\Windows\System32\combase.dll
0x00007ffad13b0000 - 0x00007ffad1487000 	C:\Windows\System32\OLEAUT32.dll
0x00007ffaae690000 - 0x00007ffaae6c2000 	C:\Windows\SYSTEM32\dbgcore.DLL
0x00007ffacfa50000 - 0x00007ffacfac9000 	C:\Windows\System32\bcryptPrimitives.dll
0x00007ffa55420000 - 0x00007ffa55445000 	c:\Users\user\.vscode\extensions\redhat.java-1.33.0-win32-x64\jre\17.0.11-win32-x86_64\bin\java.dll
0x00007ffa55400000 - 0x00007ffa55418000 	c:\Users\user\.vscode\extensions\redhat.java-1.33.0-win32-x64\jre\17.0.11-win32-x86_64\bin\zip.dll
0x00007ffad05a0000 - 0x00007ffad0dfc000 	C:\Windows\System32\SHELL32.dll
0x00007ffacd390000 - 0x00007ffacdc86000 	C:\Windows\SYSTEM32\windows.storage.dll
0x00007ffacd250000 - 0x00007ffacd38e000 	C:\Windows\SYSTEM32\wintypes.dll
0x00007ffad1bf0000 - 0x00007ffad1ce5000 	C:\Windows\System32\SHCORE.dll
0x00007ffad1d90000 - 0x00007ffad1dee000 	C:\Windows\System32\shlwapi.dll
0x00007ffacf3c0000 - 0x00007ffacf3e1000 	C:\Windows\SYSTEM32\profapi.dll
0x00007ffa55300000 - 0x00007ffa55319000 	C:\Users\user\.vscode\extensions\redhat.java-1.33.0-win32-x64\jre\17.0.11-win32-x86_64\bin\net.dll
0x00007ffac5970000 - 0x00007ffac5aa6000 	C:\Windows\SYSTEM32\WINHTTP.dll
0x00007fface9c0000 - 0x00007ffacea29000 	C:\Windows\system32\mswsock.dll
0x00007ffa552e0000 - 0x00007ffa552f6000 	C:\Users\user\.vscode\extensions\redhat.java-1.33.0-win32-x64\jre\17.0.11-win32-x86_64\bin\nio.dll
0x00007ffac5280000 - 0x00007ffac5290000 	c:\Users\user\.vscode\extensions\redhat.java-1.33.0-win32-x64\jre\17.0.11-win32-x86_64\bin\verify.dll
0x00007ffaced10000 - 0x00007ffaced2b000 	C:\Windows\SYSTEM32\CRYPTSP.dll
0x00007fface4c0000 - 0x00007fface4f5000 	C:\Windows\system32\rsaenh.dll
0x00007ffacea60000 - 0x00007ffacea88000 	C:\Windows\SYSTEM32\USERENV.dll
0x00007ffacecf0000 - 0x00007ffacecfc000 	C:\Windows\SYSTEM32\CRYPTBASE.dll
0x00007ffacdf60000 - 0x00007ffacdf8d000 	C:\Windows\SYSTEM32\IPHLPAPI.DLL
0x00007ffad1650000 - 0x00007ffad1659000 	C:\Windows\System32\NSI.dll
0x00007ffac57f0000 - 0x00007ffac5809000 	C:\Windows\SYSTEM32\dhcpcsvc6.DLL
0x00007ffac57d0000 - 0x00007ffac57ef000 	C:\Windows\SYSTEM32\dhcpcsvc.DLL
0x00007ffacdf90000 - 0x00007fface088000 	C:\Windows\SYSTEM32\DNSAPI.dll
0x00007ffab6b60000 - 0x00007ffab6b69000 	C:\Users\user\.vscode\extensions\redhat.java-1.33.0-win32-x64\jre\17.0.11-win32-x86_64\bin\management.dll
0x00007ffab01f0000 - 0x00007ffab01fb000 	C:\Users\user\.vscode\extensions\redhat.java-1.33.0-win32-x64\jre\17.0.11-win32-x86_64\bin\management_ext.dll
0x00007ffad2000000 - 0x00007ffad2008000 	C:\Windows\System32\PSAPI.DLL
0x00007ffab7b70000 - 0x00007ffab7b7e000 	C:\Users\user\.vscode\extensions\redhat.java-1.33.0-win32-x64\jre\17.0.11-win32-x86_64\bin\sunmscapi.dll
0x00007ffacfd00000 - 0x00007ffacfe68000 	C:\Windows\System32\CRYPT32.dll
0x00007ffacee10000 - 0x00007ffacee3e000 	C:\Windows\SYSTEM32\ncrypt.dll
0x00007ffacedd0000 - 0x00007ffacee07000 	C:\Windows\SYSTEM32\NTASN1.dll
0x00007ffac1310000 - 0x00007ffac131a000 	C:\Windows\System32\rasadhlp.dll
0x00007ffac2ff0000 - 0x00007ffac3073000 	C:\Windows\System32\fwpuclnt.dll
0x00007ffab6b70000 - 0x00007ffab6b79000 	C:\Users\user\.vscode\extensions\redhat.java-1.33.0-win32-x64\jre\17.0.11-win32-x86_64\bin\extnet.dll
0x00007ffaa8b90000 - 0x00007ffaa8ba7000 	C:\Windows\system32\napinsp.dll
0x00007ffa9be60000 - 0x00007ffa9be7b000 	C:\Windows\system32\pnrpnsp.dll
0x00007ffa9be40000 - 0x00007ffa9be51000 	C:\Windows\System32\winrnr.dll
0x00007ffac2430000 - 0x00007ffac2445000 	C:\Windows\system32\wshbth.dll
0x00007ffa9be10000 - 0x00007ffa9be37000 	C:\Windows\system32\nlansp_c.dll
0x00007ffaac930000 - 0x00007ffaac937000 	C:\Users\user\.vscode\extensions\redhat.java-1.33.0-win32-x64\jre\17.0.11-win32-x86_64\bin\rmi.dll

dbghelp: loaded successfully - version: 4.0.5 - missing functions: none
symbol engine: initialized successfully - sym options: 0x614 - pdb path: .;c:\Users\user\.vscode\extensions\redhat.java-1.33.0-win32-x64\jre\17.0.11-win32-x86_64\bin;C:\Windows\SYSTEM32;C:\Windows\WinSxS\amd64_microsoft.windows.common-controls_6595b64144ccf1df_6.0.22621.3527_none_270e469b73872a76;c:\Users\user\.vscode\extensions\redhat.java-1.33.0-win32-x64\jre\17.0.11-win32-x86_64\bin\server

VM Arguments:
jvm_args: -Xmx1024m -Dsts.lsp.client=vscode -Dsts.log.file=/dev/null -XX:TieredStopAtLevel=1 -Xlog:jni+resolve=off -Dspring.config.location=file:c:\Users\user\.vscode\extensions\vmware.vscode-spring-boot-1.56.0\language-server\BOOT-INF\classes\application.properties 
java_command: org.springframework.ide.vscode.boot.app.BootLanguageServerBootApp
java_class_path (initial): c:\Users\user\.vscode\extensions\vmware.vscode-spring-boot-1.56.0\language-server\BOOT-INF\classes;c:\Users\user\.vscode\extensions\vmware.vscode-spring-boot-1.56.0\language-server\BOOT-INF\lib\annotations-24.1.0.jar;c:\Users\user\.vscode\extensions\vmware.vscode-spring-boot-1.56.0\language-server\BOOT-INF\lib\antlr4-runtime-4.13.1.jar;c:\Users\user\.vscode\extensions\vmware.vscode-spring-boot-1.56.0\language-server\BOOT-INF\lib\asm-9.7.jar;c:\Users\user\.vscode\extensions\vmware.vscode-spring-boot-1.56.0\language-server\BOOT-INF\lib\asm-analysis-9.7.jar;c:\Users\user\.vscode\extensions\vmware.vscode-spring-boot-1.56.0\language-server\BOOT-INF\lib\asm-tree-9.7.jar;c:\Users\user\.vscode\extensions\vmware.vscode-spring-boot-1.56.0\language-server\BOOT-INF\lib\asm-util-9.7.jar;c:\Users\user\.vscode\extensions\vmware.vscode-spring-boot-1.56.0\language-server\BOOT-INF\lib\caffeine-3.1.8.jar;c:\Users\user\.vscode\extensions\vmware.vscode-spring-boot-1.56.0\language-server\BOOT-INF\lib\checker-qual-3.12.0.jar;c:\Users\user\.vscode\extensions\vmware.vscode-spring-boot-1.56.0\language-server\BOOT-INF\lib\classgraph-4.8.149.jar;c:\Users\user\.vscode\extensions\vmware.vscode-spring-boot-1.56.0\language-server\BOOT-INF\lib\commons-codec-1.16.1.jar;c:\Users\user\.vscode\extensions\vmware.vscode-spring-boot-1.56.0\language-server\BOOT-INF\lib\commons-compress-1.26.2.jar;c:\Users\user\.vscode\extensions\vmware.vscode-spring-boot-1.56.0\language-server\BOOT-INF\lib\commons-io-2.16.1.jar;c:\Users\user\.vscode\extensions\vmware.vscode-spring-boot-1.56.0\language-server\BOOT-INF\lib\commons-java-1.56.0-SNAPSHOT.jar;c:\Users\user\.vscode\extensions\vmware.vscode-spring-boot-1.56.0\language-server\BOOT-INF\lib\commons-lang3-3.14.0.jar;c:\Users\user\.vscode\extensions\vmware.vscode-spring-boot-1.56.0\language-server\BOOT-INF\lib\commons-language-server-1.56.0-SNAPSHOT.jar;c:\Users\user\.vscode\extensions\vmware.vscode-spring-boot-1.56.0\language-server\BOOT-I
Launcher Type: SUN_STANDARD

[Global flags]
     intx CICompilerCount                          = 4                                         {product} {ergonomic}
     uint ConcGCThreads                            = 2                                         {product} {ergonomic}
     uint G1ConcRefinementThreads                  = 8                                         {product} {ergonomic}
   size_t G1HeapRegionSize                         = 1048576                                   {product} {ergonomic}
    uintx GCDrainStackTargetSize                   = 64                                        {product} {ergonomic}
   size_t InitialHeapSize                          = 264241152                                 {product} {ergonomic}
   size_t MarkStackSize                            = 4194304                                   {product} {ergonomic}
   size_t MaxHeapSize                              = 1073741824                                {product} {command line}
   size_t MaxNewSize                               = 643825664                                 {product} {ergonomic}
   size_t MinHeapDeltaBytes                        = 1048576                                   {product} {ergonomic}
   size_t MinHeapSize                              = 8388608                                   {product} {ergonomic}
    uintx NonProfiledCodeHeapSize                  = 0                                      {pd product} {ergonomic}
     bool ProfileInterpreter                       = false                                  {pd product} {command line}
    uintx ProfiledCodeHeapSize                     = 0                                      {pd product} {ergonomic}
   size_t SoftMaxHeapSize                          = 1073741824                             {manageable} {ergonomic}
     intx TieredStopAtLevel                        = 1                                         {product} {command line}
     bool UseCompressedClassPointers               = true                           {product lp64_product} {ergonomic}
     bool UseCompressedOops                        = true                           {product lp64_product} {ergonomic}
     bool UseG1GC                                  = true                                      {product} {ergonomic}
     bool UseLargePagesIndividualAllocation        = false                                  {pd product} {ergonomic}

Logging:
Log output configuration:
 #0: stdout all=warning,jni+resolve=off uptime,level,tags
 #1: stderr all=off uptime,level,tags

Environment Variables:
PATH=C:\Program Files\Microsoft MPI\Bin\;C:\Program Files\Eclipse Adoptium\jdk-21.0.1.12-hotspot\bin;C:\Windows\system32;C:\Windows;C:\Windows\System32\Wbem;C:\Windows\System32\WindowsPowerShell\v1.0\;C:\Windows\System32\OpenSSH\;C:\Program Files (x86)\Microsoft SQL Server\160\Tools\Binn\;C:\Program Files\Microsoft SQL Server\160\Tools\Binn\;C:\Program Files\Microsoft SQL Server\Client SDK\ODBC\170\Tools\Binn\;C:\Program Files\Microsoft SQL Server\160\DTS\Binn\;C:\Program Files (x86)\Microsoft SQL Server\160\DTS\Binn\;C:\Program Files\Azure Data Studio\bin;C:\Program Files\Git\cmd;C:\xampp\php;C:\ProgramData\ComposerSetup\bin;C:\Program Files\nodejs\;C:\Program Files\Microsoft SQL Server\150\Tools\Binn\;C:\Program Files\dotnet\;C:\Program Files (x86)\Windows Kits\10\Windows Performance Toolkit\;C:\Program Files\MySQL\MySQL Shell 8.0\bin\;C:\Users\user\AppData\Local\Microsoft\WindowsApps;C:\Users\user\AppData\Local\GitHubDesktop\bin;C:\Program Files\Azure Data Studio\bin;C:\Users\user\AppData\Roaming\Composer\vendor\bin;C:\Users\user\AppData\Local\Programs\Microsoft VS Code\bin;C:\Users\user\AppData\Roaming\npm;C:\Users\user\.dotnet\tools
USERNAME=Shawnelle
OS=Windows_NT
PROCESSOR_IDENTIFIER=Intel64 Family 6 Model 142 Stepping 12, GenuineIntel
TMP=C:\Users\user\AppData\Local\Temp
TEMP=C:\Users\user\AppData\Local\Temp



Periodic native trim disabled


---------------  S Y S T E M  ---------------

OS:
 Windows 11 , 64 bit Build 22621 (10.0.22621.3527)
OS uptime: 0 days 1:09 hours
Hyper-V role detected

CPU: total 8 (initial active 8) (4 cores per cpu, 2 threads per core) family 6 model 142 stepping 12 microcode 0xf4, cx8, cmov, fxsr, ht, mmx, 3dnowpref, sse, sse2, sse3, ssse3, sse4.1, sse4.2, popcnt, lzcnt, tsc, tscinvbit, avx, avx2, aes, erms, clmul, bmi1, bmi2, adx, fma, vzeroupper, clflush, clflushopt, hv
Processor Information for all 8 processors :
  Max Mhz: 2208, Current Mhz: 1706, Mhz Limit: 1700

Memory: 4k page, system-wide physical 16050M (3566M free)
TotalPageFile size 21170M (AvailPageFile size 3883M)
current process WorkingSet (physical memory assigned to process): 229M, peak: 251M
current process commit charge ("private bytes"): 296M, peak: 363M

vm_info: OpenJDK 64-Bit Server VM (17.0.11+9) for windows-amd64 JRE (17.0.11+9), built on Apr 17 2024 06:07:48 by "admin" with MS VC++ 16.10 / 16.11 (VS2019)

END.
